[3.518s] DEBUG:colcon:Command line arguments: ['/usr/bin/colcon', 'build']
[3.518s] DEBUG:colcon:Parsed command line arguments: Namespace(ament_cmake_args=None, base_paths=['.'], build_base='build', catkin_cmake_args=None, catkin_skip_building_tests=False, cmake_args=None, cmake_clean_cache=False, cmake_clean_first=False, cmake_force_configure=False, cmake_target=None, cmake_target_skip_unavailable=False, continue_on_error=False, event_handlers=None, executor='parallel', ignore_user_meta=False, install_base='install', log_base=None, log_level=None, main=<bound method BuildVerb.main of <colcon_core.verb.build.BuildVerb object at 0x7f9c80ef10>>, merge_install=False, metas=['./colcon.meta'], mixin=None, mixin_files=None, mixin_verb=('build',), packages_above=None, packages_above_and_dependencies=None, packages_above_depth=None, packages_end=None, packages_ignore=None, packages_ignore_regex=None, packages_select=None, packages_select_build_failed=False, packages_select_by_dep=None, packages_select_regex=None, packages_select_test_failures=False, packages_skip=None, packages_skip_build_finished=False, packages_skip_by_dep=None, packages_skip_regex=None, packages_skip_test_passed=False, packages_skip_up_to=None, packages_start=None, packages_up_to=None, packages_up_to_regex=None, parallel_workers=4, paths=None, symlink_install=False, test_result_base=None, verb_extension=<colcon_core.verb.build.BuildVerb object at 0x7f9c80ef10>, verb_name='build', verb_parser=<colcon_mixin.mixin.mixin_argument.MixinArgumentDecorator object at 0x7f9c81b550>)
[3.788s] Level 1:colcon.colcon_core.package_discovery:discover_packages(colcon_meta) check parameters
[3.804s] INFO:colcon.colcon_metadata.package_discovery.colcon_meta:Using configuration from '/root/.colcon/metadata/default/Gazebo.meta'
[3.808s] INFO:colcon.colcon_metadata.package_discovery.colcon_meta:Using configuration from '/root/.colcon/metadata/default/fastrtps.meta'
[3.808s] Level 1:colcon.colcon_core.package_discovery:discover_packages(recursive) check parameters
[3.808s] Level 1:colcon.colcon_core.package_discovery:discover_packages(ignore) check parameters
[3.809s] Level 1:colcon.colcon_core.package_discovery:discover_packages(path) check parameters
[3.809s] Level 1:colcon.colcon_core.package_discovery:discover_packages(colcon_meta) discover
[3.809s] Level 1:colcon.colcon_core.package_discovery:discover_packages(recursive) discover
[3.809s] INFO:colcon.colcon_core.package_discovery:Crawling recursively for packages in '/root/codes/NST_proj_ws'
[3.810s] Level 1:colcon.colcon_core.package_identification:_identify(.) by extensions ['ignore', 'ignore_ament_install']
[3.810s] Level 1:colcon.colcon_core.package_identification:_identify(.) by extension 'ignore'
[3.810s] Level 1:colcon.colcon_core.package_identification:_identify(.) by extension 'ignore_ament_install'
[3.811s] Level 1:colcon.colcon_core.package_identification:_identify(.) by extensions ['colcon_pkg']
[3.811s] Level 1:colcon.colcon_core.package_identification:_identify(.) by extension 'colcon_pkg'
[3.811s] Level 1:colcon.colcon_core.package_identification:_identify(.) by extensions ['colcon_meta']
[3.811s] Level 1:colcon.colcon_core.package_identification:_identify(.) by extension 'colcon_meta'
[3.811s] Level 1:colcon.colcon_core.package_identification:_identify(.) by extensions ['ros']
[3.812s] Level 1:colcon.colcon_core.package_identification:_identify(.) by extension 'ros'
[3.934s] Level 1:colcon.colcon_core.package_identification:_identify(.) by extensions ['cmake', 'python']
[3.935s] Level 1:colcon.colcon_core.package_identification:_identify(.) by extension 'cmake'
[3.935s] Level 1:colcon.colcon_core.package_identification:_identify(.) by extension 'python'
[3.935s] Level 1:colcon.colcon_core.package_identification:_identify(.) by extensions ['python_setup_py']
[3.936s] Level 1:colcon.colcon_core.package_identification:_identify(.) by extension 'python_setup_py'
[3.936s] Level 1:colcon.colcon_core.package_identification:_identify(build) by extensions ['ignore', 'ignore_ament_install']
[3.937s] Level 1:colcon.colcon_core.package_identification:_identify(build) by extension 'ignore'
[3.937s] Level 1:colcon.colcon_core.package_identification:_identify(build) ignored
[3.938s] Level 1:colcon.colcon_core.package_identification:_identify(install) by extensions ['ignore', 'ignore_ament_install']
[3.938s] Level 1:colcon.colcon_core.package_identification:_identify(install) by extension 'ignore'
[3.939s] Level 1:colcon.colcon_core.package_identification:_identify(install) ignored
[3.939s] Level 1:colcon.colcon_core.package_identification:_identify(log) by extensions ['ignore', 'ignore_ament_install']
[3.940s] Level 1:colcon.colcon_core.package_identification:_identify(log) by extension 'ignore'
[3.940s] Level 1:colcon.colcon_core.package_identification:_identify(log) ignored
[3.940s] Level 1:colcon.colcon_core.package_identification:_identify(src) by extensions ['ignore', 'ignore_ament_install']
[3.941s] Level 1:colcon.colcon_core.package_identification:_identify(src) by extension 'ignore'
[3.941s] Level 1:colcon.colcon_core.package_identification:_identify(src) by extension 'ignore_ament_install'
[3.941s] Level 1:colcon.colcon_core.package_identification:_identify(src) by extensions ['colcon_pkg']
[3.942s] Level 1:colcon.colcon_core.package_identification:_identify(src) by extension 'colcon_pkg'
[3.942s] Level 1:colcon.colcon_core.package_identification:_identify(src) by extensions ['colcon_meta']
[3.942s] Level 1:colcon.colcon_core.package_identification:_identify(src) by extension 'colcon_meta'
[3.942s] Level 1:colcon.colcon_core.package_identification:_identify(src) by extensions ['ros']
[3.942s] Level 1:colcon.colcon_core.package_identification:_identify(src) by extension 'ros'
[3.943s] Level 1:colcon.colcon_core.package_identification:_identify(src) by extensions ['cmake', 'python']
[3.943s] Level 1:colcon.colcon_core.package_identification:_identify(src) by extension 'cmake'
[3.943s] Level 1:colcon.colcon_core.package_identification:_identify(src) by extension 'python'
[3.943s] Level 1:colcon.colcon_core.package_identification:_identify(src) by extensions ['python_setup_py']
[3.944s] Level 1:colcon.colcon_core.package_identification:_identify(src) by extension 'python_setup_py'
[3.944s] Level 1:colcon.colcon_core.package_identification:_identify(src/exit_detection) by extensions ['ignore', 'ignore_ament_install']
[3.944s] Level 1:colcon.colcon_core.package_identification:_identify(src/exit_detection) by extension 'ignore'
[3.945s] Level 1:colcon.colcon_core.package_identification:_identify(src/exit_detection) by extension 'ignore_ament_install'
[3.945s] Level 1:colcon.colcon_core.package_identification:_identify(src/exit_detection) by extensions ['colcon_pkg']
[3.945s] Level 1:colcon.colcon_core.package_identification:_identify(src/exit_detection) by extension 'colcon_pkg'
[3.945s] Level 1:colcon.colcon_core.package_identification:_identify(src/exit_detection) by extensions ['colcon_meta']
[3.945s] Level 1:colcon.colcon_core.package_identification:_identify(src/exit_detection) by extension 'colcon_meta'
[3.946s] Level 1:colcon.colcon_core.package_identification:_identify(src/exit_detection) by extensions ['ros']
[3.946s] Level 1:colcon.colcon_core.package_identification:_identify(src/exit_detection) by extension 'ros'
[3.972s] DEBUG:colcon.colcon_core.package_identification:Package 'src/exit_detection' with type 'ros.ament_python' and name 'exit_detection'
[3.973s] Level 1:colcon.colcon_core.package_identification:_identify(src/map_generation) by extensions ['ignore', 'ignore_ament_install']
[3.973s] Level 1:colcon.colcon_core.package_identification:_identify(src/map_generation) by extension 'ignore'
[3.974s] Level 1:colcon.colcon_core.package_identification:_identify(src/map_generation) by extension 'ignore_ament_install'
[3.974s] Level 1:colcon.colcon_core.package_identification:_identify(src/map_generation) by extensions ['colcon_pkg']
[3.974s] Level 1:colcon.colcon_core.package_identification:_identify(src/map_generation) by extension 'colcon_pkg'
[3.974s] Level 1:colcon.colcon_core.package_identification:_identify(src/map_generation) by extensions ['colcon_meta']
[3.975s] Level 1:colcon.colcon_core.package_identification:_identify(src/map_generation) by extension 'colcon_meta'
[3.975s] Level 1:colcon.colcon_core.package_identification:_identify(src/map_generation) by extensions ['ros']
[3.975s] Level 1:colcon.colcon_core.package_identification:_identify(src/map_generation) by extension 'ros'
[3.989s] DEBUG:colcon.colcon_core.package_identification:Package 'src/map_generation' with type 'ros.ament_python' and name 'map_generation'
[3.989s] Level 1:colcon.colcon_core.package_identification:_identify(src/path_generation) by extensions ['ignore', 'ignore_ament_install']
[3.990s] Level 1:colcon.colcon_core.package_identification:_identify(src/path_generation) by extension 'ignore'
[3.990s] Level 1:colcon.colcon_core.package_identification:_identify(src/path_generation) by extension 'ignore_ament_install'
[3.990s] Level 1:colcon.colcon_core.package_identification:_identify(src/path_generation) by extensions ['colcon_pkg']
[3.990s] Level 1:colcon.colcon_core.package_identification:_identify(src/path_generation) by extension 'colcon_pkg'
[3.991s] Level 1:colcon.colcon_core.package_identification:_identify(src/path_generation) by extensions ['colcon_meta']
[3.991s] Level 1:colcon.colcon_core.package_identification:_identify(src/path_generation) by extension 'colcon_meta'
[3.991s] Level 1:colcon.colcon_core.package_identification:_identify(src/path_generation) by extensions ['ros']
[3.991s] Level 1:colcon.colcon_core.package_identification:_identify(src/path_generation) by extension 'ros'
[4.006s] DEBUG:colcon.colcon_core.package_identification:Package 'src/path_generation' with type 'ros.ament_python' and name 'path_generation'
[4.007s] Level 1:colcon.colcon_core.package_identification:_identify(src/robotics_utils) by extensions ['ignore', 'ignore_ament_install']
[4.007s] Level 1:colcon.colcon_core.package_identification:_identify(src/robotics_utils) by extension 'ignore'
[4.008s] Level 1:colcon.colcon_core.package_identification:_identify(src/robotics_utils) by extension 'ignore_ament_install'
[4.008s] Level 1:colcon.colcon_core.package_identification:_identify(src/robotics_utils) by extensions ['colcon_pkg']
[4.008s] Level 1:colcon.colcon_core.package_identification:_identify(src/robotics_utils) by extension 'colcon_pkg'
[4.008s] Level 1:colcon.colcon_core.package_identification:_identify(src/robotics_utils) by extensions ['colcon_meta']
[4.008s] Level 1:colcon.colcon_core.package_identification:_identify(src/robotics_utils) by extension 'colcon_meta'
[4.009s] Level 1:colcon.colcon_core.package_identification:_identify(src/robotics_utils) by extensions ['ros']
[4.009s] Level 1:colcon.colcon_core.package_identification:_identify(src/robotics_utils) by extension 'ros'
[4.020s] DEBUG:colcon.colcon_core.package_identification:Package 'src/robotics_utils' with type 'ros.ament_python' and name 'robotics_utils'
[4.020s] Level 1:colcon.colcon_core.package_discovery:discover_packages(recursive) using defaults
[4.020s] Level 1:colcon.colcon_core.package_discovery:discover_packages(ignore) discover
[4.020s] Level 1:colcon.colcon_core.package_discovery:discover_packages(ignore) using defaults
[4.020s] Level 1:colcon.colcon_core.package_discovery:discover_packages(path) discover
[4.021s] Level 1:colcon.colcon_core.package_discovery:discover_packages(path) using defaults
[4.220s] Level 5:colcon.colcon_core.verb:set package 'map_generation' build argument 'cmake_args' from command line to 'None'
[4.220s] Level 5:colcon.colcon_core.verb:set package 'map_generation' build argument 'cmake_target' from command line to 'None'
[4.220s] Level 5:colcon.colcon_core.verb:set package 'map_generation' build argument 'cmake_target_skip_unavailable' from command line to 'False'
[4.220s] Level 5:colcon.colcon_core.verb:set package 'map_generation' build argument 'cmake_clean_cache' from command line to 'False'
[4.220s] Level 5:colcon.colcon_core.verb:set package 'map_generation' build argument 'cmake_clean_first' from command line to 'False'
[4.220s] Level 5:colcon.colcon_core.verb:set package 'map_generation' build argument 'cmake_force_configure' from command line to 'False'
[4.221s] Level 5:colcon.colcon_core.verb:set package 'map_generation' build argument 'ament_cmake_args' from command line to 'None'
[4.221s] Level 5:colcon.colcon_core.verb:set package 'map_generation' build argument 'catkin_cmake_args' from command line to 'None'
[4.221s] Level 5:colcon.colcon_core.verb:set package 'map_generation' build argument 'catkin_skip_building_tests' from command line to 'False'
[4.221s] DEBUG:colcon.colcon_core.verb:Building package 'map_generation' with the following arguments: {'ament_cmake_args': None, 'build_base': '/root/codes/NST_proj_ws/build/map_generation', 'catkin_cmake_args': None, 'catkin_skip_building_tests': False, 'cmake_args': None, 'cmake_clean_cache': False, 'cmake_clean_first': False, 'cmake_force_configure': False, 'cmake_target': None, 'cmake_target_skip_unavailable': False, 'install_base': '/root/codes/NST_proj_ws/install/map_generation', 'merge_install': False, 'path': '/root/codes/NST_proj_ws/src/map_generation', 'symlink_install': False, 'test_result_base': None}
[4.227s] Level 5:colcon.colcon_core.verb:set package 'path_generation' build argument 'cmake_args' from command line to 'None'
[4.227s] Level 5:colcon.colcon_core.verb:set package 'path_generation' build argument 'cmake_target' from command line to 'None'
[4.227s] Level 5:colcon.colcon_core.verb:set package 'path_generation' build argument 'cmake_target_skip_unavailable' from command line to 'False'
[4.227s] Level 5:colcon.colcon_core.verb:set package 'path_generation' build argument 'cmake_clean_cache' from command line to 'False'
[4.227s] Level 5:colcon.colcon_core.verb:set package 'path_generation' build argument 'cmake_clean_first' from command line to 'False'
[4.228s] Level 5:colcon.colcon_core.verb:set package 'path_generation' build argument 'cmake_force_configure' from command line to 'False'
[4.228s] Level 5:colcon.colcon_core.verb:set package 'path_generation' build argument 'ament_cmake_args' from command line to 'None'
[4.228s] Level 5:colcon.colcon_core.verb:set package 'path_generation' build argument 'catkin_cmake_args' from command line to 'None'
[4.228s] Level 5:colcon.colcon_core.verb:set package 'path_generation' build argument 'catkin_skip_building_tests' from command line to 'False'
[4.228s] DEBUG:colcon.colcon_core.verb:Building package 'path_generation' with the following arguments: {'ament_cmake_args': None, 'build_base': '/root/codes/NST_proj_ws/build/path_generation', 'catkin_cmake_args': None, 'catkin_skip_building_tests': False, 'cmake_args': None, 'cmake_clean_cache': False, 'cmake_clean_first': False, 'cmake_force_configure': False, 'cmake_target': None, 'cmake_target_skip_unavailable': False, 'install_base': '/root/codes/NST_proj_ws/install/path_generation', 'merge_install': False, 'path': '/root/codes/NST_proj_ws/src/path_generation', 'symlink_install': False, 'test_result_base': None}
[4.234s] Level 5:colcon.colcon_core.verb:set package 'robotics_utils' build argument 'cmake_args' from command line to 'None'
[4.234s] Level 5:colcon.colcon_core.verb:set package 'robotics_utils' build argument 'cmake_target' from command line to 'None'
[4.234s] Level 5:colcon.colcon_core.verb:set package 'robotics_utils' build argument 'cmake_target_skip_unavailable' from command line to 'False'
[4.234s] Level 5:colcon.colcon_core.verb:set package 'robotics_utils' build argument 'cmake_clean_cache' from command line to 'False'
[4.234s] Level 5:colcon.colcon_core.verb:set package 'robotics_utils' build argument 'cmake_clean_first' from command line to 'False'
[4.234s] Level 5:colcon.colcon_core.verb:set package 'robotics_utils' build argument 'cmake_force_configure' from command line to 'False'
[4.234s] Level 5:colcon.colcon_core.verb:set package 'robotics_utils' build argument 'ament_cmake_args' from command line to 'None'
[4.235s] Level 5:colcon.colcon_core.verb:set package 'robotics_utils' build argument 'catkin_cmake_args' from command line to 'None'
[4.235s] Level 5:colcon.colcon_core.verb:set package 'robotics_utils' build argument 'catkin_skip_building_tests' from command line to 'False'
[4.235s] DEBUG:colcon.colcon_core.verb:Building package 'robotics_utils' with the following arguments: {'ament_cmake_args': None, 'build_base': '/root/codes/NST_proj_ws/build/robotics_utils', 'catkin_cmake_args': None, 'catkin_skip_building_tests': False, 'cmake_args': None, 'cmake_clean_cache': False, 'cmake_clean_first': False, 'cmake_force_configure': False, 'cmake_target': None, 'cmake_target_skip_unavailable': False, 'install_base': '/root/codes/NST_proj_ws/install/robotics_utils', 'merge_install': False, 'path': '/root/codes/NST_proj_ws/src/robotics_utils', 'symlink_install': False, 'test_result_base': None}
[4.240s] Level 5:colcon.colcon_core.verb:set package 'exit_detection' build argument 'cmake_args' from command line to 'None'
[4.241s] Level 5:colcon.colcon_core.verb:set package 'exit_detection' build argument 'cmake_target' from command line to 'None'
[4.241s] Level 5:colcon.colcon_core.verb:set package 'exit_detection' build argument 'cmake_target_skip_unavailable' from command line to 'False'
[4.241s] Level 5:colcon.colcon_core.verb:set package 'exit_detection' build argument 'cmake_clean_cache' from command line to 'False'
[4.241s] Level 5:colcon.colcon_core.verb:set package 'exit_detection' build argument 'cmake_clean_first' from command line to 'False'
[4.241s] Level 5:colcon.colcon_core.verb:set package 'exit_detection' build argument 'cmake_force_configure' from command line to 'False'
[4.241s] Level 5:colcon.colcon_core.verb:set package 'exit_detection' build argument 'ament_cmake_args' from command line to 'None'
[4.241s] Level 5:colcon.colcon_core.verb:set package 'exit_detection' build argument 'catkin_cmake_args' from command line to 'None'
[4.241s] Level 5:colcon.colcon_core.verb:set package 'exit_detection' build argument 'catkin_skip_building_tests' from command line to 'False'
[4.242s] DEBUG:colcon.colcon_core.verb:Building package 'exit_detection' with the following arguments: {'ament_cmake_args': None, 'build_base': '/root/codes/NST_proj_ws/build/exit_detection', 'catkin_cmake_args': None, 'catkin_skip_building_tests': False, 'cmake_args': None, 'cmake_clean_cache': False, 'cmake_clean_first': False, 'cmake_force_configure': False, 'cmake_target': None, 'cmake_target_skip_unavailable': False, 'install_base': '/root/codes/NST_proj_ws/install/exit_detection', 'merge_install': False, 'path': '/root/codes/NST_proj_ws/src/exit_detection', 'symlink_install': False, 'test_result_base': None}
[4.245s] INFO:colcon.colcon_core.executor:Executing jobs using 'parallel' executor
[4.265s] DEBUG:colcon.colcon_parallel_executor.executor.parallel:run_until_complete
[4.266s] INFO:colcon.colcon_ros.task.ament_python.build:Building ROS package in '/root/codes/NST_proj_ws/src/robotics_utils' with build type 'ament_python'
[4.266s] Level 1:colcon.colcon_core.shell:create_environment_hook('robotics_utils', 'ament_prefix_path')
[4.326s] INFO:colcon.colcon_core.plugin_system:Skipping extension 'colcon_core.shell.bat': Not used on non-Windows systems
[4.327s] INFO:colcon.colcon_core.shell:Creating environment hook '/root/codes/NST_proj_ws/install/robotics_utils/share/robotics_utils/hook/ament_prefix_path.ps1'
[4.331s] INFO:colcon.colcon_core.shell:Creating environment descriptor '/root/codes/NST_proj_ws/install/robotics_utils/share/robotics_utils/hook/ament_prefix_path.dsv'
[4.333s] INFO:colcon.colcon_core.shell:Creating environment hook '/root/codes/NST_proj_ws/install/robotics_utils/share/robotics_utils/hook/ament_prefix_path.sh'
[4.344s] INFO:colcon.colcon_core.shell:Skip shell extension 'powershell' for command environment: Not usable outside of PowerShell
[4.344s] DEBUG:colcon.colcon_core.shell:Skip shell extension 'dsv' for command environment
[4.470s] INFO:colcon.colcon_ros.task.ament_python.build:Building ROS package in '/root/codes/NST_proj_ws/src/map_generation' with build type 'ament_python'
[4.471s] Level 1:colcon.colcon_core.shell:create_environment_hook('map_generation', 'ament_prefix_path')
[4.481s] INFO:colcon.colcon_core.shell:Creating environment hook '/root/codes/NST_proj_ws/install/map_generation/share/map_generation/hook/ament_prefix_path.ps1'
[4.484s] INFO:colcon.colcon_core.shell:Creating environment descriptor '/root/codes/NST_proj_ws/install/map_generation/share/map_generation/hook/ament_prefix_path.dsv'
[4.485s] INFO:colcon.colcon_core.shell:Creating environment hook '/root/codes/NST_proj_ws/install/map_generation/share/map_generation/hook/ament_prefix_path.sh'
[4.495s] INFO:colcon.colcon_core.shell:Skip shell extension 'powershell' for command environment: Not usable outside of PowerShell
[4.495s] DEBUG:colcon.colcon_core.shell:Skip shell extension 'dsv' for command environment
[4.559s] INFO:colcon.colcon_ros.task.ament_python.build:Building ROS package in '/root/codes/NST_proj_ws/src/path_generation' with build type 'ament_python'
[4.561s] Level 1:colcon.colcon_core.shell:create_environment_hook('path_generation', 'ament_prefix_path')
[4.572s] INFO:colcon.colcon_core.shell:Creating environment hook '/root/codes/NST_proj_ws/install/path_generation/share/path_generation/hook/ament_prefix_path.ps1'
[4.574s] INFO:colcon.colcon_core.shell:Creating environment descriptor '/root/codes/NST_proj_ws/install/path_generation/share/path_generation/hook/ament_prefix_path.dsv'
[4.575s] INFO:colcon.colcon_core.shell:Creating environment hook '/root/codes/NST_proj_ws/install/path_generation/share/path_generation/hook/ament_prefix_path.sh'
[4.584s] INFO:colcon.colcon_core.shell:Skip shell extension 'powershell' for command environment: Not usable outside of PowerShell
[4.584s] DEBUG:colcon.colcon_core.shell:Skip shell extension 'dsv' for command environment
[6.026s] INFO:colcon.colcon_core.task.python.build:Building Python package in '/root/codes/NST_proj_ws/src/robotics_utils'
[6.035s] INFO:colcon.colcon_core.shell:Skip shell extension 'powershell' for command environment: Not usable outside of PowerShell
[6.036s] DEBUG:colcon.colcon_core.shell:Skip shell extension 'dsv' for command environment
[7.430s] INFO:colcon.colcon_core.task.python.build:Building Python package in '/root/codes/NST_proj_ws/src/map_generation'
[7.440s] INFO:colcon.colcon_core.shell:Skip shell extension 'powershell' for command environment: Not usable outside of PowerShell
[7.440s] DEBUG:colcon.colcon_core.shell:Skip shell extension 'dsv' for command environment
[8.837s] INFO:colcon.colcon_core.task.python.build:Building Python package in '/root/codes/NST_proj_ws/src/path_generation'
[8.846s] INFO:colcon.colcon_core.shell:Skip shell extension 'powershell' for command environment: Not usable outside of PowerShell
[8.847s] DEBUG:colcon.colcon_core.shell:Skip shell extension 'dsv' for command environment
[12.684s] DEBUG:colcon.colcon_core.event_handler.log_command:Invoking command in '/root/codes/NST_proj_ws/src/path_generation': PYTHONPATH=/root/codes/NST_proj_ws/build/path_generation/prefix_override:/root/codes/NST_proj_ws/install/path_generation/lib/python3.8/site-packages:${PYTHONPATH} /usr/bin/python3 setup.py egg_info --egg-base ../../build/path_generation build --build-base /root/codes/NST_proj_ws/build/path_generation/build install --record /root/codes/NST_proj_ws/build/path_generation/install.log --install-scripts $base/lib/path_generation --single-version-externally-managed
[12.799s] DEBUG:colcon.colcon_core.event_handler.log_command:Invoking command in '/root/codes/NST_proj_ws/src/map_generation': PYTHONPATH=/root/codes/NST_proj_ws/build/map_generation/prefix_override:/root/codes/NST_proj_ws/install/map_generation/lib/python3.8/site-packages:${PYTHONPATH} /usr/bin/python3 setup.py egg_info --egg-base ../../build/map_generation build --build-base /root/codes/NST_proj_ws/build/map_generation/build install --record /root/codes/NST_proj_ws/build/map_generation/install.log --single-version-externally-managed
[12.829s] DEBUG:colcon.colcon_core.event_handler.log_command:Invoking command in '/root/codes/NST_proj_ws/src/robotics_utils': PYTHONPATH=/root/codes/NST_proj_ws/build/robotics_utils/prefix_override:/root/codes/NST_proj_ws/install/robotics_utils/lib/python3.8/site-packages:${PYTHONPATH} /usr/bin/python3 setup.py egg_info --egg-base ../../build/robotics_utils build --build-base /root/codes/NST_proj_ws/build/robotics_utils/build install --record /root/codes/NST_proj_ws/build/robotics_utils/install.log --install-scripts $base/lib/robitics_utils --single-version-externally-managed
[15.742s] DEBUG:colcon.colcon_core.event_handler.log_command:Invoked command in '/root/codes/NST_proj_ws/src/robotics_utils' returned '0': PYTHONPATH=/root/codes/NST_proj_ws/build/robotics_utils/prefix_override:/root/codes/NST_proj_ws/install/robotics_utils/lib/python3.8/site-packages:${PYTHONPATH} /usr/bin/python3 setup.py egg_info --egg-base ../../build/robotics_utils build --build-base /root/codes/NST_proj_ws/build/robotics_utils/build install --record /root/codes/NST_proj_ws/build/robotics_utils/install.log --install-scripts $base/lib/robitics_utils --single-version-externally-managed
[15.831s] Level 1:colcon.colcon_core.environment:checking '/root/codes/NST_proj_ws/install/robotics_utils' for CMake module files
[15.834s] Level 1:colcon.colcon_core.environment:checking '/root/codes/NST_proj_ws/install/robotics_utils' for CMake config files
[15.838s] Level 1:colcon.colcon_core.environment:checking '/root/codes/NST_proj_ws/install/robotics_utils/lib'
[15.839s] Level 1:colcon.colcon_core.environment:checking '/root/codes/NST_proj_ws/install/robotics_utils/bin'
[15.848s] Level 1:colcon.colcon_core.environment:checking '/root/codes/NST_proj_ws/install/robotics_utils/lib/pkgconfig/robotics_utils.pc'
[15.849s] Level 1:colcon.colcon_core.environment:checking '/root/codes/NST_proj_ws/install/robotics_utils/lib/python3.8/site-packages'
[15.850s] Level 1:colcon.colcon_core.shell:create_environment_hook('robotics_utils', 'pythonpath')
[15.865s] INFO:colcon.colcon_core.shell:Creating environment hook '/root/codes/NST_proj_ws/install/robotics_utils/share/robotics_utils/hook/pythonpath.ps1'
[15.867s] INFO:colcon.colcon_core.shell:Creating environment descriptor '/root/codes/NST_proj_ws/install/robotics_utils/share/robotics_utils/hook/pythonpath.dsv'
[15.869s] INFO:colcon.colcon_core.shell:Creating environment hook '/root/codes/NST_proj_ws/install/robotics_utils/share/robotics_utils/hook/pythonpath.sh'
[15.872s] Level 1:colcon.colcon_core.environment:checking '/root/codes/NST_proj_ws/install/robotics_utils/bin'
[15.872s] Level 1:colcon.colcon_core.environment:create_environment_scripts_only(robotics_utils)
[15.883s] INFO:colcon.colcon_core.shell:Creating package script '/root/codes/NST_proj_ws/install/robotics_utils/share/robotics_utils/package.ps1'
[15.894s] INFO:colcon.colcon_core.shell:Creating package descriptor '/root/codes/NST_proj_ws/install/robotics_utils/share/robotics_utils/package.dsv'
[15.907s] INFO:colcon.colcon_core.shell:Creating package script '/root/codes/NST_proj_ws/install/robotics_utils/share/robotics_utils/package.sh'
[15.916s] INFO:colcon.colcon_core.shell:Creating package script '/root/codes/NST_proj_ws/install/robotics_utils/share/robotics_utils/package.bash'
[15.922s] INFO:colcon.colcon_core.shell:Creating package script '/root/codes/NST_proj_ws/install/robotics_utils/share/robotics_utils/package.zsh'
[15.927s] Level 1:colcon.colcon_core.environment:create_file_with_runtime_dependencies(/root/codes/NST_proj_ws/install/robotics_utils/share/colcon-core/packages/robotics_utils)
[15.938s] INFO:colcon.colcon_ros.task.ament_python.build:Building ROS package in '/root/codes/NST_proj_ws/src/exit_detection' with build type 'ament_python'
[15.940s] Level 1:colcon.colcon_core.shell:create_environment_hook('exit_detection', 'ament_prefix_path')
[15.950s] INFO:colcon.colcon_core.shell:Creating environment hook '/root/codes/NST_proj_ws/install/exit_detection/share/exit_detection/hook/ament_prefix_path.ps1'
[15.951s] INFO:colcon.colcon_core.shell:Creating environment descriptor '/root/codes/NST_proj_ws/install/exit_detection/share/exit_detection/hook/ament_prefix_path.dsv'
[15.953s] INFO:colcon.colcon_core.shell:Creating environment hook '/root/codes/NST_proj_ws/install/exit_detection/share/exit_detection/hook/ament_prefix_path.sh'
[15.963s] INFO:colcon.colcon_core.shell:Skip shell extension 'powershell' for command environment: Not usable outside of PowerShell
[15.963s] DEBUG:colcon.colcon_core.shell:Skip shell extension 'dsv' for command environment
[16.050s] DEBUG:colcon.colcon_core.event_handler.log_command:Invoked command in '/root/codes/NST_proj_ws/src/path_generation' returned '0': PYTHONPATH=/root/codes/NST_proj_ws/build/path_generation/prefix_override:/root/codes/NST_proj_ws/install/path_generation/lib/python3.8/site-packages:${PYTHONPATH} /usr/bin/python3 setup.py egg_info --egg-base ../../build/path_generation build --build-base /root/codes/NST_proj_ws/build/path_generation/build install --record /root/codes/NST_proj_ws/build/path_generation/install.log --install-scripts $base/lib/path_generation --single-version-externally-managed
[16.059s] Level 1:colcon.colcon_core.environment:checking '/root/codes/NST_proj_ws/install/path_generation' for CMake module files
[16.062s] Level 1:colcon.colcon_core.environment:checking '/root/codes/NST_proj_ws/install/path_generation' for CMake config files
[16.069s] Level 1:colcon.colcon_core.environment:checking '/root/codes/NST_proj_ws/install/path_generation/lib'
[16.069s] Level 1:colcon.colcon_core.environment:checking '/root/codes/NST_proj_ws/install/path_generation/bin'
[16.070s] Level 1:colcon.colcon_core.shell:create_environment_hook('path_generation', 'path')
[16.080s] INFO:colcon.colcon_core.shell:Creating environment hook '/root/codes/NST_proj_ws/install/path_generation/share/path_generation/hook/path.ps1'
[16.082s] INFO:colcon.colcon_core.shell:Creating environment descriptor '/root/codes/NST_proj_ws/install/path_generation/share/path_generation/hook/path.dsv'
[16.084s] INFO:colcon.colcon_core.shell:Creating environment hook '/root/codes/NST_proj_ws/install/path_generation/share/path_generation/hook/path.sh'
[16.086s] Level 1:colcon.colcon_core.environment:checking '/root/codes/NST_proj_ws/install/path_generation/lib/pkgconfig/path_generation.pc'
[16.087s] Level 1:colcon.colcon_core.environment:checking '/root/codes/NST_proj_ws/install/path_generation/lib/python3.8/site-packages'
[16.087s] Level 1:colcon.colcon_core.shell:create_environment_hook('path_generation', 'pythonpath')
[16.097s] INFO:colcon.colcon_core.shell:Creating environment hook '/root/codes/NST_proj_ws/install/path_generation/share/path_generation/hook/pythonpath.ps1'
[16.099s] INFO:colcon.colcon_core.shell:Creating environment descriptor '/root/codes/NST_proj_ws/install/path_generation/share/path_generation/hook/pythonpath.dsv'
[16.101s] INFO:colcon.colcon_core.shell:Creating environment hook '/root/codes/NST_proj_ws/install/path_generation/share/path_generation/hook/pythonpath.sh'
[16.103s] Level 1:colcon.colcon_core.environment:checking '/root/codes/NST_proj_ws/install/path_generation/bin'
[16.104s] Level 1:colcon.colcon_core.shell:create_environment_hook('path_generation', 'pythonscriptspath')
[16.115s] INFO:colcon.colcon_core.shell:Creating environment hook '/root/codes/NST_proj_ws/install/path_generation/share/path_generation/hook/pythonscriptspath.ps1'
[16.117s] INFO:colcon.colcon_core.shell:Creating environment descriptor '/root/codes/NST_proj_ws/install/path_generation/share/path_generation/hook/pythonscriptspath.dsv'
[16.121s] INFO:colcon.colcon_core.shell:Creating environment hook '/root/codes/NST_proj_ws/install/path_generation/share/path_generation/hook/pythonscriptspath.sh'
[16.123s] Level 1:colcon.colcon_core.environment:create_environment_scripts_only(path_generation)
[16.133s] INFO:colcon.colcon_core.shell:Creating package script '/root/codes/NST_proj_ws/install/path_generation/share/path_generation/package.ps1'
[16.136s] INFO:colcon.colcon_core.shell:Creating package descriptor '/root/codes/NST_proj_ws/install/path_generation/share/path_generation/package.dsv'
[16.138s] INFO:colcon.colcon_core.shell:Creating package script '/root/codes/NST_proj_ws/install/path_generation/share/path_generation/package.sh'
[16.140s] INFO:colcon.colcon_core.shell:Creating package script '/root/codes/NST_proj_ws/install/path_generation/share/path_generation/package.bash'
[16.142s] INFO:colcon.colcon_core.shell:Creating package script '/root/codes/NST_proj_ws/install/path_generation/share/path_generation/package.zsh'
[16.144s] Level 1:colcon.colcon_core.environment:create_file_with_runtime_dependencies(/root/codes/NST_proj_ws/install/path_generation/share/colcon-core/packages/path_generation)
[16.156s] DEBUG:colcon.colcon_core.event_handler.log_command:Invoked command in '/root/codes/NST_proj_ws/src/map_generation' returned '0': PYTHONPATH=/root/codes/NST_proj_ws/build/map_generation/prefix_override:/root/codes/NST_proj_ws/install/map_generation/lib/python3.8/site-packages:${PYTHONPATH} /usr/bin/python3 setup.py egg_info --egg-base ../../build/map_generation build --build-base /root/codes/NST_proj_ws/build/map_generation/build install --record /root/codes/NST_proj_ws/build/map_generation/install.log --single-version-externally-managed
[16.165s] Level 1:colcon.colcon_core.environment:checking '/root/codes/NST_proj_ws/install/map_generation' for CMake module files
[16.168s] Level 1:colcon.colcon_core.environment:checking '/root/codes/NST_proj_ws/install/map_generation' for CMake config files
[16.174s] Level 1:colcon.colcon_core.environment:checking '/root/codes/NST_proj_ws/install/map_generation/lib'
[16.175s] Level 1:colcon.colcon_core.environment:checking '/root/codes/NST_proj_ws/install/map_generation/bin'
[16.175s] Level 1:colcon.colcon_core.environment:checking '/root/codes/NST_proj_ws/install/map_generation/lib/pkgconfig/map_generation.pc'
[16.176s] Level 1:colcon.colcon_core.environment:checking '/root/codes/NST_proj_ws/install/map_generation/lib/python3.8/site-packages'
[16.176s] Level 1:colcon.colcon_core.shell:create_environment_hook('map_generation', 'pythonpath')
[16.185s] INFO:colcon.colcon_core.shell:Creating environment hook '/root/codes/NST_proj_ws/install/map_generation/share/map_generation/hook/pythonpath.ps1'
[16.187s] INFO:colcon.colcon_core.shell:Creating environment descriptor '/root/codes/NST_proj_ws/install/map_generation/share/map_generation/hook/pythonpath.dsv'
[16.188s] INFO:colcon.colcon_core.shell:Creating environment hook '/root/codes/NST_proj_ws/install/map_generation/share/map_generation/hook/pythonpath.sh'
[16.190s] Level 1:colcon.colcon_core.environment:checking '/root/codes/NST_proj_ws/install/map_generation/bin'
[16.190s] Level 1:colcon.colcon_core.environment:create_environment_scripts_only(map_generation)
[16.200s] INFO:colcon.colcon_core.shell:Creating package script '/root/codes/NST_proj_ws/install/map_generation/share/map_generation/package.ps1'
[16.202s] INFO:colcon.colcon_core.shell:Creating package descriptor '/root/codes/NST_proj_ws/install/map_generation/share/map_generation/package.dsv'
[16.204s] INFO:colcon.colcon_core.shell:Creating package script '/root/codes/NST_proj_ws/install/map_generation/share/map_generation/package.sh'
[16.206s] INFO:colcon.colcon_core.shell:Creating package script '/root/codes/NST_proj_ws/install/map_generation/share/map_generation/package.bash'
[16.207s] INFO:colcon.colcon_core.shell:Creating package script '/root/codes/NST_proj_ws/install/map_generation/share/map_generation/package.zsh'
[16.210s] Level 1:colcon.colcon_core.environment:create_file_with_runtime_dependencies(/root/codes/NST_proj_ws/install/map_generation/share/colcon-core/packages/map_generation)
[17.692s] INFO:colcon.colcon_core.task.python.build:Building Python package in '/root/codes/NST_proj_ws/src/exit_detection'
[17.701s] INFO:colcon.colcon_core.shell:Skip shell extension 'powershell' for command environment: Not usable outside of PowerShell
[17.702s] DEBUG:colcon.colcon_core.shell:Skip shell extension 'dsv' for command environment
[20.055s] DEBUG:colcon.colcon_core.event_handler.log_command:Invoking command in '/root/codes/NST_proj_ws/src/exit_detection': AMENT_PREFIX_PATH=/root/codes/NST_proj_ws/install/robotics_utils:/root/codes/NST_proj_ws/install/exit_detection:/root/codes/NST_proj_ws/install/path_generation:/root/codes/NST_proj_ws/install/map_generation:/root/yahboomcar_ros2_ws/yahboomcar_ws/install/yahboomcar_voice_ctrl:/root/yahboomcar_ros2_ws/yahboomcar_ws/install/yahboomcar_visual:/root/yahboomcar_ros2_ws/yahboomcar_ws/install/yahboomcar_slam:/root/yahboomcar_ros2_ws/yahboomcar_ws/install/yahboomcar_point:/root/yahboomcar_ros2_ws/yahboomcar_ws/install/yahboomcar_nav:/root/yahboomcar_ros2_ws/yahboomcar_ws/install/yahboomcar_multi:/root/yahboomcar_ros2_ws/yahboomcar_ws/install/yahboomcar_msgs:/root/yahboomcar_ros2_ws/yahboomcar_ws/install/yahboomcar_mediapipe:/root/yahboomcar_ros2_ws/yahboomcar_ws/install/yahboomcar_linefollow:/root/yahboomcar_ros2_ws/yahboomcar_ws/install/yahboomcar_laser:/root/yahboomcar_ros2_ws/yahboomcar_ws/install/yahboomcar_description_x1:/root/yahboomcar_ros2_ws/yahboomcar_ws/install/yahboomcar_description:/root/yahboomcar_ros2_ws/yahboomcar_ws/install/yahboomcar_ctrl:/root/yahboomcar_ros2_ws/yahboomcar_ws/install/yahboomcar_bringup:/root/yahboomcar_ros2_ws/yahboomcar_ws/install/yahboomcar_base_node:/root/yahboomcar_ros2_ws/yahboomcar_ws/install/yahboomcar_astra:/root/yahboomcar_ros2_ws/yahboomcar_ws/install/yahboomcar_KCFTracker:/root/yahboomcar_ros2_ws/yahboomcar_ws/install/yahboom_web_savmap_interfaces:/root/yahboomcar_ros2_ws/yahboomcar_ws/install/yahboom_app_save_map:/root/yahboomcar_ros2_ws/yahboomcar_ws/install/robot_pose_publisher_ros2:/root/yahboomcar_ros2_ws/yahboomcar_ws/install/robot_pose_publisher:/root/yahboomcar_ros2_ws/yahboomcar_ws/install/laserscan_to_point_pulisher:/root/yahboomcar_ros2_ws/software/library_ws/install/ydlidar_ros2_driver:/root/yahboomcar_ros2_ws/software/library_ws/install/web_video_server:/root/yahboomcar_ros2_ws/software/library_ws/install/teb_local_planner:/root/yahboomcar_ros2_ws/software/library_ws/install/teb_msgs:/root/yahboomcar_ros2_ws/software/library_ws/install/sllidar_ros2:/root/yahboomcar_ros2_ws/software/library_ws/install/slam_gmapping:/root/yahboomcar_ros2_ws/software/library_ws/install/ros2_orbslam:/root/yahboomcar_ros2_ws/software/library_ws/install/robot_localization:/root/yahboomcar_ros2_ws/software/library_ws/install/openslam_gmapping:/root/yahboomcar_ros2_ws/software/library_ws/install/octomap_mapping:/root/yahboomcar_ros2_ws/software/library_ws/install/octomap_server:/root/yahboomcar_ros2_ws/software/library_ws/install/costmap_converter:/root/yahboomcar_ros2_ws/software/library_ws/install/costmap_converter_msgs:/root/yahboomcar_ros2_ws/software/library_ws/install/astra_camera:/root/yahboomcar_ros2_ws/software/library_ws/install/astra_camera_msgs:/opt/ros/foxy PYTHONPATH=/root/codes/NST_proj_ws/build/exit_detection/prefix_override:/root/codes/NST_proj_ws/install/exit_detection/lib/python3.8/site-packages:/root/codes/NST_proj_ws/install/robotics_utils/lib/python3.8/site-packages:/root/codes/NST_proj_ws/install/exit_detection/lib/python3.8/site-packages:/root/codes/NST_proj_ws/install/path_generation/lib/python3.8/site-packages:/root/codes/NST_proj_ws/install/map_generation/lib/python3.8/site-packages:/root/yahboomcar_ros2_ws/yahboomcar_ws/install/yahboomcar_voice_ctrl/lib/python3.8/site-packages:/root/yahboomcar_ros2_ws/yahboomcar_ws/install/yahboomcar_visual/lib/python3.8/site-packages:/root/yahboomcar_ros2_ws/yahboomcar_ws/install/yahboomcar_nav/lib/python3.8/site-packages:/root/yahboomcar_ros2_ws/yahboomcar_ws/install/yahboomcar_multi/lib/python3.8/site-packages:/root/yahboomcar_ros2_ws/yahboomcar_ws/install/yahboomcar_msgs/lib/python3.8/site-packages:/root/yahboomcar_ros2_ws/yahboomcar_ws/install/yahboomcar_mediapipe/lib/python3.8/site-packages:/root/yahboomcar_ros2_ws/yahboomcar_ws/install/yahboomcar_linefollow/lib/python3.8/site-packages:/root/yahboomcar_ros2_ws/yahboomcar_ws/install/yahboomcar_laser/lib/python3.8/site-packages:/root/yahboomcar_ros2_ws/yahboomcar_ws/install/yahboomcar_description_x1/lib/python3.8/site-packages:/root/yahboomcar_ros2_ws/yahboomcar_ws/install/yahboomcar_description/lib/python3.8/site-packages:/root/yahboomcar_ros2_ws/yahboomcar_ws/install/yahboomcar_ctrl/lib/python3.8/site-packages:/root/yahboomcar_ros2_ws/yahboomcar_ws/install/yahboomcar_bringup/lib/python3.8/site-packages:/root/yahboomcar_ros2_ws/yahboomcar_ws/install/yahboomcar_astra/lib/python3.8/site-packages:/root/yahboomcar_ros2_ws/yahboomcar_ws/install/yahboom_web_savmap_interfaces/lib/python3.8/site-packages:/root/yahboomcar_ros2_ws/yahboomcar_ws/install/yahboom_app_save_map/lib/python3.8/site-packages:/root/yahboomcar_ros2_ws/yahboomcar_ws/install/robot_pose_publisher/lib/python3.8/site-packages:/root/yahboomcar_ros2_ws/yahboomcar_ws/install/laserscan_to_point_pulisher/lib/python3.8/site-packages:/root/yahboomcar_ros2_ws/software/library_ws/install/teb_msgs/lib/python3.8/site-packages:/root/yahboomcar_ros2_ws/software/library_ws/install/robot_localization/lib/python3.8/site-packages:/root/yahboomcar_ros2_ws/software/library_ws/install/costmap_converter_msgs/lib/python3.8/site-packages:/root/yahboomcar_ros2_ws/software/library_ws/install/astra_camera_msgs/lib/python3.8/site-packages:/opt/ros/foxy/lib/python3.8/site-packages /usr/bin/python3 setup.py egg_info --egg-base ../../build/exit_detection build --build-base /root/codes/NST_proj_ws/build/exit_detection/build install --record /root/codes/NST_proj_ws/build/exit_detection/install.log --install-scripts $base/lib/exit_detection --single-version-externally-managed
[21.821s] Level 1:colcon.colcon_core.environment:checking '/root/codes/NST_proj_ws/install/exit_detection' for CMake module files
[21.822s] DEBUG:colcon.colcon_core.event_handler.log_command:Invoked command in '/root/codes/NST_proj_ws/src/exit_detection' returned '0': AMENT_PREFIX_PATH=/root/codes/NST_proj_ws/install/robotics_utils:/root/codes/NST_proj_ws/install/exit_detection:/root/codes/NST_proj_ws/install/path_generation:/root/codes/NST_proj_ws/install/map_generation:/root/yahboomcar_ros2_ws/yahboomcar_ws/install/yahboomcar_voice_ctrl:/root/yahboomcar_ros2_ws/yahboomcar_ws/install/yahboomcar_visual:/root/yahboomcar_ros2_ws/yahboomcar_ws/install/yahboomcar_slam:/root/yahboomcar_ros2_ws/yahboomcar_ws/install/yahboomcar_point:/root/yahboomcar_ros2_ws/yahboomcar_ws/install/yahboomcar_nav:/root/yahboomcar_ros2_ws/yahboomcar_ws/install/yahboomcar_multi:/root/yahboomcar_ros2_ws/yahboomcar_ws/install/yahboomcar_msgs:/root/yahboomcar_ros2_ws/yahboomcar_ws/install/yahboomcar_mediapipe:/root/yahboomcar_ros2_ws/yahboomcar_ws/install/yahboomcar_linefollow:/root/yahboomcar_ros2_ws/yahboomcar_ws/install/yahboomcar_laser:/root/yahboomcar_ros2_ws/yahboomcar_ws/install/yahboomcar_description_x1:/root/yahboomcar_ros2_ws/yahboomcar_ws/install/yahboomcar_description:/root/yahboomcar_ros2_ws/yahboomcar_ws/install/yahboomcar_ctrl:/root/yahboomcar_ros2_ws/yahboomcar_ws/install/yahboomcar_bringup:/root/yahboomcar_ros2_ws/yahboomcar_ws/install/yahboomcar_base_node:/root/yahboomcar_ros2_ws/yahboomcar_ws/install/yahboomcar_astra:/root/yahboomcar_ros2_ws/yahboomcar_ws/install/yahboomcar_KCFTracker:/root/yahboomcar_ros2_ws/yahboomcar_ws/install/yahboom_web_savmap_interfaces:/root/yahboomcar_ros2_ws/yahboomcar_ws/install/yahboom_app_save_map:/root/yahboomcar_ros2_ws/yahboomcar_ws/install/robot_pose_publisher_ros2:/root/yahboomcar_ros2_ws/yahboomcar_ws/install/robot_pose_publisher:/root/yahboomcar_ros2_ws/yahboomcar_ws/install/laserscan_to_point_pulisher:/root/yahboomcar_ros2_ws/software/library_ws/install/ydlidar_ros2_driver:/root/yahboomcar_ros2_ws/software/library_ws/install/web_video_server:/root/yahboomcar_ros2_ws/software/library_ws/install/teb_local_planner:/root/yahboomcar_ros2_ws/software/library_ws/install/teb_msgs:/root/yahboomcar_ros2_ws/software/library_ws/install/sllidar_ros2:/root/yahboomcar_ros2_ws/software/library_ws/install/slam_gmapping:/root/yahboomcar_ros2_ws/software/library_ws/install/ros2_orbslam:/root/yahboomcar_ros2_ws/software/library_ws/install/robot_localization:/root/yahboomcar_ros2_ws/software/library_ws/install/openslam_gmapping:/root/yahboomcar_ros2_ws/software/library_ws/install/octomap_mapping:/root/yahboomcar_ros2_ws/software/library_ws/install/octomap_server:/root/yahboomcar_ros2_ws/software/library_ws/install/costmap_converter:/root/yahboomcar_ros2_ws/software/library_ws/install/costmap_converter_msgs:/root/yahboomcar_ros2_ws/software/library_ws/install/astra_camera:/root/yahboomcar_ros2_ws/software/library_ws/install/astra_camera_msgs:/opt/ros/foxy PYTHONPATH=/root/codes/NST_proj_ws/build/exit_detection/prefix_override:/root/codes/NST_proj_ws/install/exit_detection/lib/python3.8/site-packages:/root/codes/NST_proj_ws/install/robotics_utils/lib/python3.8/site-packages:/root/codes/NST_proj_ws/install/exit_detection/lib/python3.8/site-packages:/root/codes/NST_proj_ws/install/path_generation/lib/python3.8/site-packages:/root/codes/NST_proj_ws/install/map_generation/lib/python3.8/site-packages:/root/yahboomcar_ros2_ws/yahboomcar_ws/install/yahboomcar_voice_ctrl/lib/python3.8/site-packages:/root/yahboomcar_ros2_ws/yahboomcar_ws/install/yahboomcar_visual/lib/python3.8/site-packages:/root/yahboomcar_ros2_ws/yahboomcar_ws/install/yahboomcar_nav/lib/python3.8/site-packages:/root/yahboomcar_ros2_ws/yahboomcar_ws/install/yahboomcar_multi/lib/python3.8/site-packages:/root/yahboomcar_ros2_ws/yahboomcar_ws/install/yahboomcar_msgs/lib/python3.8/site-packages:/root/yahboomcar_ros2_ws/yahboomcar_ws/install/yahboomcar_mediapipe/lib/python3.8/site-packages:/root/yahboomcar_ros2_ws/yahboomcar_ws/install/yahboomcar_linefollow/lib/python3.8/site-packages:/root/yahboomcar_ros2_ws/yahboomcar_ws/install/yahboomcar_laser/lib/python3.8/site-packages:/root/yahboomcar_ros2_ws/yahboomcar_ws/install/yahboomcar_description_x1/lib/python3.8/site-packages:/root/yahboomcar_ros2_ws/yahboomcar_ws/install/yahboomcar_description/lib/python3.8/site-packages:/root/yahboomcar_ros2_ws/yahboomcar_ws/install/yahboomcar_ctrl/lib/python3.8/site-packages:/root/yahboomcar_ros2_ws/yahboomcar_ws/install/yahboomcar_bringup/lib/python3.8/site-packages:/root/yahboomcar_ros2_ws/yahboomcar_ws/install/yahboomcar_astra/lib/python3.8/site-packages:/root/yahboomcar_ros2_ws/yahboomcar_ws/install/yahboom_web_savmap_interfaces/lib/python3.8/site-packages:/root/yahboomcar_ros2_ws/yahboomcar_ws/install/yahboom_app_save_map/lib/python3.8/site-packages:/root/yahboomcar_ros2_ws/yahboomcar_ws/install/robot_pose_publisher/lib/python3.8/site-packages:/root/yahboomcar_ros2_ws/yahboomcar_ws/install/laserscan_to_point_pulisher/lib/python3.8/site-packages:/root/yahboomcar_ros2_ws/software/library_ws/install/teb_msgs/lib/python3.8/site-packages:/root/yahboomcar_ros2_ws/software/library_ws/install/robot_localization/lib/python3.8/site-packages:/root/yahboomcar_ros2_ws/software/library_ws/install/costmap_converter_msgs/lib/python3.8/site-packages:/root/yahboomcar_ros2_ws/software/library_ws/install/astra_camera_msgs/lib/python3.8/site-packages:/opt/ros/foxy/lib/python3.8/site-packages /usr/bin/python3 setup.py egg_info --egg-base ../../build/exit_detection build --build-base /root/codes/NST_proj_ws/build/exit_detection/build install --record /root/codes/NST_proj_ws/build/exit_detection/install.log --install-scripts $base/lib/exit_detection --single-version-externally-managed
[21.824s] Level 1:colcon.colcon_core.environment:checking '/root/codes/NST_proj_ws/install/exit_detection' for CMake config files
[21.833s] Level 1:colcon.colcon_core.environment:checking '/root/codes/NST_proj_ws/install/exit_detection/lib'
[21.834s] Level 1:colcon.colcon_core.environment:checking '/root/codes/NST_proj_ws/install/exit_detection/bin'
[21.834s] Level 1:colcon.colcon_core.shell:create_environment_hook('exit_detection', 'path')
[21.842s] INFO:colcon.colcon_core.shell:Creating environment hook '/root/codes/NST_proj_ws/install/exit_detection/share/exit_detection/hook/path.ps1'
[21.844s] INFO:colcon.colcon_core.shell:Creating environment descriptor '/root/codes/NST_proj_ws/install/exit_detection/share/exit_detection/hook/path.dsv'
[21.845s] INFO:colcon.colcon_core.shell:Creating environment hook '/root/codes/NST_proj_ws/install/exit_detection/share/exit_detection/hook/path.sh'
[21.847s] Level 1:colcon.colcon_core.environment:checking '/root/codes/NST_proj_ws/install/exit_detection/lib/pkgconfig/exit_detection.pc'
[21.848s] Level 1:colcon.colcon_core.environment:checking '/root/codes/NST_proj_ws/install/exit_detection/lib/python3.8/site-packages'
[21.848s] Level 1:colcon.colcon_core.shell:create_environment_hook('exit_detection', 'pythonpath')
[21.856s] INFO:colcon.colcon_core.shell:Creating environment hook '/root/codes/NST_proj_ws/install/exit_detection/share/exit_detection/hook/pythonpath.ps1'
[21.858s] INFO:colcon.colcon_core.shell:Creating environment descriptor '/root/codes/NST_proj_ws/install/exit_detection/share/exit_detection/hook/pythonpath.dsv'
[21.859s] INFO:colcon.colcon_core.shell:Creating environment hook '/root/codes/NST_proj_ws/install/exit_detection/share/exit_detection/hook/pythonpath.sh'
[21.861s] Level 1:colcon.colcon_core.environment:checking '/root/codes/NST_proj_ws/install/exit_detection/bin'
[21.862s] Level 1:colcon.colcon_core.shell:create_environment_hook('exit_detection', 'pythonscriptspath')
[21.869s] INFO:colcon.colcon_core.shell:Creating environment hook '/root/codes/NST_proj_ws/install/exit_detection/share/exit_detection/hook/pythonscriptspath.ps1'
[21.872s] INFO:colcon.colcon_core.shell:Creating environment descriptor '/root/codes/NST_proj_ws/install/exit_detection/share/exit_detection/hook/pythonscriptspath.dsv'
[21.873s] INFO:colcon.colcon_core.shell:Creating environment hook '/root/codes/NST_proj_ws/install/exit_detection/share/exit_detection/hook/pythonscriptspath.sh'
[21.874s] Level 1:colcon.colcon_core.environment:create_environment_scripts_only(exit_detection)
[21.883s] INFO:colcon.colcon_core.shell:Creating package script '/root/codes/NST_proj_ws/install/exit_detection/share/exit_detection/package.ps1'
[21.886s] INFO:colcon.colcon_core.shell:Creating package descriptor '/root/codes/NST_proj_ws/install/exit_detection/share/exit_detection/package.dsv'
[21.888s] INFO:colcon.colcon_core.shell:Creating package script '/root/codes/NST_proj_ws/install/exit_detection/share/exit_detection/package.sh'
[21.890s] INFO:colcon.colcon_core.shell:Creating package script '/root/codes/NST_proj_ws/install/exit_detection/share/exit_detection/package.bash'
[21.891s] INFO:colcon.colcon_core.shell:Creating package script '/root/codes/NST_proj_ws/install/exit_detection/share/exit_detection/package.zsh'
[21.892s] Level 1:colcon.colcon_core.environment:create_file_with_runtime_dependencies(/root/codes/NST_proj_ws/install/exit_detection/share/colcon-core/packages/exit_detection)
[21.894s] DEBUG:colcon.colcon_parallel_executor.executor.parallel:closing loop
[21.895s] DEBUG:colcon.colcon_parallel_executor.executor.parallel:loop closed
[21.895s] DEBUG:colcon.colcon_parallel_executor.executor.parallel:run_until_complete finished with '0'
[21.895s] DEBUG:colcon.colcon_core.event_reactor:joining thread
[21.990s] INFO:colcon.colcon_core.plugin_system:Skipping extension 'colcon_notification.desktop_notification.notify_send': Could not find 'notify-send'
[21.991s] INFO:colcon.colcon_core.plugin_system:Skipping extension 'colcon_notification.desktop_notification.terminal_notifier': Not used on non-Darwin systems
[21.991s] INFO:colcon.colcon_core.plugin_system:Skipping extension 'colcon_notification.desktop_notification.win32': Not used on non-Windows systems
[21.992s] INFO:colcon.colcon_notification.desktop_notification:Sending desktop notification using 'notify2'
[21.992s] DEBUG:colcon.colcon_notification.desktop_notification.notify2:Failed to initialize notify2: org.freedesktop.DBus.Error.NotSupported: Unable to autolaunch a dbus-daemon without a $DISPLAY for X11
[21.992s] DEBUG:colcon.colcon_core.event_reactor:joined thread
[22.000s] INFO:colcon.colcon_core.shell:Creating prefix script '/root/codes/NST_proj_ws/install/local_setup.ps1'
[22.018s] INFO:colcon.colcon_core.shell:Creating prefix util module '/root/codes/NST_proj_ws/install/_local_setup_util_ps1.py'
[22.033s] INFO:colcon.colcon_core.shell:Creating prefix chain script '/root/codes/NST_proj_ws/install/setup.ps1'
[22.057s] INFO:colcon.colcon_core.shell:Creating prefix script '/root/codes/NST_proj_ws/install/local_setup.sh'
[22.064s] INFO:colcon.colcon_core.shell:Creating prefix util module '/root/codes/NST_proj_ws/install/_local_setup_util_sh.py'
[22.066s] INFO:colcon.colcon_core.shell:Creating prefix chain script '/root/codes/NST_proj_ws/install/setup.sh'
[22.087s] INFO:colcon.colcon_core.shell:Creating prefix script '/root/codes/NST_proj_ws/install/local_setup.bash'
[22.093s] INFO:colcon.colcon_core.shell:Creating prefix chain script '/root/codes/NST_proj_ws/install/setup.bash'
[22.113s] INFO:colcon.colcon_core.shell:Creating prefix script '/root/codes/NST_proj_ws/install/local_setup.zsh'
[22.120s] INFO:colcon.colcon_core.shell:Creating prefix chain script '/root/codes/NST_proj_ws/install/setup.zsh'
