[6.483s] Invoking command in '/root/codes/NST_proj_ws/src/robotics_utils': PYTHONPATH=/root/codes/NST_proj_ws/build/robotics_utils/prefix_override:/root/codes/NST_proj_ws/install/robotics_utils/lib/python3.8/site-packages:${PYTHONPATH} /usr/bin/python3 setup.py egg_info --egg-base ../../build/robotics_utils build --build-base /root/codes/NST_proj_ws/build/robotics_utils/build install --record /root/codes/NST_proj_ws/build/robotics_utils/install.log --single-version-externally-managed
[7.775s] running egg_info
[7.776s] writing ../../build/robotics_utils/robotics_utils.egg-info/PKG-INFO
[7.778s] writing dependency_links to ../../build/robotics_utils/robotics_utils.egg-info/dependency_links.txt
[7.780s] writing entry points to ../../build/robotics_utils/robotics_utils.egg-info/entry_points.txt
[7.780s] writing requirements to ../../build/robotics_utils/robotics_utils.egg-info/requires.txt
[7.782s] writing top-level names to ../../build/robotics_utils/robotics_utils.egg-info/top_level.txt
[7.949s] reading manifest file '../../build/robotics_utils/robotics_utils.egg-info/SOURCES.txt'
[7.956s] writing manifest file '../../build/robotics_utils/robotics_utils.egg-info/SOURCES.txt'
[7.956s] running build
[7.957s] running build_py
[7.958s] copying robotics_utils/__init__.py -> /root/codes/NST_proj_ws/build/robotics_utils/build/lib/robotics_utils
[7.959s] copying robotics_utils/math.py -> /root/codes/NST_proj_ws/build/robotics_utils/build/lib/robotics_utils
[7.961s] running install
[7.962s] running install_lib
[7.967s] copying /root/codes/NST_proj_ws/build/robotics_utils/build/lib/robotics_utils/__init__.py -> /root/codes/NST_proj_ws/install/robotics_utils/lib/python3.8/site-packages/robotics_utils
[7.968s] copying /root/codes/NST_proj_ws/build/robotics_utils/build/lib/robotics_utils/math.py -> /root/codes/NST_proj_ws/install/robotics_utils/lib/python3.8/site-packages/robotics_utils
[7.969s] byte-compiling /root/codes/NST_proj_ws/install/robotics_utils/lib/python3.8/site-packages/robotics_utils/__init__.py to __init__.cpython-38.pyc
[7.977s] byte-compiling /root/codes/NST_proj_ws/install/robotics_utils/lib/python3.8/site-packages/robotics_utils/math.py to math.cpython-38.pyc
[7.977s] running install_data
[7.981s] copying resource/robotics_utils -> /root/codes/NST_proj_ws/install/robotics_utils/share/ament_index/resource_index/packages
[7.982s] copying package.xml -> /root/codes/NST_proj_ws/install/robotics_utils/share/robotics_utils
[7.982s] running install_egg_info
[7.987s] removing '/root/codes/NST_proj_ws/install/robotics_utils/lib/python3.8/site-packages/robotics_utils-0.0.1-py3.8.egg-info' (and everything under it)
[7.988s] Copying ../../build/robotics_utils/robotics_utils.egg-info to /root/codes/NST_proj_ws/install/robotics_utils/lib/python3.8/site-packages/robotics_utils-0.0.1-py3.8.egg-info
[7.992s] running install_scripts
[8.085s] writing list of installed files to '/root/codes/NST_proj_ws/build/robotics_utils/install.log'
[8.194s] Invoked command in '/root/codes/NST_proj_ws/src/robotics_utils' returned '0': PYTHONPATH=/root/codes/NST_proj_ws/build/robotics_utils/prefix_override:/root/codes/NST_proj_ws/install/robotics_utils/lib/python3.8/site-packages:${PYTHONPATH} /usr/bin/python3 setup.py egg_info --egg-base ../../build/robotics_utils build --build-base /root/codes/NST_proj_ws/build/robotics_utils/build install --record /root/codes/NST_proj_ws/build/robotics_utils/install.log --single-version-externally-managed
