running egg_info
creating ../build/path_generation/path_generation.egg-info
writing ../build/path_generation/path_generation.egg-info/PKG-INFO
writing dependency_links to ../build/path_generation/path_generation.egg-info/dependency_links.txt
writing entry points to ../build/path_generation/path_generation.egg-info/entry_points.txt
writing requirements to ../build/path_generation/path_generation.egg-info/requires.txt
writing top-level names to ../build/path_generation/path_generation.egg-info/top_level.txt
writing manifest file '../build/path_generation/path_generation.egg-info/SOURCES.txt'
reading manifest file '../build/path_generation/path_generation.egg-info/SOURCES.txt'
writing manifest file '../build/path_generation/path_generation.egg-info/SOURCES.txt'
running build
running build_py
creating /root/codes/NST_proj_ws/build/path_generation/build
creating /root/codes/NST_proj_ws/build/path_generation/build/lib
creating /root/codes/NST_proj_ws/build/path_generation/build/lib/path_generation
copying path_generation/__init__.py -> /root/codes/NST_proj_ws/build/path_generation/build/lib/path_generation
copying path_generation/path_generation.py -> /root/codes/NST_proj_ws/build/path_generation/build/lib/path_generation
running install
running install_lib
creating /root/codes/NST_proj_ws/install/path_generation/lib/python3.8/site-packages/path_generation
copying /root/codes/NST_proj_ws/build/path_generation/build/lib/path_generation/__init__.py -> /root/codes/NST_proj_ws/install/path_generation/lib/python3.8/site-packages/path_generation
copying /root/codes/NST_proj_ws/build/path_generation/build/lib/path_generation/path_generation.py -> /root/codes/NST_proj_ws/install/path_generation/lib/python3.8/site-packages/path_generation
byte-compiling /root/codes/NST_proj_ws/install/path_generation/lib/python3.8/site-packages/path_generation/__init__.py to __init__.cpython-38.pyc
byte-compiling /root/codes/NST_proj_ws/install/path_generation/lib/python3.8/site-packages/path_generation/path_generation.py to path_generation.cpython-38.pyc
running install_data
creating /root/codes/NST_proj_ws/install/path_generation/share/ament_index
creating /root/codes/NST_proj_ws/install/path_generation/share/ament_index/resource_index
creating /root/codes/NST_proj_ws/install/path_generation/share/ament_index/resource_index/packages
error: can't copy 'resource/path_generation': doesn't exist or not a regular file
