running egg_info
creating ../build/map_generation/map_generation.egg-info
writing ../build/map_generation/map_generation.egg-info/PKG-INFO
writing dependency_links to ../build/map_generation/map_generation.egg-info/dependency_links.txt
writing entry points to ../build/map_generation/map_generation.egg-info/entry_points.txt
writing requirements to ../build/map_generation/map_generation.egg-info/requires.txt
writing top-level names to ../build/map_generation/map_generation.egg-info/top_level.txt
writing manifest file '../build/map_generation/map_generation.egg-info/SOURCES.txt'
reading manifest file '../build/map_generation/map_generation.egg-info/SOURCES.txt'
writing manifest file '../build/map_generation/map_generation.egg-info/SOURCES.txt'
running build
running build_py
creating /root/codes/NST_proj_ws/build/map_generation/build
creating /root/codes/NST_proj_ws/build/map_generation/build/lib
creating /root/codes/NST_proj_ws/build/map_generation/build/lib/map_generation
copying map_generation/__init__.py -> /root/codes/NST_proj_ws/build/map_generation/build/lib/map_generation
copying map_generation/map_generation_node.py -> /root/codes/NST_proj_ws/build/map_generation/build/lib/map_generation
running install
running install_lib
creating /root/codes/NST_proj_ws/install/map_generation/lib/python3.8/site-packages/map_generation
copying /root/codes/NST_proj_ws/build/map_generation/build/lib/map_generation/__init__.py -> /root/codes/NST_proj_ws/install/map_generation/lib/python3.8/site-packages/map_generation
copying /root/codes/NST_proj_ws/build/map_generation/build/lib/map_generation/map_generation_node.py -> /root/codes/NST_proj_ws/install/map_generation/lib/python3.8/site-packages/map_generation
byte-compiling /root/codes/NST_proj_ws/install/map_generation/lib/python3.8/site-packages/map_generation/__init__.py to __init__.cpython-38.pyc
byte-compiling /root/codes/NST_proj_ws/install/map_generation/lib/python3.8/site-packages/map_generation/map_generation_node.py to map_generation_node.cpython-38.pyc
running install_data
creating /root/codes/NST_proj_ws/install/map_generation/share/ament_index
creating /root/codes/NST_proj_ws/install/map_generation/share/ament_index/resource_index
creating /root/codes/NST_proj_ws/install/map_generation/share/ament_index/resource_index/packages
copying resource/map_generation -> /root/codes/NST_proj_ws/install/map_generation/share/ament_index/resource_index/packages
copying package.xml -> /root/codes/NST_proj_ws/install/map_generation/share/map_generation
creating /root/codes/NST_proj_ws/install/map_generation/share/map_generation/launch
copying launch/explore_lite_launch.py -> /root/codes/NST_proj_ws/install/map_generation/share/map_generation/launch
copying launch/slam_launch.py -> /root/codes/NST_proj_ws/install/map_generation/share/map_generation/launch
copying launch/nav2_launch.py -> /root/codes/NST_proj_ws/install/map_generation/share/map_generation/launch
running install_egg_info
Copying ../build/map_generation/map_generation.egg-info to /root/codes/NST_proj_ws/install/map_generation/lib/python3.8/site-packages/map_generation-0.1.0-py3.8.egg-info
running install_scripts
Installing map_generation_node script to /root/codes/NST_proj_ws/install/map_generation/lib/map_generation
writing list of installed files to '/root/codes/NST_proj_ws/build/map_generation/install.log'
