running egg_info
writing ../../build/exit_detection/exit_detection.egg-info/PKG-INFO
writing dependency_links to ../../build/exit_detection/exit_detection.egg-info/dependency_links.txt
writing entry points to ../../build/exit_detection/exit_detection.egg-info/entry_points.txt
writing requirements to ../../build/exit_detection/exit_detection.egg-info/requires.txt
writing top-level names to ../../build/exit_detection/exit_detection.egg-info/top_level.txt
reading manifest file '../../build/exit_detection/exit_detection.egg-info/SOURCES.txt'
writing manifest file '../../build/exit_detection/exit_detection.egg-info/SOURCES.txt'
running build
running build_py
running install
running install_lib
running install_data
running install_egg_info
removing '/root/codes/NST_proj_ws/install/exit_detection/lib/python3.8/site-packages/exit_detection-0.0.1-py3.8.egg-info' (and everything under it)
Copying ../../build/exit_detection/exit_detection.egg-info to /root/codes/NST_proj_ws/install/exit_detection/lib/python3.8/site-packages/exit_detection-0.0.1-py3.8.egg-info
running install_scripts
Installing danger_exit_detection_node script to /root/codes/NST_proj_ws/install/exit_detection/lib/exit_detection
Installing joy_safety_ctrl script to /root/codes/NST_proj_ws/install/exit_detection/lib/exit_detection
Installing location_provider_node script to /root/codes/NST_proj_ws/install/exit_detection/lib/exit_detection
Installing safe_exit_detection_node script to /root/codes/NST_proj_ws/install/exit_detection/lib/exit_detection
Installing wheelodom_tf script to /root/codes/NST_proj_ws/install/exit_detection/lib/exit_detection
writing list of installed files to '/root/codes/NST_proj_ws/build/exit_detection/install.log'
