[6.631s] Invoking command in '/root/codes/NST_proj_ws/src/robotics_utils': PYTHONPATH=/root/codes/NST_proj_ws/build/robotics_utils/prefix_override:/root/codes/NST_proj_ws/install/robotics_utils/lib/python3.8/site-packages:${PYTHONPATH} /usr/bin/python3 setup.py egg_info --egg-base ../../build/robotics_utils build --build-base /root/codes/NST_proj_ws/build/robotics_utils/build install --record /root/codes/NST_proj_ws/build/robotics_utils/install.log --single-version-externally-managed
[7.954s] running egg_info
[7.957s] writing ../../build/robotics_utils/robotics_utils.egg-info/PKG-INFO
[7.959s] writing dependency_links to ../../build/robotics_utils/robotics_utils.egg-info/dependency_links.txt
[7.960s] writing entry points to ../../build/robotics_utils/robotics_utils.egg-info/entry_points.txt
[7.962s] writing requirements to ../../build/robotics_utils/robotics_utils.egg-info/requires.txt
[7.963s] writing top-level names to ../../build/robotics_utils/robotics_utils.egg-info/top_level.txt
[8.141s] reading manifest file '../../build/robotics_utils/robotics_utils.egg-info/SOURCES.txt'
[8.143s] writing manifest file '../../build/robotics_utils/robotics_utils.egg-info/SOURCES.txt'
[8.143s] running build
[8.144s] running build_py
[8.145s] running install
[8.149s] running install_lib
[8.157s] running install_data
[8.159s] running install_egg_info
[8.168s] removing '/root/codes/NST_proj_ws/install/robotics_utils/lib/python3.8/site-packages/robotics_utils-0.0.1-py3.8.egg-info' (and everything under it)
[8.169s] Copying ../../build/robotics_utils/robotics_utils.egg-info to /root/codes/NST_proj_ws/install/robotics_utils/lib/python3.8/site-packages/robotics_utils-0.0.1-py3.8.egg-info
[8.173s] running install_scripts
[8.259s] writing list of installed files to '/root/codes/NST_proj_ws/build/robotics_utils/install.log'
[8.380s] Invoked command in '/root/codes/NST_proj_ws/src/robotics_utils' returned '0': PYTHONPATH=/root/codes/NST_proj_ws/build/robotics_utils/prefix_override:/root/codes/NST_proj_ws/install/robotics_utils/lib/python3.8/site-packages:${PYTHONPATH} /usr/bin/python3 setup.py egg_info --egg-base ../../build/robotics_utils build --build-base /root/codes/NST_proj_ws/build/robotics_utils/build install --record /root/codes/NST_proj_ws/build/robotics_utils/install.log --single-version-externally-managed
