[8.667s] Invoking command in '/root/codes/NST_proj_ws/src/map_generation': PYTHONPATH=/root/codes/NST_proj_ws/build/map_generation/prefix_override:/root/codes/NST_proj_ws/install/map_generation/lib/python3.8/site-packages:${PYTHONPATH} /usr/bin/python3 setup.py egg_info --egg-base ../../build/map_generation build --build-base /root/codes/NST_proj_ws/build/map_generation/build install --record /root/codes/NST_proj_ws/build/map_generation/install.log --single-version-externally-managed
[10.679s] running egg_info
[10.683s] writing ../../build/map_generation/map_generation.egg-info/PKG-INFO
[10.684s] writing dependency_links to ../../build/map_generation/map_generation.egg-info/dependency_links.txt
[10.684s] writing entry points to ../../build/map_generation/map_generation.egg-info/entry_points.txt
[10.685s] writing requirements to ../../build/map_generation/map_generation.egg-info/requires.txt
[10.687s] writing top-level names to ../../build/map_generation/map_generation.egg-info/top_level.txt
[10.959s] reading manifest file '../../build/map_generation/map_generation.egg-info/SOURCES.txt'
[10.959s] writing manifest file '../../build/map_generation/map_generation.egg-info/SOURCES.txt'
[10.959s] running build
[10.960s] running build_py
[10.960s] running install
[10.961s] running install_lib
[10.969s] running install_data
[10.973s] running install_egg_info
[10.983s] removing '/root/codes/NST_proj_ws/install/map_generation/lib/python3.8/site-packages/map_generation-0.1.0-py3.8.egg-info' (and everything under it)
[10.986s] Copying ../../build/map_generation/map_generation.egg-info to /root/codes/NST_proj_ws/install/map_generation/lib/python3.8/site-packages/map_generation-0.1.0-py3.8.egg-info
[10.988s] running install_scripts
[11.087s] Installing map_generation_node script to /root/codes/NST_proj_ws/install/map_generation/lib/map_generation
[11.090s] writing list of installed files to '/root/codes/NST_proj_ws/build/map_generation/install.log'
[11.237s] Invoked command in '/root/codes/NST_proj_ws/src/map_generation' returned '0': PYTHONPATH=/root/codes/NST_proj_ws/build/map_generation/prefix_override:/root/codes/NST_proj_ws/install/map_generation/lib/python3.8/site-packages:${PYTHONPATH} /usr/bin/python3 setup.py egg_info --egg-base ../../build/map_generation build --build-base /root/codes/NST_proj_ws/build/map_generation/build install --record /root/codes/NST_proj_ws/build/map_generation/install.log --single-version-externally-managed
