running egg_info
creating ../build/robotics_utils/robotics_utils.egg-info
writing ../build/robotics_utils/robotics_utils.egg-info/PKG-INFO
writing dependency_links to ../build/robotics_utils/robotics_utils.egg-info/dependency_links.txt
writing entry points to ../build/robotics_utils/robotics_utils.egg-info/entry_points.txt
writing requirements to ../build/robotics_utils/robotics_utils.egg-info/requires.txt
writing top-level names to ../build/robotics_utils/robotics_utils.egg-info/top_level.txt
writing manifest file '../build/robotics_utils/robotics_utils.egg-info/SOURCES.txt'
reading manifest file '../build/robotics_utils/robotics_utils.egg-info/SOURCES.txt'
writing manifest file '../build/robotics_utils/robotics_utils.egg-info/SOURCES.txt'
running build
running build_py
creating /root/codes/NST_proj_ws/build/robotics_utils/build
creating /root/codes/NST_proj_ws/build/robotics_utils/build/lib
creating /root/codes/NST_proj_ws/build/robotics_utils/build/lib/robotics_utils
copying robotics_utils/__init__.py -> /root/codes/NST_proj_ws/build/robotics_utils/build/lib/robotics_utils
copying robotics_utils/math.py -> /root/codes/NST_proj_ws/build/robotics_utils/build/lib/robotics_utils
running install
running install_lib
creating /root/codes/NST_proj_ws/install/robotics_utils/lib/python3.8/site-packages/robotics_utils
copying /root/codes/NST_proj_ws/build/robotics_utils/build/lib/robotics_utils/__init__.py -> /root/codes/NST_proj_ws/install/robotics_utils/lib/python3.8/site-packages/robotics_utils
copying /root/codes/NST_proj_ws/build/robotics_utils/build/lib/robotics_utils/math.py -> /root/codes/NST_proj_ws/install/robotics_utils/lib/python3.8/site-packages/robotics_utils
byte-compiling /root/codes/NST_proj_ws/install/robotics_utils/lib/python3.8/site-packages/robotics_utils/__init__.py to __init__.cpython-38.pyc
byte-compiling /root/codes/NST_proj_ws/install/robotics_utils/lib/python3.8/site-packages/robotics_utils/math.py to math.cpython-38.pyc
running install_data
creating /root/codes/NST_proj_ws/install/robotics_utils/share/ament_index
creating /root/codes/NST_proj_ws/install/robotics_utils/share/ament_index/resource_index
creating /root/codes/NST_proj_ws/install/robotics_utils/share/ament_index/resource_index/packages
copying resource/robotics_utils -> /root/codes/NST_proj_ws/install/robotics_utils/share/ament_index/resource_index/packages
copying package.xml -> /root/codes/NST_proj_ws/install/robotics_utils/share/robotics_utils
running install_egg_info
Copying ../build/robotics_utils/robotics_utils.egg-info to /root/codes/NST_proj_ws/install/robotics_utils/lib/python3.8/site-packages/robotics_utils-0.0.1-py3.8.egg-info
running install_scripts
writing list of installed files to '/root/codes/NST_proj_ws/build/robotics_utils/install.log'
