[8.122s] Invoking command in '/root/codes/NST_proj_ws/src/path_generation': PYTHONPATH=/root/codes/NST_proj_ws/build/path_generation/prefix_override:/root/codes/NST_proj_ws/install/path_generation/lib/python3.8/site-packages:${PYTHONPATH} /usr/bin/python3 setup.py egg_info --egg-base ../../build/path_generation build --build-base /root/codes/NST_proj_ws/build/path_generation/build install --record /root/codes/NST_proj_ws/build/path_generation/install.log --install-scripts $base/lib/path_generation --single-version-externally-managed
[10.456s] running egg_info
[10.459s] writing ../../build/path_generation/path_generation.egg-info/PKG-INFO
[10.468s] writing dependency_links to ../../build/path_generation/path_generation.egg-info/dependency_links.txt
[10.469s] writing entry points to ../../build/path_generation/path_generation.egg-info/entry_points.txt
[10.470s] writing requirements to ../../build/path_generation/path_generation.egg-info/requires.txt
[10.470s] writing top-level names to ../../build/path_generation/path_generation.egg-info/top_level.txt
[10.828s] reading manifest file '../../build/path_generation/path_generation.egg-info/SOURCES.txt'
[10.838s] writing manifest file '../../build/path_generation/path_generation.egg-info/SOURCES.txt'
[10.844s] running build
[10.845s] running build_py
[10.853s] running install
[10.857s] running install_lib
[10.875s] running install_data
[10.890s] running install_egg_info
[10.900s] removing '/root/codes/NST_proj_ws/install/path_generation/lib/python3.8/site-packages/path_generation-0.0.1-py3.8.egg-info' (and everything under it)
[10.904s] Copying ../../build/path_generation/path_generation.egg-info to /root/codes/NST_proj_ws/install/path_generation/lib/python3.8/site-packages/path_generation-0.0.1-py3.8.egg-info
[10.913s] running install_scripts
[11.019s] Installing path_generation_node script to /root/codes/NST_proj_ws/install/path_generation/lib/path_generation
[11.023s] writing list of installed files to '/root/codes/NST_proj_ws/build/path_generation/install.log'
[11.489s] Invoked command in '/root/codes/NST_proj_ws/src/path_generation' returned '0': PYTHONPATH=/root/codes/NST_proj_ws/build/path_generation/prefix_override:/root/codes/NST_proj_ws/install/path_generation/lib/python3.8/site-packages:${PYTHONPATH} /usr/bin/python3 setup.py egg_info --egg-base ../../build/path_generation build --build-base /root/codes/NST_proj_ws/build/path_generation/build install --record /root/codes/NST_proj_ws/build/path_generation/install.log --install-scripts $base/lib/path_generation --single-version-externally-managed
