running egg_info
writing ../../build/nav2_wfd/nav2_wfd.egg-info/PKG-INFO
writing dependency_links to ../../build/nav2_wfd/nav2_wfd.egg-info/dependency_links.txt
writing entry points to ../../build/nav2_wfd/nav2_wfd.egg-info/entry_points.txt
writing requirements to ../../build/nav2_wfd/nav2_wfd.egg-info/requires.txt
writing top-level names to ../../build/nav2_wfd/nav2_wfd.egg-info/top_level.txt
reading manifest file '../../build/nav2_wfd/nav2_wfd.egg-info/SOURCES.txt'
writing manifest file '../../build/nav2_wfd/nav2_wfd.egg-info/SOURCES.txt'
running build
running build_py
copying nav2_wfd/wavefront_frontier.py -> /root/codes/NST_proj_ws/build/nav2_wfd/build/lib/nav2_wfd
copying nav2_wfd/__init__.py -> /root/codes/NST_proj_ws/build/nav2_wfd/build/lib/nav2_wfd
running install
running install_lib
running install_data
creating /root/codes/NST_proj_ws/install/nav2_wfd/share/nav2_wfd/launch
copying launch/wavefront_frontier.launch.py -> /root/codes/NST_proj_ws/install/nav2_wfd/share/nav2_wfd/launch
running install_egg_info
removing '/root/codes/NST_proj_ws/install/nav2_wfd/lib/python3.8/site-packages/nav2_wfd-0.0.0-py3.8.egg-info' (and everything under it)
Copying ../../build/nav2_wfd/nav2_wfd.egg-info to /root/codes/NST_proj_ws/install/nav2_wfd/lib/python3.8/site-packages/nav2_wfd-0.0.0-py3.8.egg-info
running install_scripts
Installing explore script to /root/codes/NST_proj_ws/install/nav2_wfd/lib/nav2_wfd
writing list of installed files to '/root/codes/NST_proj_ws/build/nav2_wfd/install.log'
