[8.774s] Invoking command in '/root/codes/NST_proj_ws/src/nav2_wfd': PYTHONPATH=/root/codes/NST_proj_ws/build/nav2_wfd/prefix_override:/root/codes/NST_proj_ws/install/nav2_wfd/lib/python3.8/site-packages:${PYTHONPATH} /usr/bin/python3 setup.py egg_info --egg-base ../../build/nav2_wfd build --build-base /root/codes/NST_proj_ws/build/nav2_wfd/build install --record /root/codes/NST_proj_ws/build/nav2_wfd/install.log --install-scripts $base/lib/nav2_wfd --single-version-externally-managed
[10.130s] running egg_info
[10.133s] writing ../../build/nav2_wfd/nav2_wfd.egg-info/PKG-INFO
[10.135s] writing dependency_links to ../../build/nav2_wfd/nav2_wfd.egg-info/dependency_links.txt
[10.136s] writing entry points to ../../build/nav2_wfd/nav2_wfd.egg-info/entry_points.txt
[10.139s] writing requirements to ../../build/nav2_wfd/nav2_wfd.egg-info/requires.txt
[10.139s] writing top-level names to ../../build/nav2_wfd/nav2_wfd.egg-info/top_level.txt
[10.332s] reading manifest file '../../build/nav2_wfd/nav2_wfd.egg-info/SOURCES.txt'
[10.337s] writing manifest file '../../build/nav2_wfd/nav2_wfd.egg-info/SOURCES.txt'
[10.338s] running build
[10.339s] running build_py
[10.341s] copying nav2_wfd/wavefront_frontier.py -> /root/codes/NST_proj_ws/build/nav2_wfd/build/lib/nav2_wfd
[10.342s] copying nav2_wfd/__init__.py -> /root/codes/NST_proj_ws/build/nav2_wfd/build/lib/nav2_wfd
[10.344s] running install
[10.349s] running install_lib
[10.358s] running install_data
[10.362s] creating /root/codes/NST_proj_ws/install/nav2_wfd/share/nav2_wfd/launch
[10.365s] copying launch/wavefront_frontier.launch.py -> /root/codes/NST_proj_ws/install/nav2_wfd/share/nav2_wfd/launch
[10.366s] running install_egg_info
[10.373s] removing '/root/codes/NST_proj_ws/install/nav2_wfd/lib/python3.8/site-packages/nav2_wfd-0.0.0-py3.8.egg-info' (and everything under it)
[10.376s] Copying ../../build/nav2_wfd/nav2_wfd.egg-info to /root/codes/NST_proj_ws/install/nav2_wfd/lib/python3.8/site-packages/nav2_wfd-0.0.0-py3.8.egg-info
[10.380s] running install_scripts
[10.469s] Installing explore script to /root/codes/NST_proj_ws/install/nav2_wfd/lib/nav2_wfd
[10.472s] writing list of installed files to '/root/codes/NST_proj_ws/build/nav2_wfd/install.log'
[10.608s] Invoked command in '/root/codes/NST_proj_ws/src/nav2_wfd' returned '0': PYTHONPATH=/root/codes/NST_proj_ws/build/nav2_wfd/prefix_override:/root/codes/NST_proj_ws/install/nav2_wfd/lib/python3.8/site-packages:${PYTHONPATH} /usr/bin/python3 setup.py egg_info --egg-base ../../build/nav2_wfd build --build-base /root/codes/NST_proj_ws/build/nav2_wfd/build install --record /root/codes/NST_proj_ws/build/nav2_wfd/install.log --install-scripts $base/lib/nav2_wfd --single-version-externally-managed
