[8.371s] Invoking command in '/root/codes/NST_proj_ws/src/robotics_utils': PYTHONPATH=/root/codes/NST_proj_ws/build/robotics_utils/prefix_override:/root/codes/NST_proj_ws/install/robotics_utils/lib/python3.8/site-packages:${PYTHONPATH} /usr/bin/python3 setup.py egg_info --egg-base ../../build/robotics_utils build --build-base /root/codes/NST_proj_ws/build/robotics_utils/build install --record /root/codes/NST_proj_ws/build/robotics_utils/install.log --install-scripts $base/lib/robitics_utils --single-version-externally-managed
[10.255s] running egg_info
[10.262s] writing ../../build/robotics_utils/robotics_utils.egg-info/PKG-INFO
[10.263s] writing dependency_links to ../../build/robotics_utils/robotics_utils.egg-info/dependency_links.txt
[10.264s] writing entry points to ../../build/robotics_utils/robotics_utils.egg-info/entry_points.txt
[10.266s] writing requirements to ../../build/robotics_utils/robotics_utils.egg-info/requires.txt
[10.268s] writing top-level names to ../../build/robotics_utils/robotics_utils.egg-info/top_level.txt
[10.504s] reading manifest file '../../build/robotics_utils/robotics_utils.egg-info/SOURCES.txt'
[10.506s] writing manifest file '../../build/robotics_utils/robotics_utils.egg-info/SOURCES.txt'
[10.508s] running build
[10.509s] running build_py
[10.512s] running install
[10.519s] running install_lib
[10.531s] running install_data
[10.536s] running install_egg_info
[10.549s] removing '/root/codes/NST_proj_ws/install/robotics_utils/lib/python3.8/site-packages/robotics_utils-0.0.1-py3.8.egg-info' (and everything under it)
[10.551s] Copying ../../build/robotics_utils/robotics_utils.egg-info to /root/codes/NST_proj_ws/install/robotics_utils/lib/python3.8/site-packages/robotics_utils-0.0.1-py3.8.egg-info
[10.557s] running install_scripts
[10.657s] writing list of installed files to '/root/codes/NST_proj_ws/build/robotics_utils/install.log'
[10.791s] Invoked command in '/root/codes/NST_proj_ws/src/robotics_utils' returned '0': PYTHONPATH=/root/codes/NST_proj_ws/build/robotics_utils/prefix_override:/root/codes/NST_proj_ws/install/robotics_utils/lib/python3.8/site-packages:${PYTHONPATH} /usr/bin/python3 setup.py egg_info --egg-base ../../build/robotics_utils build --build-base /root/codes/NST_proj_ws/build/robotics_utils/build install --record /root/codes/NST_proj_ws/build/robotics_utils/install.log --install-scripts $base/lib/robitics_utils --single-version-externally-managed
