[6.453s] Invoking command in '/root/codes/NST_proj_ws/map_generation': PYTHONPATH=/root/codes/NST_proj_ws/build/map_generation/prefix_override:/root/codes/NST_proj_ws/install/map_generation/lib/python3.8/site-packages:${PYTHONPATH} /usr/bin/python3 setup.py egg_info --egg-base ../build/map_generation build --build-base /root/codes/NST_proj_ws/build/map_generation/build install --record /root/codes/NST_proj_ws/build/map_generation/install.log --single-version-externally-managed
[7.753s] running egg_info
[7.756s] writing ../build/map_generation/map_generation.egg-info/PKG-INFO
[7.757s] writing dependency_links to ../build/map_generation/map_generation.egg-info/dependency_links.txt
[7.758s] writing entry points to ../build/map_generation/map_generation.egg-info/entry_points.txt
[7.758s] writing requirements to ../build/map_generation/map_generation.egg-info/requires.txt
[7.758s] writing top-level names to ../build/map_generation/map_generation.egg-info/top_level.txt
[7.938s] reading manifest file '../build/map_generation/map_generation.egg-info/SOURCES.txt'
[7.942s] writing manifest file '../build/map_generation/map_generation.egg-info/SOURCES.txt'
[7.943s] running build
[7.943s] running build_py
[7.944s] running install
[7.948s] running install_lib
[7.956s] running install_data
[7.959s] running install_egg_info
[7.967s] removing '/root/codes/NST_proj_ws/install/map_generation/lib/python3.8/site-packages/map_generation-0.1.0-py3.8.egg-info' (and everything under it)
[7.968s] Copying ../build/map_generation/map_generation.egg-info to /root/codes/NST_proj_ws/install/map_generation/lib/python3.8/site-packages/map_generation-0.1.0-py3.8.egg-info
[7.972s] running install_scripts
[8.074s] Installing map_generation_node script to /root/codes/NST_proj_ws/install/map_generation/lib/map_generation
[8.075s] writing list of installed files to '/root/codes/NST_proj_ws/build/map_generation/install.log'
[8.363s] Invoked command in '/root/codes/NST_proj_ws/map_generation' returned '0': PYTHONPATH=/root/codes/NST_proj_ws/build/map_generation/prefix_override:/root/codes/NST_proj_ws/install/map_generation/lib/python3.8/site-packages:${PYTHONPATH} /usr/bin/python3 setup.py egg_info --egg-base ../build/map_generation build --build-base /root/codes/NST_proj_ws/build/map_generation/build install --record /root/codes/NST_proj_ws/build/map_generation/install.log --single-version-externally-managed
