[3.261s] DEBUG:colcon:Command line arguments: ['/usr/bin/colcon', 'build']
[3.262s] DEBUG:colcon:Parsed command line arguments: Namespace(ament_cmake_args=None, base_paths=['.'], build_base='build', catkin_cmake_args=None, catkin_skip_building_tests=False, cmake_args=None, cmake_clean_cache=False, cmake_clean_first=False, cmake_force_configure=False, cmake_target=None, cmake_target_skip_unavailable=False, continue_on_error=False, event_handlers=None, executor='parallel', ignore_user_meta=False, install_base='install', log_base=None, log_level=None, main=<bound method BuildVerb.main of <colcon_core.verb.build.BuildVerb object at 0x7fa1f3b970>>, merge_install=False, metas=['./colcon.meta'], mixin=None, mixin_files=None, mixin_verb=('build',), packages_above=None, packages_above_and_dependencies=None, packages_above_depth=None, packages_end=None, packages_ignore=None, packages_ignore_regex=None, packages_select=None, packages_select_build_failed=False, packages_select_by_dep=None, packages_select_regex=None, packages_select_test_failures=False, packages_skip=None, packages_skip_build_finished=False, packages_skip_by_dep=None, packages_skip_regex=None, packages_skip_test_passed=False, packages_skip_up_to=None, packages_start=None, packages_up_to=None, packages_up_to_regex=None, parallel_workers=4, paths=None, symlink_install=False, test_result_base=None, verb_extension=<colcon_core.verb.build.BuildVerb object at 0x7fa1f3b970>, verb_name='build', verb_parser=<colcon_mixin.mixin.mixin_argument.MixinArgumentDecorator object at 0x7fa1f3bf40>)
[3.498s] Level 1:colcon.colcon_core.package_discovery:discover_packages(colcon_meta) check parameters
[3.512s] INFO:colcon.colcon_metadata.package_discovery.colcon_meta:Using configuration from '/root/.colcon/metadata/default/Gazebo.meta'
[3.515s] INFO:colcon.colcon_metadata.package_discovery.colcon_meta:Using configuration from '/root/.colcon/metadata/default/fastrtps.meta'
[3.515s] Level 1:colcon.colcon_core.package_discovery:discover_packages(recursive) check parameters
[3.515s] Level 1:colcon.colcon_core.package_discovery:discover_packages(ignore) check parameters
[3.516s] Level 1:colcon.colcon_core.package_discovery:discover_packages(path) check parameters
[3.516s] Level 1:colcon.colcon_core.package_discovery:discover_packages(colcon_meta) discover
[3.516s] Level 1:colcon.colcon_core.package_discovery:discover_packages(recursive) discover
[3.516s] INFO:colcon.colcon_core.package_discovery:Crawling recursively for packages in '/root/codes/NST_proj_ws'
[3.517s] Level 1:colcon.colcon_core.package_identification:_identify(.) by extensions ['ignore', 'ignore_ament_install']
[3.517s] Level 1:colcon.colcon_core.package_identification:_identify(.) by extension 'ignore'
[3.517s] Level 1:colcon.colcon_core.package_identification:_identify(.) by extension 'ignore_ament_install'
[3.518s] Level 1:colcon.colcon_core.package_identification:_identify(.) by extensions ['colcon_pkg']
[3.518s] Level 1:colcon.colcon_core.package_identification:_identify(.) by extension 'colcon_pkg'
[3.518s] Level 1:colcon.colcon_core.package_identification:_identify(.) by extensions ['colcon_meta']
[3.518s] Level 1:colcon.colcon_core.package_identification:_identify(.) by extension 'colcon_meta'
[3.518s] Level 1:colcon.colcon_core.package_identification:_identify(.) by extensions ['ros']
[3.518s] Level 1:colcon.colcon_core.package_identification:_identify(.) by extension 'ros'
[3.653s] Level 1:colcon.colcon_core.package_identification:_identify(.) by extensions ['cmake', 'python']
[3.653s] Level 1:colcon.colcon_core.package_identification:_identify(.) by extension 'cmake'
[3.653s] Level 1:colcon.colcon_core.package_identification:_identify(.) by extension 'python'
[3.653s] Level 1:colcon.colcon_core.package_identification:_identify(.) by extensions ['python_setup_py']
[3.653s] Level 1:colcon.colcon_core.package_identification:_identify(.) by extension 'python_setup_py'
[3.654s] Level 1:colcon.colcon_core.package_identification:_identify(build) by extensions ['ignore', 'ignore_ament_install']
[3.654s] Level 1:colcon.colcon_core.package_identification:_identify(build) by extension 'ignore'
[3.655s] Level 1:colcon.colcon_core.package_identification:_identify(build) ignored
[3.655s] Level 1:colcon.colcon_core.package_identification:_identify(install) by extensions ['ignore', 'ignore_ament_install']
[3.656s] Level 1:colcon.colcon_core.package_identification:_identify(install) by extension 'ignore'
[3.656s] Level 1:colcon.colcon_core.package_identification:_identify(install) ignored
[3.656s] Level 1:colcon.colcon_core.package_identification:_identify(log) by extensions ['ignore', 'ignore_ament_install']
[3.657s] Level 1:colcon.colcon_core.package_identification:_identify(log) by extension 'ignore'
[3.657s] Level 1:colcon.colcon_core.package_identification:_identify(log) ignored
[3.657s] Level 1:colcon.colcon_core.package_identification:_identify(src) by extensions ['ignore', 'ignore_ament_install']
[3.658s] Level 1:colcon.colcon_core.package_identification:_identify(src) by extension 'ignore'
[3.658s] Level 1:colcon.colcon_core.package_identification:_identify(src) by extension 'ignore_ament_install'
[3.658s] Level 1:colcon.colcon_core.package_identification:_identify(src) by extensions ['colcon_pkg']
[3.658s] Level 1:colcon.colcon_core.package_identification:_identify(src) by extension 'colcon_pkg'
[3.658s] Level 1:colcon.colcon_core.package_identification:_identify(src) by extensions ['colcon_meta']
[3.659s] Level 1:colcon.colcon_core.package_identification:_identify(src) by extension 'colcon_meta'
[3.659s] Level 1:colcon.colcon_core.package_identification:_identify(src) by extensions ['ros']
[3.659s] Level 1:colcon.colcon_core.package_identification:_identify(src) by extension 'ros'
[3.659s] Level 1:colcon.colcon_core.package_identification:_identify(src) by extensions ['cmake', 'python']
[3.659s] Level 1:colcon.colcon_core.package_identification:_identify(src) by extension 'cmake'
[3.660s] Level 1:colcon.colcon_core.package_identification:_identify(src) by extension 'python'
[3.660s] Level 1:colcon.colcon_core.package_identification:_identify(src) by extensions ['python_setup_py']
[3.660s] Level 1:colcon.colcon_core.package_identification:_identify(src) by extension 'python_setup_py'
[3.660s] Level 1:colcon.colcon_core.package_identification:_identify(src/exit_detection) by extensions ['ignore', 'ignore_ament_install']
[3.661s] Level 1:colcon.colcon_core.package_identification:_identify(src/exit_detection) by extension 'ignore'
[3.661s] Level 1:colcon.colcon_core.package_identification:_identify(src/exit_detection) by extension 'ignore_ament_install'
[3.661s] Level 1:colcon.colcon_core.package_identification:_identify(src/exit_detection) by extensions ['colcon_pkg']
[3.661s] Level 1:colcon.colcon_core.package_identification:_identify(src/exit_detection) by extension 'colcon_pkg'
[3.662s] Level 1:colcon.colcon_core.package_identification:_identify(src/exit_detection) by extensions ['colcon_meta']
[3.662s] Level 1:colcon.colcon_core.package_identification:_identify(src/exit_detection) by extension 'colcon_meta'
[3.662s] Level 1:colcon.colcon_core.package_identification:_identify(src/exit_detection) by extensions ['ros']
[3.662s] Level 1:colcon.colcon_core.package_identification:_identify(src/exit_detection) by extension 'ros'
[3.689s] DEBUG:colcon.colcon_core.package_identification:Package 'src/exit_detection' with type 'ros.ament_python' and name 'exit_detection'
[3.690s] Level 1:colcon.colcon_core.package_identification:_identify(src/map_generation) by extensions ['ignore', 'ignore_ament_install']
[3.690s] Level 1:colcon.colcon_core.package_identification:_identify(src/map_generation) by extension 'ignore'
[3.690s] Level 1:colcon.colcon_core.package_identification:_identify(src/map_generation) by extension 'ignore_ament_install'
[3.690s] Level 1:colcon.colcon_core.package_identification:_identify(src/map_generation) by extensions ['colcon_pkg']
[3.691s] Level 1:colcon.colcon_core.package_identification:_identify(src/map_generation) by extension 'colcon_pkg'
[3.691s] Level 1:colcon.colcon_core.package_identification:_identify(src/map_generation) by extensions ['colcon_meta']
[3.691s] Level 1:colcon.colcon_core.package_identification:_identify(src/map_generation) by extension 'colcon_meta'
[3.691s] Level 1:colcon.colcon_core.package_identification:_identify(src/map_generation) by extensions ['ros']
[3.691s] Level 1:colcon.colcon_core.package_identification:_identify(src/map_generation) by extension 'ros'
[3.694s] DEBUG:colcon.colcon_core.package_identification:Package 'src/map_generation' with type 'ros.ament_python' and name 'map_generation'
[3.695s] Level 1:colcon.colcon_core.package_identification:_identify(src/nav2_wfd) by extensions ['ignore', 'ignore_ament_install']
[3.695s] Level 1:colcon.colcon_core.package_identification:_identify(src/nav2_wfd) by extension 'ignore'
[3.695s] Level 1:colcon.colcon_core.package_identification:_identify(src/nav2_wfd) by extension 'ignore_ament_install'
[3.696s] Level 1:colcon.colcon_core.package_identification:_identify(src/nav2_wfd) by extensions ['colcon_pkg']
[3.696s] Level 1:colcon.colcon_core.package_identification:_identify(src/nav2_wfd) by extension 'colcon_pkg'
[3.696s] Level 1:colcon.colcon_core.package_identification:_identify(src/nav2_wfd) by extensions ['colcon_meta']
[3.696s] Level 1:colcon.colcon_core.package_identification:_identify(src/nav2_wfd) by extension 'colcon_meta'
[3.696s] Level 1:colcon.colcon_core.package_identification:_identify(src/nav2_wfd) by extensions ['ros']
[3.697s] Level 1:colcon.colcon_core.package_identification:_identify(src/nav2_wfd) by extension 'ros'
[3.699s] DEBUG:colcon.colcon_core.package_identification:Package 'src/nav2_wfd' with type 'ros.ament_python' and name 'nav2_wfd'
[3.700s] Level 1:colcon.colcon_core.package_identification:_identify(src/nav2_wfd_tf) by extensions ['ignore', 'ignore_ament_install']
[3.700s] Level 1:colcon.colcon_core.package_identification:_identify(src/nav2_wfd_tf) by extension 'ignore'
[3.700s] Level 1:colcon.colcon_core.package_identification:_identify(src/nav2_wfd_tf) by extension 'ignore_ament_install'
[3.701s] Level 1:colcon.colcon_core.package_identification:_identify(src/nav2_wfd_tf) by extensions ['colcon_pkg']
[3.701s] Level 1:colcon.colcon_core.package_identification:_identify(src/nav2_wfd_tf) by extension 'colcon_pkg'
[3.701s] Level 1:colcon.colcon_core.package_identification:_identify(src/nav2_wfd_tf) by extensions ['colcon_meta']
[3.701s] Level 1:colcon.colcon_core.package_identification:_identify(src/nav2_wfd_tf) by extension 'colcon_meta'
[3.701s] Level 1:colcon.colcon_core.package_identification:_identify(src/nav2_wfd_tf) by extensions ['ros']
[3.701s] Level 1:colcon.colcon_core.package_identification:_identify(src/nav2_wfd_tf) by extension 'ros'
[3.704s] DEBUG:colcon.colcon_core.package_identification:Package 'src/nav2_wfd_tf' with type 'ros.ament_python' and name 'nav2_wfd_tf'
[3.704s] Level 1:colcon.colcon_core.package_identification:_identify(src/path_generation) by extensions ['ignore', 'ignore_ament_install']
[3.704s] Level 1:colcon.colcon_core.package_identification:_identify(src/path_generation) by extension 'ignore'
[3.705s] Level 1:colcon.colcon_core.package_identification:_identify(src/path_generation) by extension 'ignore_ament_install'
[3.705s] Level 1:colcon.colcon_core.package_identification:_identify(src/path_generation) by extensions ['colcon_pkg']
[3.705s] Level 1:colcon.colcon_core.package_identification:_identify(src/path_generation) by extension 'colcon_pkg'
[3.705s] Level 1:colcon.colcon_core.package_identification:_identify(src/path_generation) by extensions ['colcon_meta']
[3.705s] Level 1:colcon.colcon_core.package_identification:_identify(src/path_generation) by extension 'colcon_meta'
[3.706s] Level 1:colcon.colcon_core.package_identification:_identify(src/path_generation) by extensions ['ros']
[3.706s] Level 1:colcon.colcon_core.package_identification:_identify(src/path_generation) by extension 'ros'
[3.710s] DEBUG:colcon.colcon_core.package_identification:Package 'src/path_generation' with type 'ros.ament_python' and name 'path_generation'
[3.711s] Level 1:colcon.colcon_core.package_identification:_identify(src/robotics_utils) by extensions ['ignore', 'ignore_ament_install']
[3.711s] Level 1:colcon.colcon_core.package_identification:_identify(src/robotics_utils) by extension 'ignore'
[3.711s] Level 1:colcon.colcon_core.package_identification:_identify(src/robotics_utils) by extension 'ignore_ament_install'
[3.711s] Level 1:colcon.colcon_core.package_identification:_identify(src/robotics_utils) by extensions ['colcon_pkg']
[3.712s] Level 1:colcon.colcon_core.package_identification:_identify(src/robotics_utils) by extension 'colcon_pkg'
[3.712s] Level 1:colcon.colcon_core.package_identification:_identify(src/robotics_utils) by extensions ['colcon_meta']
[3.712s] Level 1:colcon.colcon_core.package_identification:_identify(src/robotics_utils) by extension 'colcon_meta'
[3.712s] Level 1:colcon.colcon_core.package_identification:_identify(src/robotics_utils) by extensions ['ros']
[3.712s] Level 1:colcon.colcon_core.package_identification:_identify(src/robotics_utils) by extension 'ros'
[3.714s] DEBUG:colcon.colcon_core.package_identification:Package 'src/robotics_utils' with type 'ros.ament_python' and name 'robotics_utils'
[3.714s] Level 1:colcon.colcon_core.package_discovery:discover_packages(recursive) using defaults
[3.715s] Level 1:colcon.colcon_core.package_discovery:discover_packages(ignore) discover
[3.715s] Level 1:colcon.colcon_core.package_discovery:discover_packages(ignore) using defaults
[3.715s] Level 1:colcon.colcon_core.package_discovery:discover_packages(path) discover
[3.715s] Level 1:colcon.colcon_core.package_discovery:discover_packages(path) using defaults
[3.904s] Level 5:colcon.colcon_core.verb:set package 'nav2_wfd' build argument 'cmake_args' from command line to 'None'
[3.904s] Level 5:colcon.colcon_core.verb:set package 'nav2_wfd' build argument 'cmake_target' from command line to 'None'
[3.905s] Level 5:colcon.colcon_core.verb:set package 'nav2_wfd' build argument 'cmake_target_skip_unavailable' from command line to 'False'
[3.905s] Level 5:colcon.colcon_core.verb:set package 'nav2_wfd' build argument 'cmake_clean_cache' from command line to 'False'
[3.905s] Level 5:colcon.colcon_core.verb:set package 'nav2_wfd' build argument 'cmake_clean_first' from command line to 'False'
[3.905s] Level 5:colcon.colcon_core.verb:set package 'nav2_wfd' build argument 'cmake_force_configure' from command line to 'False'
[3.905s] Level 5:colcon.colcon_core.verb:set package 'nav2_wfd' build argument 'ament_cmake_args' from command line to 'None'
[3.905s] Level 5:colcon.colcon_core.verb:set package 'nav2_wfd' build argument 'catkin_cmake_args' from command line to 'None'
[3.905s] Level 5:colcon.colcon_core.verb:set package 'nav2_wfd' build argument 'catkin_skip_building_tests' from command line to 'False'
[3.905s] DEBUG:colcon.colcon_core.verb:Building package 'nav2_wfd' with the following arguments: {'ament_cmake_args': None, 'build_base': '/root/codes/NST_proj_ws/build/nav2_wfd', 'catkin_cmake_args': None, 'catkin_skip_building_tests': False, 'cmake_args': None, 'cmake_clean_cache': False, 'cmake_clean_first': False, 'cmake_force_configure': False, 'cmake_target': None, 'cmake_target_skip_unavailable': False, 'install_base': '/root/codes/NST_proj_ws/install/nav2_wfd', 'merge_install': False, 'path': '/root/codes/NST_proj_ws/src/nav2_wfd', 'symlink_install': False, 'test_result_base': None}
[3.911s] Level 5:colcon.colcon_core.verb:set package 'nav2_wfd_tf' build argument 'cmake_args' from command line to 'None'
[3.911s] Level 5:colcon.colcon_core.verb:set package 'nav2_wfd_tf' build argument 'cmake_target' from command line to 'None'
[3.911s] Level 5:colcon.colcon_core.verb:set package 'nav2_wfd_tf' build argument 'cmake_target_skip_unavailable' from command line to 'False'
[3.912s] Level 5:colcon.colcon_core.verb:set package 'nav2_wfd_tf' build argument 'cmake_clean_cache' from command line to 'False'
[3.912s] Level 5:colcon.colcon_core.verb:set package 'nav2_wfd_tf' build argument 'cmake_clean_first' from command line to 'False'
[3.912s] Level 5:colcon.colcon_core.verb:set package 'nav2_wfd_tf' build argument 'cmake_force_configure' from command line to 'False'
[3.912s] Level 5:colcon.colcon_core.verb:set package 'nav2_wfd_tf' build argument 'ament_cmake_args' from command line to 'None'
[3.912s] Level 5:colcon.colcon_core.verb:set package 'nav2_wfd_tf' build argument 'catkin_cmake_args' from command line to 'None'
[3.912s] Level 5:colcon.colcon_core.verb:set package 'nav2_wfd_tf' build argument 'catkin_skip_building_tests' from command line to 'False'
[3.912s] DEBUG:colcon.colcon_core.verb:Building package 'nav2_wfd_tf' with the following arguments: {'ament_cmake_args': None, 'build_base': '/root/codes/NST_proj_ws/build/nav2_wfd_tf', 'catkin_cmake_args': None, 'catkin_skip_building_tests': False, 'cmake_args': None, 'cmake_clean_cache': False, 'cmake_clean_first': False, 'cmake_force_configure': False, 'cmake_target': None, 'cmake_target_skip_unavailable': False, 'install_base': '/root/codes/NST_proj_ws/install/nav2_wfd_tf', 'merge_install': False, 'path': '/root/codes/NST_proj_ws/src/nav2_wfd_tf', 'symlink_install': False, 'test_result_base': None}
[3.918s] Level 5:colcon.colcon_core.verb:set package 'path_generation' build argument 'cmake_args' from command line to 'None'
[3.918s] Level 5:colcon.colcon_core.verb:set package 'path_generation' build argument 'cmake_target' from command line to 'None'
[3.918s] Level 5:colcon.colcon_core.verb:set package 'path_generation' build argument 'cmake_target_skip_unavailable' from command line to 'False'
[3.918s] Level 5:colcon.colcon_core.verb:set package 'path_generation' build argument 'cmake_clean_cache' from command line to 'False'
[3.918s] Level 5:colcon.colcon_core.verb:set package 'path_generation' build argument 'cmake_clean_first' from command line to 'False'
[3.918s] Level 5:colcon.colcon_core.verb:set package 'path_generation' build argument 'cmake_force_configure' from command line to 'False'
[3.918s] Level 5:colcon.colcon_core.verb:set package 'path_generation' build argument 'ament_cmake_args' from command line to 'None'
[3.918s] Level 5:colcon.colcon_core.verb:set package 'path_generation' build argument 'catkin_cmake_args' from command line to 'None'
[3.919s] Level 5:colcon.colcon_core.verb:set package 'path_generation' build argument 'catkin_skip_building_tests' from command line to 'False'
[3.919s] DEBUG:colcon.colcon_core.verb:Building package 'path_generation' with the following arguments: {'ament_cmake_args': None, 'build_base': '/root/codes/NST_proj_ws/build/path_generation', 'catkin_cmake_args': None, 'catkin_skip_building_tests': False, 'cmake_args': None, 'cmake_clean_cache': False, 'cmake_clean_first': False, 'cmake_force_configure': False, 'cmake_target': None, 'cmake_target_skip_unavailable': False, 'install_base': '/root/codes/NST_proj_ws/install/path_generation', 'merge_install': False, 'path': '/root/codes/NST_proj_ws/src/path_generation', 'symlink_install': False, 'test_result_base': None}
[3.924s] Level 5:colcon.colcon_core.verb:set package 'robotics_utils' build argument 'cmake_args' from command line to 'None'
[3.924s] Level 5:colcon.colcon_core.verb:set package 'robotics_utils' build argument 'cmake_target' from command line to 'None'
[3.924s] Level 5:colcon.colcon_core.verb:set package 'robotics_utils' build argument 'cmake_target_skip_unavailable' from command line to 'False'
[3.924s] Level 5:colcon.colcon_core.verb:set package 'robotics_utils' build argument 'cmake_clean_cache' from command line to 'False'
[3.925s] Level 5:colcon.colcon_core.verb:set package 'robotics_utils' build argument 'cmake_clean_first' from command line to 'False'
[3.925s] Level 5:colcon.colcon_core.verb:set package 'robotics_utils' build argument 'cmake_force_configure' from command line to 'False'
[3.925s] Level 5:colcon.colcon_core.verb:set package 'robotics_utils' build argument 'ament_cmake_args' from command line to 'None'
[3.925s] Level 5:colcon.colcon_core.verb:set package 'robotics_utils' build argument 'catkin_cmake_args' from command line to 'None'
[3.925s] Level 5:colcon.colcon_core.verb:set package 'robotics_utils' build argument 'catkin_skip_building_tests' from command line to 'False'
[3.925s] DEBUG:colcon.colcon_core.verb:Building package 'robotics_utils' with the following arguments: {'ament_cmake_args': None, 'build_base': '/root/codes/NST_proj_ws/build/robotics_utils', 'catkin_cmake_args': None, 'catkin_skip_building_tests': False, 'cmake_args': None, 'cmake_clean_cache': False, 'cmake_clean_first': False, 'cmake_force_configure': False, 'cmake_target': None, 'cmake_target_skip_unavailable': False, 'install_base': '/root/codes/NST_proj_ws/install/robotics_utils', 'merge_install': False, 'path': '/root/codes/NST_proj_ws/src/robotics_utils', 'symlink_install': False, 'test_result_base': None}
[3.930s] Level 5:colcon.colcon_core.verb:set package 'exit_detection' build argument 'cmake_args' from command line to 'None'
[3.930s] Level 5:colcon.colcon_core.verb:set package 'exit_detection' build argument 'cmake_target' from command line to 'None'
[3.931s] Level 5:colcon.colcon_core.verb:set package 'exit_detection' build argument 'cmake_target_skip_unavailable' from command line to 'False'
[3.931s] Level 5:colcon.colcon_core.verb:set package 'exit_detection' build argument 'cmake_clean_cache' from command line to 'False'
[3.931s] Level 5:colcon.colcon_core.verb:set package 'exit_detection' build argument 'cmake_clean_first' from command line to 'False'
[3.931s] Level 5:colcon.colcon_core.verb:set package 'exit_detection' build argument 'cmake_force_configure' from command line to 'False'
[3.931s] Level 5:colcon.colcon_core.verb:set package 'exit_detection' build argument 'ament_cmake_args' from command line to 'None'
[3.931s] Level 5:colcon.colcon_core.verb:set package 'exit_detection' build argument 'catkin_cmake_args' from command line to 'None'
[3.931s] Level 5:colcon.colcon_core.verb:set package 'exit_detection' build argument 'catkin_skip_building_tests' from command line to 'False'
[3.931s] DEBUG:colcon.colcon_core.verb:Building package 'exit_detection' with the following arguments: {'ament_cmake_args': None, 'build_base': '/root/codes/NST_proj_ws/build/exit_detection', 'catkin_cmake_args': None, 'catkin_skip_building_tests': False, 'cmake_args': None, 'cmake_clean_cache': False, 'cmake_clean_first': False, 'cmake_force_configure': False, 'cmake_target': None, 'cmake_target_skip_unavailable': False, 'install_base': '/root/codes/NST_proj_ws/install/exit_detection', 'merge_install': False, 'path': '/root/codes/NST_proj_ws/src/exit_detection', 'symlink_install': False, 'test_result_base': None}
[3.937s] Level 5:colcon.colcon_core.verb:set package 'map_generation' build argument 'cmake_args' from command line to 'None'
[3.937s] Level 5:colcon.colcon_core.verb:set package 'map_generation' build argument 'cmake_target' from command line to 'None'
[3.937s] Level 5:colcon.colcon_core.verb:set package 'map_generation' build argument 'cmake_target_skip_unavailable' from command line to 'False'
[3.937s] Level 5:colcon.colcon_core.verb:set package 'map_generation' build argument 'cmake_clean_cache' from command line to 'False'
[3.937s] Level 5:colcon.colcon_core.verb:set package 'map_generation' build argument 'cmake_clean_first' from command line to 'False'
[3.937s] Level 5:colcon.colcon_core.verb:set package 'map_generation' build argument 'cmake_force_configure' from command line to 'False'
[3.937s] Level 5:colcon.colcon_core.verb:set package 'map_generation' build argument 'ament_cmake_args' from command line to 'None'
[3.938s] Level 5:colcon.colcon_core.verb:set package 'map_generation' build argument 'catkin_cmake_args' from command line to 'None'
[3.938s] Level 5:colcon.colcon_core.verb:set package 'map_generation' build argument 'catkin_skip_building_tests' from command line to 'False'
[3.938s] DEBUG:colcon.colcon_core.verb:Building package 'map_generation' with the following arguments: {'ament_cmake_args': None, 'build_base': '/root/codes/NST_proj_ws/build/map_generation', 'catkin_cmake_args': None, 'catkin_skip_building_tests': False, 'cmake_args': None, 'cmake_clean_cache': False, 'cmake_clean_first': False, 'cmake_force_configure': False, 'cmake_target': None, 'cmake_target_skip_unavailable': False, 'install_base': '/root/codes/NST_proj_ws/install/map_generation', 'merge_install': False, 'path': '/root/codes/NST_proj_ws/src/map_generation', 'symlink_install': False, 'test_result_base': None}
[3.942s] INFO:colcon.colcon_core.executor:Executing jobs using 'parallel' executor
[3.959s] DEBUG:colcon.colcon_parallel_executor.executor.parallel:run_until_complete
[3.960s] INFO:colcon.colcon_ros.task.ament_python.build:Building ROS package in '/root/codes/NST_proj_ws/src/nav2_wfd' with build type 'ament_python'
[3.961s] Level 1:colcon.colcon_core.shell:create_environment_hook('nav2_wfd', 'ament_prefix_path')
[4.013s] INFO:colcon.colcon_core.plugin_system:Skipping extension 'colcon_core.shell.bat': Not used on non-Windows systems
[4.014s] INFO:colcon.colcon_core.shell:Creating environment hook '/root/codes/NST_proj_ws/install/nav2_wfd/share/nav2_wfd/hook/ament_prefix_path.ps1'
[4.018s] INFO:colcon.colcon_core.shell:Creating environment descriptor '/root/codes/NST_proj_ws/install/nav2_wfd/share/nav2_wfd/hook/ament_prefix_path.dsv'
[4.021s] INFO:colcon.colcon_core.shell:Creating environment hook '/root/codes/NST_proj_ws/install/nav2_wfd/share/nav2_wfd/hook/ament_prefix_path.sh'
[4.032s] INFO:colcon.colcon_core.shell:Skip shell extension 'powershell' for command environment: Not usable outside of PowerShell
[4.032s] DEBUG:colcon.colcon_core.shell:Skip shell extension 'dsv' for command environment
[4.144s] INFO:colcon.colcon_ros.task.ament_python.build:Building ROS package in '/root/codes/NST_proj_ws/src/robotics_utils' with build type 'ament_python'
[4.145s] Level 1:colcon.colcon_core.shell:create_environment_hook('robotics_utils', 'ament_prefix_path')
[4.153s] INFO:colcon.colcon_core.shell:Creating environment hook '/root/codes/NST_proj_ws/install/robotics_utils/share/robotics_utils/hook/ament_prefix_path.ps1'
[4.156s] INFO:colcon.colcon_core.shell:Creating environment descriptor '/root/codes/NST_proj_ws/install/robotics_utils/share/robotics_utils/hook/ament_prefix_path.dsv'
[4.157s] INFO:colcon.colcon_core.shell:Creating environment hook '/root/codes/NST_proj_ws/install/robotics_utils/share/robotics_utils/hook/ament_prefix_path.sh'
[4.167s] INFO:colcon.colcon_core.shell:Skip shell extension 'powershell' for command environment: Not usable outside of PowerShell
[4.167s] DEBUG:colcon.colcon_core.shell:Skip shell extension 'dsv' for command environment
[4.215s] INFO:colcon.colcon_ros.task.ament_python.build:Building ROS package in '/root/codes/NST_proj_ws/src/nav2_wfd_tf' with build type 'ament_python'
[4.216s] Level 1:colcon.colcon_core.shell:create_environment_hook('nav2_wfd_tf', 'ament_prefix_path')
[4.226s] INFO:colcon.colcon_core.shell:Creating environment hook '/root/codes/NST_proj_ws/install/nav2_wfd_tf/share/nav2_wfd_tf/hook/ament_prefix_path.ps1'
[4.228s] INFO:colcon.colcon_core.shell:Creating environment descriptor '/root/codes/NST_proj_ws/install/nav2_wfd_tf/share/nav2_wfd_tf/hook/ament_prefix_path.dsv'
[4.229s] INFO:colcon.colcon_core.shell:Creating environment hook '/root/codes/NST_proj_ws/install/nav2_wfd_tf/share/nav2_wfd_tf/hook/ament_prefix_path.sh'
[4.238s] INFO:colcon.colcon_core.shell:Skip shell extension 'powershell' for command environment: Not usable outside of PowerShell
[4.239s] DEBUG:colcon.colcon_core.shell:Skip shell extension 'dsv' for command environment
[4.288s] INFO:colcon.colcon_ros.task.ament_python.build:Building ROS package in '/root/codes/NST_proj_ws/src/path_generation' with build type 'ament_python'
[4.289s] Level 1:colcon.colcon_core.shell:create_environment_hook('path_generation', 'ament_prefix_path')
[4.298s] INFO:colcon.colcon_core.shell:Creating environment hook '/root/codes/NST_proj_ws/install/path_generation/share/path_generation/hook/ament_prefix_path.ps1'
[4.300s] INFO:colcon.colcon_core.shell:Creating environment descriptor '/root/codes/NST_proj_ws/install/path_generation/share/path_generation/hook/ament_prefix_path.dsv'
[4.302s] INFO:colcon.colcon_core.shell:Creating environment hook '/root/codes/NST_proj_ws/install/path_generation/share/path_generation/hook/ament_prefix_path.sh'
[4.311s] INFO:colcon.colcon_core.shell:Skip shell extension 'powershell' for command environment: Not usable outside of PowerShell
[4.311s] DEBUG:colcon.colcon_core.shell:Skip shell extension 'dsv' for command environment
[5.600s] INFO:colcon.colcon_core.task.python.build:Building Python package in '/root/codes/NST_proj_ws/src/nav2_wfd'
[5.608s] INFO:colcon.colcon_core.shell:Skip shell extension 'powershell' for command environment: Not usable outside of PowerShell
[5.609s] DEBUG:colcon.colcon_core.shell:Skip shell extension 'dsv' for command environment
[6.894s] INFO:colcon.colcon_core.task.python.build:Building Python package in '/root/codes/NST_proj_ws/src/robotics_utils'
[6.903s] INFO:colcon.colcon_core.shell:Skip shell extension 'powershell' for command environment: Not usable outside of PowerShell
[6.903s] DEBUG:colcon.colcon_core.shell:Skip shell extension 'dsv' for command environment
[8.169s] INFO:colcon.colcon_core.task.python.build:Building Python package in '/root/codes/NST_proj_ws/src/nav2_wfd_tf'
[8.177s] INFO:colcon.colcon_core.shell:Skip shell extension 'powershell' for command environment: Not usable outside of PowerShell
[8.178s] DEBUG:colcon.colcon_core.shell:Skip shell extension 'dsv' for command environment
[9.444s] INFO:colcon.colcon_core.task.python.build:Building Python package in '/root/codes/NST_proj_ws/src/path_generation'
[9.453s] INFO:colcon.colcon_core.shell:Skip shell extension 'powershell' for command environment: Not usable outside of PowerShell
[9.453s] DEBUG:colcon.colcon_core.shell:Skip shell extension 'dsv' for command environment
[12.663s] DEBUG:colcon.colcon_core.event_handler.log_command:Invoking command in '/root/codes/NST_proj_ws/src/nav2_wfd_tf': PYTHONPATH=/root/codes/NST_proj_ws/build/nav2_wfd_tf/prefix_override:/root/codes/NST_proj_ws/install/nav2_wfd_tf/lib/python3.8/site-packages:${PYTHONPATH} /usr/bin/python3 setup.py egg_info --egg-base ../../build/nav2_wfd_tf build --build-base /root/codes/NST_proj_ws/build/nav2_wfd_tf/build install --record /root/codes/NST_proj_ws/build/nav2_wfd_tf/install.log --install-scripts $base/lib/nav2_wfd_tf --single-version-externally-managed
[12.725s] DEBUG:colcon.colcon_core.event_handler.log_command:Invoking command in '/root/codes/NST_proj_ws/src/robotics_utils': PYTHONPATH=/root/codes/NST_proj_ws/build/robotics_utils/prefix_override:/root/codes/NST_proj_ws/install/robotics_utils/lib/python3.8/site-packages:${PYTHONPATH} /usr/bin/python3 setup.py egg_info --egg-base ../../build/robotics_utils build --build-base /root/codes/NST_proj_ws/build/robotics_utils/build install --record /root/codes/NST_proj_ws/build/robotics_utils/install.log --install-scripts $base/lib/robitics_utils --single-version-externally-managed
[12.738s] DEBUG:colcon.colcon_core.event_handler.log_command:Invoking command in '/root/codes/NST_proj_ws/src/nav2_wfd': PYTHONPATH=/root/codes/NST_proj_ws/build/nav2_wfd/prefix_override:/root/codes/NST_proj_ws/install/nav2_wfd/lib/python3.8/site-packages:${PYTHONPATH} /usr/bin/python3 setup.py egg_info --egg-base ../../build/nav2_wfd build --build-base /root/codes/NST_proj_ws/build/nav2_wfd/build install --record /root/codes/NST_proj_ws/build/nav2_wfd/install.log --install-scripts $base/lib/nav2_wfd --single-version-externally-managed
[12.746s] DEBUG:colcon.colcon_core.event_handler.log_command:Invoking command in '/root/codes/NST_proj_ws/src/path_generation': PYTHONPATH=/root/codes/NST_proj_ws/build/path_generation/prefix_override:/root/codes/NST_proj_ws/install/path_generation/lib/python3.8/site-packages:${PYTHONPATH} /usr/bin/python3 setup.py egg_info --egg-base ../../build/path_generation build --build-base /root/codes/NST_proj_ws/build/path_generation/build install --record /root/codes/NST_proj_ws/build/path_generation/install.log --install-scripts $base/lib/path_generation --single-version-externally-managed
[14.572s] DEBUG:colcon.colcon_core.event_handler.log_command:Invoked command in '/root/codes/NST_proj_ws/src/nav2_wfd' returned '0': PYTHONPATH=/root/codes/NST_proj_ws/build/nav2_wfd/prefix_override:/root/codes/NST_proj_ws/install/nav2_wfd/lib/python3.8/site-packages:${PYTHONPATH} /usr/bin/python3 setup.py egg_info --egg-base ../../build/nav2_wfd build --build-base /root/codes/NST_proj_ws/build/nav2_wfd/build install --record /root/codes/NST_proj_ws/build/nav2_wfd/install.log --install-scripts $base/lib/nav2_wfd --single-version-externally-managed
[14.639s] Level 1:colcon.colcon_core.environment:checking '/root/codes/NST_proj_ws/install/nav2_wfd' for CMake module files
[14.643s] Level 1:colcon.colcon_core.environment:checking '/root/codes/NST_proj_ws/install/nav2_wfd' for CMake config files
[14.646s] Level 1:colcon.colcon_core.environment:checking '/root/codes/NST_proj_ws/install/nav2_wfd/lib'
[14.647s] Level 1:colcon.colcon_core.environment:checking '/root/codes/NST_proj_ws/install/nav2_wfd/bin'
[14.647s] Level 1:colcon.colcon_core.environment:checking '/root/codes/NST_proj_ws/install/nav2_wfd/lib/pkgconfig/nav2_wfd.pc'
[14.648s] Level 1:colcon.colcon_core.environment:checking '/root/codes/NST_proj_ws/install/nav2_wfd/lib/python3.8/site-packages'
[14.649s] Level 1:colcon.colcon_core.shell:create_environment_hook('nav2_wfd', 'pythonpath')
[14.658s] INFO:colcon.colcon_core.shell:Creating environment hook '/root/codes/NST_proj_ws/install/nav2_wfd/share/nav2_wfd/hook/pythonpath.ps1'
[14.660s] INFO:colcon.colcon_core.shell:Creating environment descriptor '/root/codes/NST_proj_ws/install/nav2_wfd/share/nav2_wfd/hook/pythonpath.dsv'
[14.661s] INFO:colcon.colcon_core.shell:Creating environment hook '/root/codes/NST_proj_ws/install/nav2_wfd/share/nav2_wfd/hook/pythonpath.sh'
[14.664s] Level 1:colcon.colcon_core.environment:checking '/root/codes/NST_proj_ws/install/nav2_wfd/bin'
[14.664s] Level 1:colcon.colcon_core.environment:create_environment_scripts_only(nav2_wfd)
[14.673s] INFO:colcon.colcon_core.shell:Creating package script '/root/codes/NST_proj_ws/install/nav2_wfd/share/nav2_wfd/package.ps1'
[14.683s] INFO:colcon.colcon_core.shell:Creating package descriptor '/root/codes/NST_proj_ws/install/nav2_wfd/share/nav2_wfd/package.dsv'
[14.686s] INFO:colcon.colcon_core.shell:Creating package script '/root/codes/NST_proj_ws/install/nav2_wfd/share/nav2_wfd/package.sh'
[14.690s] INFO:colcon.colcon_core.shell:Creating package script '/root/codes/NST_proj_ws/install/nav2_wfd/share/nav2_wfd/package.bash'
[14.695s] INFO:colcon.colcon_core.shell:Creating package script '/root/codes/NST_proj_ws/install/nav2_wfd/share/nav2_wfd/package.zsh'
[14.699s] Level 1:colcon.colcon_core.environment:create_file_with_runtime_dependencies(/root/codes/NST_proj_ws/install/nav2_wfd/share/colcon-core/packages/nav2_wfd)
[14.704s] INFO:colcon.colcon_ros.task.ament_python.build:Building ROS package in '/root/codes/NST_proj_ws/src/map_generation' with build type 'ament_python'
[14.705s] Level 1:colcon.colcon_core.shell:create_environment_hook('map_generation', 'ament_prefix_path')
[14.713s] INFO:colcon.colcon_core.shell:Creating environment hook '/root/codes/NST_proj_ws/install/map_generation/share/map_generation/hook/ament_prefix_path.ps1'
[14.715s] INFO:colcon.colcon_core.shell:Creating environment descriptor '/root/codes/NST_proj_ws/install/map_generation/share/map_generation/hook/ament_prefix_path.dsv'
[14.716s] INFO:colcon.colcon_core.shell:Creating environment hook '/root/codes/NST_proj_ws/install/map_generation/share/map_generation/hook/ament_prefix_path.sh'
[14.725s] INFO:colcon.colcon_core.shell:Skip shell extension 'powershell' for command environment: Not usable outside of PowerShell
[14.725s] DEBUG:colcon.colcon_core.shell:Skip shell extension 'dsv' for command environment
[14.790s] Level 1:colcon.colcon_core.environment:checking '/root/codes/NST_proj_ws/install/robotics_utils' for CMake module files
[14.792s] DEBUG:colcon.colcon_core.event_handler.log_command:Invoked command in '/root/codes/NST_proj_ws/src/robotics_utils' returned '0': PYTHONPATH=/root/codes/NST_proj_ws/build/robotics_utils/prefix_override:/root/codes/NST_proj_ws/install/robotics_utils/lib/python3.8/site-packages:${PYTHONPATH} /usr/bin/python3 setup.py egg_info --egg-base ../../build/robotics_utils build --build-base /root/codes/NST_proj_ws/build/robotics_utils/build install --record /root/codes/NST_proj_ws/build/robotics_utils/install.log --install-scripts $base/lib/robitics_utils --single-version-externally-managed
[14.793s] Level 1:colcon.colcon_core.environment:checking '/root/codes/NST_proj_ws/install/robotics_utils' for CMake config files
[14.796s] Level 1:colcon.colcon_core.environment:checking '/root/codes/NST_proj_ws/install/robotics_utils/lib'
[14.797s] Level 1:colcon.colcon_core.environment:checking '/root/codes/NST_proj_ws/install/robotics_utils/bin'
[14.797s] Level 1:colcon.colcon_core.environment:checking '/root/codes/NST_proj_ws/install/robotics_utils/lib/pkgconfig/robotics_utils.pc'
[14.798s] Level 1:colcon.colcon_core.environment:checking '/root/codes/NST_proj_ws/install/robotics_utils/lib/python3.8/site-packages'
[14.798s] Level 1:colcon.colcon_core.shell:create_environment_hook('robotics_utils', 'pythonpath')
[14.806s] INFO:colcon.colcon_core.shell:Creating environment hook '/root/codes/NST_proj_ws/install/robotics_utils/share/robotics_utils/hook/pythonpath.ps1'
[14.808s] INFO:colcon.colcon_core.shell:Creating environment descriptor '/root/codes/NST_proj_ws/install/robotics_utils/share/robotics_utils/hook/pythonpath.dsv'
[14.818s] INFO:colcon.colcon_core.shell:Creating environment hook '/root/codes/NST_proj_ws/install/robotics_utils/share/robotics_utils/hook/pythonpath.sh'
[14.820s] Level 1:colcon.colcon_core.environment:checking '/root/codes/NST_proj_ws/install/robotics_utils/bin'
[14.821s] Level 1:colcon.colcon_core.environment:create_environment_scripts_only(robotics_utils)
[14.828s] INFO:colcon.colcon_core.shell:Creating package script '/root/codes/NST_proj_ws/install/robotics_utils/share/robotics_utils/package.ps1'
[14.830s] INFO:colcon.colcon_core.shell:Creating package descriptor '/root/codes/NST_proj_ws/install/robotics_utils/share/robotics_utils/package.dsv'
[14.832s] INFO:colcon.colcon_core.shell:Creating package script '/root/codes/NST_proj_ws/install/robotics_utils/share/robotics_utils/package.sh'
[14.834s] INFO:colcon.colcon_core.shell:Creating package script '/root/codes/NST_proj_ws/install/robotics_utils/share/robotics_utils/package.bash'
[14.835s] INFO:colcon.colcon_core.shell:Creating package script '/root/codes/NST_proj_ws/install/robotics_utils/share/robotics_utils/package.zsh'
[14.836s] Level 1:colcon.colcon_core.environment:create_file_with_runtime_dependencies(/root/codes/NST_proj_ws/install/robotics_utils/share/colcon-core/packages/robotics_utils)
[14.848s] Level 1:colcon.colcon_core.environment:checking '/root/codes/NST_proj_ws/install/path_generation' for CMake module files
[14.852s] DEBUG:colcon.colcon_core.event_handler.log_command:Invoked command in '/root/codes/NST_proj_ws/src/path_generation' returned '0': PYTHONPATH=/root/codes/NST_proj_ws/build/path_generation/prefix_override:/root/codes/NST_proj_ws/install/path_generation/lib/python3.8/site-packages:${PYTHONPATH} /usr/bin/python3 setup.py egg_info --egg-base ../../build/path_generation build --build-base /root/codes/NST_proj_ws/build/path_generation/build install --record /root/codes/NST_proj_ws/build/path_generation/install.log --install-scripts $base/lib/path_generation --single-version-externally-managed
[14.853s] Level 1:colcon.colcon_core.environment:checking '/root/codes/NST_proj_ws/install/path_generation' for CMake config files
[14.855s] Level 1:colcon.colcon_core.environment:checking '/root/codes/NST_proj_ws/install/path_generation/lib'
[14.856s] Level 1:colcon.colcon_core.environment:checking '/root/codes/NST_proj_ws/install/path_generation/bin'
[14.856s] Level 1:colcon.colcon_core.shell:create_environment_hook('path_generation', 'path')
[14.863s] INFO:colcon.colcon_core.shell:Creating environment hook '/root/codes/NST_proj_ws/install/path_generation/share/path_generation/hook/path.ps1'
[14.865s] INFO:colcon.colcon_core.shell:Creating environment descriptor '/root/codes/NST_proj_ws/install/path_generation/share/path_generation/hook/path.dsv'
[14.866s] INFO:colcon.colcon_core.shell:Creating environment hook '/root/codes/NST_proj_ws/install/path_generation/share/path_generation/hook/path.sh'
[14.867s] Level 1:colcon.colcon_core.environment:checking '/root/codes/NST_proj_ws/install/path_generation/lib/pkgconfig/path_generation.pc'
[14.868s] Level 1:colcon.colcon_core.environment:checking '/root/codes/NST_proj_ws/install/path_generation/lib/python3.8/site-packages'
[14.869s] Level 1:colcon.colcon_core.shell:create_environment_hook('path_generation', 'pythonpath')
[14.876s] INFO:colcon.colcon_core.shell:Creating environment hook '/root/codes/NST_proj_ws/install/path_generation/share/path_generation/hook/pythonpath.ps1'
[14.877s] INFO:colcon.colcon_core.shell:Creating environment descriptor '/root/codes/NST_proj_ws/install/path_generation/share/path_generation/hook/pythonpath.dsv'
[14.878s] INFO:colcon.colcon_core.shell:Creating environment hook '/root/codes/NST_proj_ws/install/path_generation/share/path_generation/hook/pythonpath.sh'
[14.880s] Level 1:colcon.colcon_core.environment:checking '/root/codes/NST_proj_ws/install/path_generation/bin'
[14.880s] Level 1:colcon.colcon_core.shell:create_environment_hook('path_generation', 'pythonscriptspath')
[14.888s] INFO:colcon.colcon_core.shell:Creating environment hook '/root/codes/NST_proj_ws/install/path_generation/share/path_generation/hook/pythonscriptspath.ps1'
[14.889s] INFO:colcon.colcon_core.shell:Creating environment descriptor '/root/codes/NST_proj_ws/install/path_generation/share/path_generation/hook/pythonscriptspath.dsv'
[14.890s] INFO:colcon.colcon_core.shell:Creating environment hook '/root/codes/NST_proj_ws/install/path_generation/share/path_generation/hook/pythonscriptspath.sh'
[14.891s] Level 1:colcon.colcon_core.environment:create_environment_scripts_only(path_generation)
[14.900s] INFO:colcon.colcon_core.shell:Creating package script '/root/codes/NST_proj_ws/install/path_generation/share/path_generation/package.ps1'
[14.903s] INFO:colcon.colcon_core.shell:Creating package descriptor '/root/codes/NST_proj_ws/install/path_generation/share/path_generation/package.dsv'
[14.905s] INFO:colcon.colcon_core.shell:Creating package script '/root/codes/NST_proj_ws/install/path_generation/share/path_generation/package.sh'
[14.907s] INFO:colcon.colcon_core.shell:Creating package script '/root/codes/NST_proj_ws/install/path_generation/share/path_generation/package.bash'
[14.908s] INFO:colcon.colcon_core.shell:Creating package script '/root/codes/NST_proj_ws/install/path_generation/share/path_generation/package.zsh'
[14.909s] Level 1:colcon.colcon_core.environment:create_file_with_runtime_dependencies(/root/codes/NST_proj_ws/install/path_generation/share/colcon-core/packages/path_generation)
[14.921s] Level 1:colcon.colcon_core.environment:checking '/root/codes/NST_proj_ws/install/nav2_wfd_tf' for CMake module files
[14.925s] DEBUG:colcon.colcon_core.event_handler.log_command:Invoked command in '/root/codes/NST_proj_ws/src/nav2_wfd_tf' returned '0': PYTHONPATH=/root/codes/NST_proj_ws/build/nav2_wfd_tf/prefix_override:/root/codes/NST_proj_ws/install/nav2_wfd_tf/lib/python3.8/site-packages:${PYTHONPATH} /usr/bin/python3 setup.py egg_info --egg-base ../../build/nav2_wfd_tf build --build-base /root/codes/NST_proj_ws/build/nav2_wfd_tf/build install --record /root/codes/NST_proj_ws/build/nav2_wfd_tf/install.log --install-scripts $base/lib/nav2_wfd_tf --single-version-externally-managed
[14.926s] Level 1:colcon.colcon_core.environment:checking '/root/codes/NST_proj_ws/install/nav2_wfd_tf' for CMake config files
[14.929s] Level 1:colcon.colcon_core.environment:checking '/root/codes/NST_proj_ws/install/nav2_wfd_tf/lib'
[14.929s] Level 1:colcon.colcon_core.environment:checking '/root/codes/NST_proj_ws/install/nav2_wfd_tf/bin'
[14.929s] Level 1:colcon.colcon_core.environment:checking '/root/codes/NST_proj_ws/install/nav2_wfd_tf/lib/pkgconfig/nav2_wfd_tf.pc'
[14.930s] Level 1:colcon.colcon_core.environment:checking '/root/codes/NST_proj_ws/install/nav2_wfd_tf/lib/python3.8/site-packages'
[14.931s] Level 1:colcon.colcon_core.shell:create_environment_hook('nav2_wfd_tf', 'pythonpath')
[14.938s] INFO:colcon.colcon_core.shell:Creating environment hook '/root/codes/NST_proj_ws/install/nav2_wfd_tf/share/nav2_wfd_tf/hook/pythonpath.ps1'
[14.940s] INFO:colcon.colcon_core.shell:Creating environment descriptor '/root/codes/NST_proj_ws/install/nav2_wfd_tf/share/nav2_wfd_tf/hook/pythonpath.dsv'
[14.941s] INFO:colcon.colcon_core.shell:Creating environment hook '/root/codes/NST_proj_ws/install/nav2_wfd_tf/share/nav2_wfd_tf/hook/pythonpath.sh'
[14.943s] Level 1:colcon.colcon_core.environment:checking '/root/codes/NST_proj_ws/install/nav2_wfd_tf/bin'
[14.943s] Level 1:colcon.colcon_core.environment:create_environment_scripts_only(nav2_wfd_tf)
[14.951s] INFO:colcon.colcon_core.shell:Creating package script '/root/codes/NST_proj_ws/install/nav2_wfd_tf/share/nav2_wfd_tf/package.ps1'
[14.953s] INFO:colcon.colcon_core.shell:Creating package descriptor '/root/codes/NST_proj_ws/install/nav2_wfd_tf/share/nav2_wfd_tf/package.dsv'
[14.955s] INFO:colcon.colcon_core.shell:Creating package script '/root/codes/NST_proj_ws/install/nav2_wfd_tf/share/nav2_wfd_tf/package.sh'
[14.956s] INFO:colcon.colcon_core.shell:Creating package script '/root/codes/NST_proj_ws/install/nav2_wfd_tf/share/nav2_wfd_tf/package.bash'
[14.958s] INFO:colcon.colcon_core.shell:Creating package script '/root/codes/NST_proj_ws/install/nav2_wfd_tf/share/nav2_wfd_tf/package.zsh'
[14.959s] Level 1:colcon.colcon_core.environment:create_file_with_runtime_dependencies(/root/codes/NST_proj_ws/install/nav2_wfd_tf/share/colcon-core/packages/nav2_wfd_tf)
[14.962s] INFO:colcon.colcon_ros.task.ament_python.build:Building ROS package in '/root/codes/NST_proj_ws/src/exit_detection' with build type 'ament_python'
[14.962s] Level 1:colcon.colcon_core.shell:create_environment_hook('exit_detection', 'ament_prefix_path')
[14.970s] INFO:colcon.colcon_core.shell:Creating environment hook '/root/codes/NST_proj_ws/install/exit_detection/share/exit_detection/hook/ament_prefix_path.ps1'
[14.973s] INFO:colcon.colcon_core.shell:Creating environment descriptor '/root/codes/NST_proj_ws/install/exit_detection/share/exit_detection/hook/ament_prefix_path.dsv'
[14.975s] INFO:colcon.colcon_core.shell:Creating environment hook '/root/codes/NST_proj_ws/install/exit_detection/share/exit_detection/hook/ament_prefix_path.sh'
[14.984s] INFO:colcon.colcon_core.shell:Skip shell extension 'powershell' for command environment: Not usable outside of PowerShell
[14.984s] DEBUG:colcon.colcon_core.shell:Skip shell extension 'dsv' for command environment
[16.279s] INFO:colcon.colcon_core.task.python.build:Building Python package in '/root/codes/NST_proj_ws/src/map_generation'
[16.287s] INFO:colcon.colcon_core.shell:Skip shell extension 'powershell' for command environment: Not usable outside of PowerShell
[16.287s] DEBUG:colcon.colcon_core.shell:Skip shell extension 'dsv' for command environment
[17.575s] INFO:colcon.colcon_core.task.python.build:Building Python package in '/root/codes/NST_proj_ws/src/exit_detection'
[17.584s] INFO:colcon.colcon_core.shell:Skip shell extension 'powershell' for command environment: Not usable outside of PowerShell
[17.584s] DEBUG:colcon.colcon_core.shell:Skip shell extension 'dsv' for command environment
[19.869s] DEBUG:colcon.colcon_core.event_handler.log_command:Invoking command in '/root/codes/NST_proj_ws/src/exit_detection': AMENT_PREFIX_PATH=/root/codes/NST_proj_ws/install/robotics_utils:${AMENT_PREFIX_PATH} PYTHONPATH=/root/codes/NST_proj_ws/build/exit_detection/prefix_override:/root/codes/NST_proj_ws/install/exit_detection/lib/python3.8/site-packages:/root/codes/NST_proj_ws/install/robotics_utils/lib/python3.8/site-packages:${PYTHONPATH} /usr/bin/python3 setup.py egg_info --egg-base ../../build/exit_detection build --build-base /root/codes/NST_proj_ws/build/exit_detection/build install --record /root/codes/NST_proj_ws/build/exit_detection/install.log --install-scripts $base/lib/exit_detection --single-version-externally-managed
[19.888s] DEBUG:colcon.colcon_core.event_handler.log_command:Invoking command in '/root/codes/NST_proj_ws/src/map_generation': AMENT_PREFIX_PATH=/root/codes/NST_proj_ws/install/nav2_wfd:${AMENT_PREFIX_PATH} PYTHONPATH=/root/codes/NST_proj_ws/build/map_generation/prefix_override:/root/codes/NST_proj_ws/install/map_generation/lib/python3.8/site-packages:/root/codes/NST_proj_ws/install/nav2_wfd/lib/python3.8/site-packages:${PYTHONPATH} /usr/bin/python3 setup.py egg_info --egg-base ../../build/map_generation build --build-base /root/codes/NST_proj_ws/build/map_generation/build install --record /root/codes/NST_proj_ws/build/map_generation/install.log --single-version-externally-managed
[21.542s] Level 1:colcon.colcon_core.environment:checking '/root/codes/NST_proj_ws/install/exit_detection' for CMake module files
[21.544s] DEBUG:colcon.colcon_core.event_handler.log_command:Invoked command in '/root/codes/NST_proj_ws/src/exit_detection' returned '0': AMENT_PREFIX_PATH=/root/codes/NST_proj_ws/install/robotics_utils:${AMENT_PREFIX_PATH} PYTHONPATH=/root/codes/NST_proj_ws/build/exit_detection/prefix_override:/root/codes/NST_proj_ws/install/exit_detection/lib/python3.8/site-packages:/root/codes/NST_proj_ws/install/robotics_utils/lib/python3.8/site-packages:${PYTHONPATH} /usr/bin/python3 setup.py egg_info --egg-base ../../build/exit_detection build --build-base /root/codes/NST_proj_ws/build/exit_detection/build install --record /root/codes/NST_proj_ws/build/exit_detection/install.log --install-scripts $base/lib/exit_detection --single-version-externally-managed
[21.546s] Level 1:colcon.colcon_core.environment:checking '/root/codes/NST_proj_ws/install/exit_detection' for CMake config files
[21.550s] Level 1:colcon.colcon_core.environment:checking '/root/codes/NST_proj_ws/install/exit_detection/lib'
[21.550s] Level 1:colcon.colcon_core.environment:checking '/root/codes/NST_proj_ws/install/exit_detection/bin'
[21.550s] Level 1:colcon.colcon_core.shell:create_environment_hook('exit_detection', 'path')
[21.558s] INFO:colcon.colcon_core.shell:Creating environment hook '/root/codes/NST_proj_ws/install/exit_detection/share/exit_detection/hook/path.ps1'
[21.560s] INFO:colcon.colcon_core.shell:Creating environment descriptor '/root/codes/NST_proj_ws/install/exit_detection/share/exit_detection/hook/path.dsv'
[21.561s] INFO:colcon.colcon_core.shell:Creating environment hook '/root/codes/NST_proj_ws/install/exit_detection/share/exit_detection/hook/path.sh'
[21.562s] Level 1:colcon.colcon_core.environment:checking '/root/codes/NST_proj_ws/install/exit_detection/lib/pkgconfig/exit_detection.pc'
[21.563s] Level 1:colcon.colcon_core.environment:checking '/root/codes/NST_proj_ws/install/exit_detection/lib/python3.8/site-packages'
[21.563s] Level 1:colcon.colcon_core.shell:create_environment_hook('exit_detection', 'pythonpath')
[21.571s] INFO:colcon.colcon_core.shell:Creating environment hook '/root/codes/NST_proj_ws/install/exit_detection/share/exit_detection/hook/pythonpath.ps1'
[21.572s] INFO:colcon.colcon_core.shell:Creating environment descriptor '/root/codes/NST_proj_ws/install/exit_detection/share/exit_detection/hook/pythonpath.dsv'
[21.574s] INFO:colcon.colcon_core.shell:Creating environment hook '/root/codes/NST_proj_ws/install/exit_detection/share/exit_detection/hook/pythonpath.sh'
[21.575s] Level 1:colcon.colcon_core.environment:checking '/root/codes/NST_proj_ws/install/exit_detection/bin'
[21.576s] Level 1:colcon.colcon_core.shell:create_environment_hook('exit_detection', 'pythonscriptspath')
[21.583s] INFO:colcon.colcon_core.shell:Creating environment hook '/root/codes/NST_proj_ws/install/exit_detection/share/exit_detection/hook/pythonscriptspath.ps1'
[21.585s] INFO:colcon.colcon_core.shell:Creating environment descriptor '/root/codes/NST_proj_ws/install/exit_detection/share/exit_detection/hook/pythonscriptspath.dsv'
[21.586s] INFO:colcon.colcon_core.shell:Creating environment hook '/root/codes/NST_proj_ws/install/exit_detection/share/exit_detection/hook/pythonscriptspath.sh'
[21.587s] Level 1:colcon.colcon_core.environment:create_environment_scripts_only(exit_detection)
[21.595s] INFO:colcon.colcon_core.shell:Creating package script '/root/codes/NST_proj_ws/install/exit_detection/share/exit_detection/package.ps1'
[21.597s] INFO:colcon.colcon_core.shell:Creating package descriptor '/root/codes/NST_proj_ws/install/exit_detection/share/exit_detection/package.dsv'
[21.599s] INFO:colcon.colcon_core.shell:Creating package script '/root/codes/NST_proj_ws/install/exit_detection/share/exit_detection/package.sh'
[21.601s] INFO:colcon.colcon_core.shell:Creating package script '/root/codes/NST_proj_ws/install/exit_detection/share/exit_detection/package.bash'
[21.602s] INFO:colcon.colcon_core.shell:Creating package script '/root/codes/NST_proj_ws/install/exit_detection/share/exit_detection/package.zsh'
[21.605s] Level 1:colcon.colcon_core.environment:create_file_with_runtime_dependencies(/root/codes/NST_proj_ws/install/exit_detection/share/colcon-core/packages/exit_detection)
[21.621s] Level 1:colcon.colcon_core.environment:checking '/root/codes/NST_proj_ws/install/map_generation' for CMake module files
[21.623s] DEBUG:colcon.colcon_core.event_handler.log_command:Invoked command in '/root/codes/NST_proj_ws/src/map_generation' returned '0': AMENT_PREFIX_PATH=/root/codes/NST_proj_ws/install/nav2_wfd:${AMENT_PREFIX_PATH} PYTHONPATH=/root/codes/NST_proj_ws/build/map_generation/prefix_override:/root/codes/NST_proj_ws/install/map_generation/lib/python3.8/site-packages:/root/codes/NST_proj_ws/install/nav2_wfd/lib/python3.8/site-packages:${PYTHONPATH} /usr/bin/python3 setup.py egg_info --egg-base ../../build/map_generation build --build-base /root/codes/NST_proj_ws/build/map_generation/build install --record /root/codes/NST_proj_ws/build/map_generation/install.log --single-version-externally-managed
[21.624s] Level 1:colcon.colcon_core.environment:checking '/root/codes/NST_proj_ws/install/map_generation' for CMake config files
[21.627s] Level 1:colcon.colcon_core.environment:checking '/root/codes/NST_proj_ws/install/map_generation/lib'
[21.627s] Level 1:colcon.colcon_core.environment:checking '/root/codes/NST_proj_ws/install/map_generation/bin'
[21.628s] Level 1:colcon.colcon_core.environment:checking '/root/codes/NST_proj_ws/install/map_generation/lib/pkgconfig/map_generation.pc'
[21.628s] Level 1:colcon.colcon_core.environment:checking '/root/codes/NST_proj_ws/install/map_generation/lib/python3.8/site-packages'
[21.629s] Level 1:colcon.colcon_core.shell:create_environment_hook('map_generation', 'pythonpath')
[21.636s] INFO:colcon.colcon_core.shell:Creating environment hook '/root/codes/NST_proj_ws/install/map_generation/share/map_generation/hook/pythonpath.ps1'
[21.638s] INFO:colcon.colcon_core.shell:Creating environment descriptor '/root/codes/NST_proj_ws/install/map_generation/share/map_generation/hook/pythonpath.dsv'
[21.639s] INFO:colcon.colcon_core.shell:Creating environment hook '/root/codes/NST_proj_ws/install/map_generation/share/map_generation/hook/pythonpath.sh'
[21.641s] Level 1:colcon.colcon_core.environment:checking '/root/codes/NST_proj_ws/install/map_generation/bin'
[21.641s] Level 1:colcon.colcon_core.environment:create_environment_scripts_only(map_generation)
[21.649s] INFO:colcon.colcon_core.shell:Creating package script '/root/codes/NST_proj_ws/install/map_generation/share/map_generation/package.ps1'
[21.651s] INFO:colcon.colcon_core.shell:Creating package descriptor '/root/codes/NST_proj_ws/install/map_generation/share/map_generation/package.dsv'
[21.653s] INFO:colcon.colcon_core.shell:Creating package script '/root/codes/NST_proj_ws/install/map_generation/share/map_generation/package.sh'
[21.655s] INFO:colcon.colcon_core.shell:Creating package script '/root/codes/NST_proj_ws/install/map_generation/share/map_generation/package.bash'
[21.656s] INFO:colcon.colcon_core.shell:Creating package script '/root/codes/NST_proj_ws/install/map_generation/share/map_generation/package.zsh'
[21.657s] Level 1:colcon.colcon_core.environment:create_file_with_runtime_dependencies(/root/codes/NST_proj_ws/install/map_generation/share/colcon-core/packages/map_generation)
[21.659s] DEBUG:colcon.colcon_parallel_executor.executor.parallel:closing loop
[21.660s] DEBUG:colcon.colcon_parallel_executor.executor.parallel:loop closed
[21.660s] DEBUG:colcon.colcon_parallel_executor.executor.parallel:run_until_complete finished with '0'
[21.660s] DEBUG:colcon.colcon_core.event_reactor:joining thread
[21.742s] INFO:colcon.colcon_core.plugin_system:Skipping extension 'colcon_notification.desktop_notification.notify_send': Could not find 'notify-send'
[21.742s] INFO:colcon.colcon_core.plugin_system:Skipping extension 'colcon_notification.desktop_notification.terminal_notifier': Not used on non-Darwin systems
[21.743s] INFO:colcon.colcon_core.plugin_system:Skipping extension 'colcon_notification.desktop_notification.win32': Not used on non-Windows systems
[21.743s] INFO:colcon.colcon_notification.desktop_notification:Sending desktop notification using 'notify2'
[21.743s] DEBUG:colcon.colcon_notification.desktop_notification.notify2:Failed to initialize notify2: org.freedesktop.DBus.Error.NotSupported: Unable to autolaunch a dbus-daemon without a $DISPLAY for X11
[21.744s] DEBUG:colcon.colcon_core.event_reactor:joined thread
[21.751s] INFO:colcon.colcon_core.shell:Creating prefix script '/root/codes/NST_proj_ws/install/local_setup.ps1'
[21.761s] INFO:colcon.colcon_core.shell:Creating prefix util module '/root/codes/NST_proj_ws/install/_local_setup_util_ps1.py'
[21.768s] INFO:colcon.colcon_core.shell:Creating prefix chain script '/root/codes/NST_proj_ws/install/setup.ps1'
[21.786s] INFO:colcon.colcon_core.shell:Creating prefix script '/root/codes/NST_proj_ws/install/local_setup.sh'
[21.789s] INFO:colcon.colcon_core.shell:Creating prefix util module '/root/codes/NST_proj_ws/install/_local_setup_util_sh.py'
[21.791s] INFO:colcon.colcon_core.shell:Creating prefix chain script '/root/codes/NST_proj_ws/install/setup.sh'
[21.811s] INFO:colcon.colcon_core.shell:Creating prefix script '/root/codes/NST_proj_ws/install/local_setup.bash'
[21.817s] INFO:colcon.colcon_core.shell:Creating prefix chain script '/root/codes/NST_proj_ws/install/setup.bash'
[21.838s] INFO:colcon.colcon_core.shell:Creating prefix script '/root/codes/NST_proj_ws/install/local_setup.zsh'
[21.844s] INFO:colcon.colcon_core.shell:Creating prefix chain script '/root/codes/NST_proj_ws/install/setup.zsh'
