[2.139s] DEBUG:colcon:Command line arguments: ['/usr/bin/colcon', 'build']
[2.139s] DEBUG:colcon:Parsed command line arguments: Namespace(ament_cmake_args=None, base_paths=['.'], build_base='build', catkin_cmake_args=None, catkin_skip_building_tests=False, cmake_args=None, cmake_clean_cache=False, cmake_clean_first=False, cmake_force_configure=False, cmake_target=None, cmake_target_skip_unavailable=False, continue_on_error=False, event_handlers=None, executor='parallel', ignore_user_meta=False, install_base='install', log_base=None, log_level=None, main=<bound method BuildVerb.main of <colcon_core.verb.build.BuildVerb object at 0x7f770e6460>>, merge_install=False, metas=['./colcon.meta'], mixin=None, mixin_files=None, mixin_verb=('build',), packages_above=None, packages_above_and_dependencies=None, packages_above_depth=None, packages_end=None, packages_ignore=None, packages_ignore_regex=None, packages_select=None, packages_select_build_failed=False, packages_select_by_dep=None, packages_select_regex=None, packages_select_test_failures=False, packages_skip=None, packages_skip_build_finished=False, packages_skip_by_dep=None, packages_skip_regex=None, packages_skip_test_passed=False, packages_skip_up_to=None, packages_start=None, packages_up_to=None, packages_up_to_regex=None, parallel_workers=4, paths=None, symlink_install=False, test_result_base=None, verb_extension=<colcon_core.verb.build.BuildVerb object at 0x7f770e6460>, verb_name='build', verb_parser=<colcon_mixin.mixin.mixin_argument.MixinArgumentDecorator object at 0x7f770e6ac0>)
[2.290s] Level 1:colcon.colcon_core.package_discovery:discover_packages(colcon_meta) check parameters
[2.294s] INFO:colcon.colcon_metadata.package_discovery.colcon_meta:Using configuration from '/root/.colcon/metadata/default/Gazebo.meta'
[2.297s] INFO:colcon.colcon_metadata.package_discovery.colcon_meta:Using configuration from '/root/.colcon/metadata/default/fastrtps.meta'
[2.297s] Level 1:colcon.colcon_core.package_discovery:discover_packages(recursive) check parameters
[2.297s] Level 1:colcon.colcon_core.package_discovery:discover_packages(ignore) check parameters
[2.297s] Level 1:colcon.colcon_core.package_discovery:discover_packages(path) check parameters
[2.297s] Level 1:colcon.colcon_core.package_discovery:discover_packages(colcon_meta) discover
[2.298s] Level 1:colcon.colcon_core.package_discovery:discover_packages(recursive) discover
[2.298s] INFO:colcon.colcon_core.package_discovery:Crawling recursively for packages in '/root/codes/NST_proj_ws'
[2.298s] Level 1:colcon.colcon_core.package_identification:_identify(.) by extensions ['ignore', 'ignore_ament_install']
[2.299s] Level 1:colcon.colcon_core.package_identification:_identify(.) by extension 'ignore'
[2.299s] Level 1:colcon.colcon_core.package_identification:_identify(.) by extension 'ignore_ament_install'
[2.300s] Level 1:colcon.colcon_core.package_identification:_identify(.) by extensions ['colcon_pkg']
[2.300s] Level 1:colcon.colcon_core.package_identification:_identify(.) by extension 'colcon_pkg'
[2.300s] Level 1:colcon.colcon_core.package_identification:_identify(.) by extensions ['colcon_meta']
[2.301s] Level 1:colcon.colcon_core.package_identification:_identify(.) by extension 'colcon_meta'
[2.301s] Level 1:colcon.colcon_core.package_identification:_identify(.) by extensions ['ros']
[2.301s] Level 1:colcon.colcon_core.package_identification:_identify(.) by extension 'ros'
[2.401s] Level 1:colcon.colcon_core.package_identification:_identify(.) by extensions ['cmake', 'python']
[2.401s] Level 1:colcon.colcon_core.package_identification:_identify(.) by extension 'cmake'
[2.401s] Level 1:colcon.colcon_core.package_identification:_identify(.) by extension 'python'
[2.402s] Level 1:colcon.colcon_core.package_identification:_identify(.) by extensions ['python_setup_py']
[2.402s] Level 1:colcon.colcon_core.package_identification:_identify(.) by extension 'python_setup_py'
[2.403s] Level 1:colcon.colcon_core.package_identification:_identify(build) by extensions ['ignore', 'ignore_ament_install']
[2.403s] Level 1:colcon.colcon_core.package_identification:_identify(build) by extension 'ignore'
[2.404s] Level 1:colcon.colcon_core.package_identification:_identify(build) ignored
[2.404s] Level 1:colcon.colcon_core.package_identification:_identify(install) by extensions ['ignore', 'ignore_ament_install']
[2.405s] Level 1:colcon.colcon_core.package_identification:_identify(install) by extension 'ignore'
[2.405s] Level 1:colcon.colcon_core.package_identification:_identify(install) ignored
[2.406s] Level 1:colcon.colcon_core.package_identification:_identify(log) by extensions ['ignore', 'ignore_ament_install']
[2.406s] Level 1:colcon.colcon_core.package_identification:_identify(log) by extension 'ignore'
[2.407s] Level 1:colcon.colcon_core.package_identification:_identify(log) ignored
[2.407s] Level 1:colcon.colcon_core.package_identification:_identify(src) by extensions ['ignore', 'ignore_ament_install']
[2.408s] Level 1:colcon.colcon_core.package_identification:_identify(src) by extension 'ignore'
[2.408s] Level 1:colcon.colcon_core.package_identification:_identify(src) by extension 'ignore_ament_install'
[2.409s] Level 1:colcon.colcon_core.package_identification:_identify(src) by extensions ['colcon_pkg']
[2.409s] Level 1:colcon.colcon_core.package_identification:_identify(src) by extension 'colcon_pkg'
[2.409s] Level 1:colcon.colcon_core.package_identification:_identify(src) by extensions ['colcon_meta']
[2.410s] Level 1:colcon.colcon_core.package_identification:_identify(src) by extension 'colcon_meta'
[2.410s] Level 1:colcon.colcon_core.package_identification:_identify(src) by extensions ['ros']
[2.410s] Level 1:colcon.colcon_core.package_identification:_identify(src) by extension 'ros'
[2.410s] Level 1:colcon.colcon_core.package_identification:_identify(src) by extensions ['cmake', 'python']
[2.411s] Level 1:colcon.colcon_core.package_identification:_identify(src) by extension 'cmake'
[2.411s] Level 1:colcon.colcon_core.package_identification:_identify(src) by extension 'python'
[2.411s] Level 1:colcon.colcon_core.package_identification:_identify(src) by extensions ['python_setup_py']
[2.411s] Level 1:colcon.colcon_core.package_identification:_identify(src) by extension 'python_setup_py'
[2.412s] Level 1:colcon.colcon_core.package_identification:_identify(src/exit_detection) by extensions ['ignore', 'ignore_ament_install']
[2.413s] Level 1:colcon.colcon_core.package_identification:_identify(src/exit_detection) by extension 'ignore'
[2.413s] Level 1:colcon.colcon_core.package_identification:_identify(src/exit_detection) by extension 'ignore_ament_install'
[2.413s] Level 1:colcon.colcon_core.package_identification:_identify(src/exit_detection) by extensions ['colcon_pkg']
[2.413s] Level 1:colcon.colcon_core.package_identification:_identify(src/exit_detection) by extension 'colcon_pkg'
[2.413s] Level 1:colcon.colcon_core.package_identification:_identify(src/exit_detection) by extensions ['colcon_meta']
[2.414s] Level 1:colcon.colcon_core.package_identification:_identify(src/exit_detection) by extension 'colcon_meta'
[2.414s] Level 1:colcon.colcon_core.package_identification:_identify(src/exit_detection) by extensions ['ros']
[2.414s] Level 1:colcon.colcon_core.package_identification:_identify(src/exit_detection) by extension 'ros'
[2.427s] DEBUG:colcon.colcon_core.package_identification:Package 'src/exit_detection' with type 'ros.ament_python' and name 'exit_detection'
[2.428s] Level 1:colcon.colcon_core.package_identification:_identify(src/map_generation) by extensions ['ignore', 'ignore_ament_install']
[2.428s] Level 1:colcon.colcon_core.package_identification:_identify(src/map_generation) by extension 'ignore'
[2.428s] Level 1:colcon.colcon_core.package_identification:_identify(src/map_generation) by extension 'ignore_ament_install'
[2.429s] Level 1:colcon.colcon_core.package_identification:_identify(src/map_generation) by extensions ['colcon_pkg']
[2.429s] Level 1:colcon.colcon_core.package_identification:_identify(src/map_generation) by extension 'colcon_pkg'
[2.429s] Level 1:colcon.colcon_core.package_identification:_identify(src/map_generation) by extensions ['colcon_meta']
[2.430s] Level 1:colcon.colcon_core.package_identification:_identify(src/map_generation) by extension 'colcon_meta'
[2.430s] Level 1:colcon.colcon_core.package_identification:_identify(src/map_generation) by extensions ['ros']
[2.430s] Level 1:colcon.colcon_core.package_identification:_identify(src/map_generation) by extension 'ros'
[2.433s] DEBUG:colcon.colcon_core.package_identification:Package 'src/map_generation' with type 'ros.ament_python' and name 'map_generation'
[2.434s] Level 1:colcon.colcon_core.package_identification:_identify(src/path_generation) by extensions ['ignore', 'ignore_ament_install']
[2.435s] Level 1:colcon.colcon_core.package_identification:_identify(src/path_generation) by extension 'ignore'
[2.435s] Level 1:colcon.colcon_core.package_identification:_identify(src/path_generation) by extension 'ignore_ament_install'
[2.435s] Level 1:colcon.colcon_core.package_identification:_identify(src/path_generation) by extensions ['colcon_pkg']
[2.436s] Level 1:colcon.colcon_core.package_identification:_identify(src/path_generation) by extension 'colcon_pkg'
[2.436s] Level 1:colcon.colcon_core.package_identification:_identify(src/path_generation) by extensions ['colcon_meta']
[2.436s] Level 1:colcon.colcon_core.package_identification:_identify(src/path_generation) by extension 'colcon_meta'
[2.436s] Level 1:colcon.colcon_core.package_identification:_identify(src/path_generation) by extensions ['ros']
[2.437s] Level 1:colcon.colcon_core.package_identification:_identify(src/path_generation) by extension 'ros'
[2.442s] DEBUG:colcon.colcon_core.package_identification:Package 'src/path_generation' with type 'ros.ament_python' and name 'path_generation'
[2.443s] Level 1:colcon.colcon_core.package_identification:_identify(src/robotics_utils) by extensions ['ignore', 'ignore_ament_install']
[2.444s] Level 1:colcon.colcon_core.package_identification:_identify(src/robotics_utils) by extension 'ignore'
[2.444s] Level 1:colcon.colcon_core.package_identification:_identify(src/robotics_utils) by extension 'ignore_ament_install'
[2.444s] Level 1:colcon.colcon_core.package_identification:_identify(src/robotics_utils) by extensions ['colcon_pkg']
[2.445s] Level 1:colcon.colcon_core.package_identification:_identify(src/robotics_utils) by extension 'colcon_pkg'
[2.445s] Level 1:colcon.colcon_core.package_identification:_identify(src/robotics_utils) by extensions ['colcon_meta']
[2.445s] Level 1:colcon.colcon_core.package_identification:_identify(src/robotics_utils) by extension 'colcon_meta'
[2.445s] Level 1:colcon.colcon_core.package_identification:_identify(src/robotics_utils) by extensions ['ros']
[2.445s] Level 1:colcon.colcon_core.package_identification:_identify(src/robotics_utils) by extension 'ros'
[2.448s] DEBUG:colcon.colcon_core.package_identification:Package 'src/robotics_utils' with type 'ros.ament_python' and name 'robotics_utils'
[2.448s] Level 1:colcon.colcon_core.package_discovery:discover_packages(recursive) using defaults
[2.448s] Level 1:colcon.colcon_core.package_discovery:discover_packages(ignore) discover
[2.449s] Level 1:colcon.colcon_core.package_discovery:discover_packages(ignore) using defaults
[2.449s] Level 1:colcon.colcon_core.package_discovery:discover_packages(path) discover
[2.449s] Level 1:colcon.colcon_core.package_discovery:discover_packages(path) using defaults
[2.572s] Level 5:colcon.colcon_core.verb:set package 'map_generation' build argument 'cmake_args' from command line to 'None'
[2.572s] Level 5:colcon.colcon_core.verb:set package 'map_generation' build argument 'cmake_target' from command line to 'None'
[2.572s] Level 5:colcon.colcon_core.verb:set package 'map_generation' build argument 'cmake_target_skip_unavailable' from command line to 'False'
[2.572s] Level 5:colcon.colcon_core.verb:set package 'map_generation' build argument 'cmake_clean_cache' from command line to 'False'
[2.572s] Level 5:colcon.colcon_core.verb:set package 'map_generation' build argument 'cmake_clean_first' from command line to 'False'
[2.573s] Level 5:colcon.colcon_core.verb:set package 'map_generation' build argument 'cmake_force_configure' from command line to 'False'
[2.573s] Level 5:colcon.colcon_core.verb:set package 'map_generation' build argument 'ament_cmake_args' from command line to 'None'
[2.573s] Level 5:colcon.colcon_core.verb:set package 'map_generation' build argument 'catkin_cmake_args' from command line to 'None'
[2.573s] Level 5:colcon.colcon_core.verb:set package 'map_generation' build argument 'catkin_skip_building_tests' from command line to 'False'
[2.573s] DEBUG:colcon.colcon_core.verb:Building package 'map_generation' with the following arguments: {'ament_cmake_args': None, 'build_base': '/root/codes/NST_proj_ws/build/map_generation', 'catkin_cmake_args': None, 'catkin_skip_building_tests': False, 'cmake_args': None, 'cmake_clean_cache': False, 'cmake_clean_first': False, 'cmake_force_configure': False, 'cmake_target': None, 'cmake_target_skip_unavailable': False, 'install_base': '/root/codes/NST_proj_ws/install/map_generation', 'merge_install': False, 'path': '/root/codes/NST_proj_ws/src/map_generation', 'symlink_install': False, 'test_result_base': None}
[2.580s] Level 5:colcon.colcon_core.verb:set package 'path_generation' build argument 'cmake_args' from command line to 'None'
[2.580s] Level 5:colcon.colcon_core.verb:set package 'path_generation' build argument 'cmake_target' from command line to 'None'
[2.581s] Level 5:colcon.colcon_core.verb:set package 'path_generation' build argument 'cmake_target_skip_unavailable' from command line to 'False'
[2.581s] Level 5:colcon.colcon_core.verb:set package 'path_generation' build argument 'cmake_clean_cache' from command line to 'False'
[2.581s] Level 5:colcon.colcon_core.verb:set package 'path_generation' build argument 'cmake_clean_first' from command line to 'False'
[2.581s] Level 5:colcon.colcon_core.verb:set package 'path_generation' build argument 'cmake_force_configure' from command line to 'False'
[2.581s] Level 5:colcon.colcon_core.verb:set package 'path_generation' build argument 'ament_cmake_args' from command line to 'None'
[2.581s] Level 5:colcon.colcon_core.verb:set package 'path_generation' build argument 'catkin_cmake_args' from command line to 'None'
[2.581s] Level 5:colcon.colcon_core.verb:set package 'path_generation' build argument 'catkin_skip_building_tests' from command line to 'False'
[2.582s] DEBUG:colcon.colcon_core.verb:Building package 'path_generation' with the following arguments: {'ament_cmake_args': None, 'build_base': '/root/codes/NST_proj_ws/build/path_generation', 'catkin_cmake_args': None, 'catkin_skip_building_tests': False, 'cmake_args': None, 'cmake_clean_cache': False, 'cmake_clean_first': False, 'cmake_force_configure': False, 'cmake_target': None, 'cmake_target_skip_unavailable': False, 'install_base': '/root/codes/NST_proj_ws/install/path_generation', 'merge_install': False, 'path': '/root/codes/NST_proj_ws/src/path_generation', 'symlink_install': False, 'test_result_base': None}
[2.587s] Level 5:colcon.colcon_core.verb:set package 'robotics_utils' build argument 'cmake_args' from command line to 'None'
[2.588s] Level 5:colcon.colcon_core.verb:set package 'robotics_utils' build argument 'cmake_target' from command line to 'None'
[2.588s] Level 5:colcon.colcon_core.verb:set package 'robotics_utils' build argument 'cmake_target_skip_unavailable' from command line to 'False'
[2.588s] Level 5:colcon.colcon_core.verb:set package 'robotics_utils' build argument 'cmake_clean_cache' from command line to 'False'
[2.588s] Level 5:colcon.colcon_core.verb:set package 'robotics_utils' build argument 'cmake_clean_first' from command line to 'False'
[2.588s] Level 5:colcon.colcon_core.verb:set package 'robotics_utils' build argument 'cmake_force_configure' from command line to 'False'
[2.588s] Level 5:colcon.colcon_core.verb:set package 'robotics_utils' build argument 'ament_cmake_args' from command line to 'None'
[2.589s] Level 5:colcon.colcon_core.verb:set package 'robotics_utils' build argument 'catkin_cmake_args' from command line to 'None'
[2.589s] Level 5:colcon.colcon_core.verb:set package 'robotics_utils' build argument 'catkin_skip_building_tests' from command line to 'False'
[2.589s] DEBUG:colcon.colcon_core.verb:Building package 'robotics_utils' with the following arguments: {'ament_cmake_args': None, 'build_base': '/root/codes/NST_proj_ws/build/robotics_utils', 'catkin_cmake_args': None, 'catkin_skip_building_tests': False, 'cmake_args': None, 'cmake_clean_cache': False, 'cmake_clean_first': False, 'cmake_force_configure': False, 'cmake_target': None, 'cmake_target_skip_unavailable': False, 'install_base': '/root/codes/NST_proj_ws/install/robotics_utils', 'merge_install': False, 'path': '/root/codes/NST_proj_ws/src/robotics_utils', 'symlink_install': False, 'test_result_base': None}
[2.595s] Level 5:colcon.colcon_core.verb:set package 'exit_detection' build argument 'cmake_args' from command line to 'None'
[2.595s] Level 5:colcon.colcon_core.verb:set package 'exit_detection' build argument 'cmake_target' from command line to 'None'
[2.595s] Level 5:colcon.colcon_core.verb:set package 'exit_detection' build argument 'cmake_target_skip_unavailable' from command line to 'False'
[2.596s] Level 5:colcon.colcon_core.verb:set package 'exit_detection' build argument 'cmake_clean_cache' from command line to 'False'
[2.596s] Level 5:colcon.colcon_core.verb:set package 'exit_detection' build argument 'cmake_clean_first' from command line to 'False'
[2.596s] Level 5:colcon.colcon_core.verb:set package 'exit_detection' build argument 'cmake_force_configure' from command line to 'False'
[2.596s] Level 5:colcon.colcon_core.verb:set package 'exit_detection' build argument 'ament_cmake_args' from command line to 'None'
[2.596s] Level 5:colcon.colcon_core.verb:set package 'exit_detection' build argument 'catkin_cmake_args' from command line to 'None'
[2.596s] Level 5:colcon.colcon_core.verb:set package 'exit_detection' build argument 'catkin_skip_building_tests' from command line to 'False'
[2.597s] DEBUG:colcon.colcon_core.verb:Building package 'exit_detection' with the following arguments: {'ament_cmake_args': None, 'build_base': '/root/codes/NST_proj_ws/build/exit_detection', 'catkin_cmake_args': None, 'catkin_skip_building_tests': False, 'cmake_args': None, 'cmake_clean_cache': False, 'cmake_clean_first': False, 'cmake_force_configure': False, 'cmake_target': None, 'cmake_target_skip_unavailable': False, 'install_base': '/root/codes/NST_proj_ws/install/exit_detection', 'merge_install': False, 'path': '/root/codes/NST_proj_ws/src/exit_detection', 'symlink_install': False, 'test_result_base': None}
[2.601s] INFO:colcon.colcon_core.executor:Executing jobs using 'parallel' executor
[2.624s] DEBUG:colcon.colcon_parallel_executor.executor.parallel:run_until_complete
[2.625s] INFO:colcon.colcon_ros.task.ament_python.build:Building ROS package in '/root/codes/NST_proj_ws/src/robotics_utils' with build type 'ament_python'
[2.625s] Level 1:colcon.colcon_core.shell:create_environment_hook('robotics_utils', 'ament_prefix_path')
[2.655s] INFO:colcon.colcon_core.plugin_system:Skipping extension 'colcon_core.shell.bat': Not used on non-Windows systems
[2.656s] INFO:colcon.colcon_core.shell:Creating environment hook '/root/codes/NST_proj_ws/install/robotics_utils/share/robotics_utils/hook/ament_prefix_path.ps1'
[2.658s] INFO:colcon.colcon_core.shell:Creating environment descriptor '/root/codes/NST_proj_ws/install/robotics_utils/share/robotics_utils/hook/ament_prefix_path.dsv'
[2.661s] INFO:colcon.colcon_core.shell:Creating environment hook '/root/codes/NST_proj_ws/install/robotics_utils/share/robotics_utils/hook/ament_prefix_path.sh'
[2.673s] INFO:colcon.colcon_core.shell:Skip shell extension 'powershell' for command environment: Not usable outside of PowerShell
[2.674s] DEBUG:colcon.colcon_core.shell:Skip shell extension 'dsv' for command environment
[2.735s] INFO:colcon.colcon_ros.task.ament_python.build:Building ROS package in '/root/codes/NST_proj_ws/src/map_generation' with build type 'ament_python'
[2.736s] Level 1:colcon.colcon_core.shell:create_environment_hook('map_generation', 'ament_prefix_path')
[2.750s] INFO:colcon.colcon_core.shell:Creating environment hook '/root/codes/NST_proj_ws/install/map_generation/share/map_generation/hook/ament_prefix_path.ps1'
[2.753s] INFO:colcon.colcon_core.shell:Creating environment descriptor '/root/codes/NST_proj_ws/install/map_generation/share/map_generation/hook/ament_prefix_path.dsv'
[2.754s] INFO:colcon.colcon_core.shell:Creating environment hook '/root/codes/NST_proj_ws/install/map_generation/share/map_generation/hook/ament_prefix_path.sh'
[2.763s] INFO:colcon.colcon_core.shell:Skip shell extension 'powershell' for command environment: Not usable outside of PowerShell
[2.764s] DEBUG:colcon.colcon_core.shell:Skip shell extension 'dsv' for command environment
[2.819s] INFO:colcon.colcon_ros.task.ament_python.build:Building ROS package in '/root/codes/NST_proj_ws/src/path_generation' with build type 'ament_python'
[2.820s] Level 1:colcon.colcon_core.shell:create_environment_hook('path_generation', 'ament_prefix_path')
[2.830s] INFO:colcon.colcon_core.shell:Creating environment hook '/root/codes/NST_proj_ws/install/path_generation/share/path_generation/hook/ament_prefix_path.ps1'
[2.833s] INFO:colcon.colcon_core.shell:Creating environment descriptor '/root/codes/NST_proj_ws/install/path_generation/share/path_generation/hook/ament_prefix_path.dsv'
[2.835s] INFO:colcon.colcon_core.shell:Creating environment hook '/root/codes/NST_proj_ws/install/path_generation/share/path_generation/hook/ament_prefix_path.sh'
[2.848s] INFO:colcon.colcon_core.shell:Skip shell extension 'powershell' for command environment: Not usable outside of PowerShell
[2.849s] DEBUG:colcon.colcon_core.shell:Skip shell extension 'dsv' for command environment
[4.417s] INFO:colcon.colcon_core.task.python.build:Building Python package in '/root/codes/NST_proj_ws/src/robotics_utils'
[4.427s] INFO:colcon.colcon_core.shell:Skip shell extension 'powershell' for command environment: Not usable outside of PowerShell
[4.427s] DEBUG:colcon.colcon_core.shell:Skip shell extension 'dsv' for command environment
[5.980s] INFO:colcon.colcon_core.task.python.build:Building Python package in '/root/codes/NST_proj_ws/src/map_generation'
[5.989s] INFO:colcon.colcon_core.shell:Skip shell extension 'powershell' for command environment: Not usable outside of PowerShell
[5.989s] DEBUG:colcon.colcon_core.shell:Skip shell extension 'dsv' for command environment
[7.544s] INFO:colcon.colcon_core.task.python.build:Building Python package in '/root/codes/NST_proj_ws/src/path_generation'
[7.554s] INFO:colcon.colcon_core.shell:Skip shell extension 'powershell' for command environment: Not usable outside of PowerShell
[7.554s] DEBUG:colcon.colcon_core.shell:Skip shell extension 'dsv' for command environment
[10.655s] DEBUG:colcon.colcon_core.event_handler.log_command:Invoking command in '/root/codes/NST_proj_ws/src/robotics_utils': PYTHONPATH=/root/codes/NST_proj_ws/build/robotics_utils/prefix_override:/root/codes/NST_proj_ws/install/robotics_utils/lib/python3.8/site-packages:${PYTHONPATH} /usr/bin/python3 setup.py egg_info --egg-base ../../build/robotics_utils build --build-base /root/codes/NST_proj_ws/build/robotics_utils/build install --record /root/codes/NST_proj_ws/build/robotics_utils/install.log --install-scripts $base/lib/robitics_utils --single-version-externally-managed
[10.862s] DEBUG:colcon.colcon_core.event_handler.log_command:Invoking command in '/root/codes/NST_proj_ws/src/path_generation': PYTHONPATH=/root/codes/NST_proj_ws/build/path_generation/prefix_override:/root/codes/NST_proj_ws/install/path_generation/lib/python3.8/site-packages:${PYTHONPATH} /usr/bin/python3 setup.py egg_info --egg-base ../../build/path_generation build --build-base /root/codes/NST_proj_ws/build/path_generation/build install --record /root/codes/NST_proj_ws/build/path_generation/install.log --install-scripts $base/lib/path_generation --single-version-externally-managed
[11.039s] DEBUG:colcon.colcon_core.event_handler.log_command:Invoking command in '/root/codes/NST_proj_ws/src/map_generation': PYTHONPATH=/root/codes/NST_proj_ws/build/map_generation/prefix_override:/root/codes/NST_proj_ws/install/map_generation/lib/python3.8/site-packages:${PYTHONPATH} /usr/bin/python3 setup.py egg_info --egg-base ../../build/map_generation build --build-base /root/codes/NST_proj_ws/build/map_generation/build install --record /root/codes/NST_proj_ws/build/map_generation/install.log --single-version-externally-managed
[13.230s] DEBUG:colcon.colcon_core.event_handler.log_command:Invoked command in '/root/codes/NST_proj_ws/src/robotics_utils' returned '0': PYTHONPATH=/root/codes/NST_proj_ws/build/robotics_utils/prefix_override:/root/codes/NST_proj_ws/install/robotics_utils/lib/python3.8/site-packages:${PYTHONPATH} /usr/bin/python3 setup.py egg_info --egg-base ../../build/robotics_utils build --build-base /root/codes/NST_proj_ws/build/robotics_utils/build install --record /root/codes/NST_proj_ws/build/robotics_utils/install.log --install-scripts $base/lib/robitics_utils --single-version-externally-managed
[13.283s] Level 1:colcon.colcon_core.environment:checking '/root/codes/NST_proj_ws/install/robotics_utils' for CMake module files
[13.286s] Level 1:colcon.colcon_core.environment:checking '/root/codes/NST_proj_ws/install/robotics_utils' for CMake config files
[13.289s] Level 1:colcon.colcon_core.environment:checking '/root/codes/NST_proj_ws/install/robotics_utils/lib'
[13.289s] Level 1:colcon.colcon_core.environment:checking '/root/codes/NST_proj_ws/install/robotics_utils/bin'
[13.290s] Level 1:colcon.colcon_core.environment:checking '/root/codes/NST_proj_ws/install/robotics_utils/lib/pkgconfig/robotics_utils.pc'
[13.291s] Level 1:colcon.colcon_core.environment:checking '/root/codes/NST_proj_ws/install/robotics_utils/lib/python3.8/site-packages'
[13.291s] Level 1:colcon.colcon_core.shell:create_environment_hook('robotics_utils', 'pythonpath')
[13.300s] INFO:colcon.colcon_core.shell:Creating environment hook '/root/codes/NST_proj_ws/install/robotics_utils/share/robotics_utils/hook/pythonpath.ps1'
[13.303s] INFO:colcon.colcon_core.shell:Creating environment descriptor '/root/codes/NST_proj_ws/install/robotics_utils/share/robotics_utils/hook/pythonpath.dsv'
[13.305s] INFO:colcon.colcon_core.shell:Creating environment hook '/root/codes/NST_proj_ws/install/robotics_utils/share/robotics_utils/hook/pythonpath.sh'
[13.307s] Level 1:colcon.colcon_core.environment:checking '/root/codes/NST_proj_ws/install/robotics_utils/bin'
[13.308s] Level 1:colcon.colcon_core.environment:create_environment_scripts_only(robotics_utils)
[13.318s] INFO:colcon.colcon_core.shell:Creating package script '/root/codes/NST_proj_ws/install/robotics_utils/share/robotics_utils/package.ps1'
[13.323s] INFO:colcon.colcon_core.shell:Creating package descriptor '/root/codes/NST_proj_ws/install/robotics_utils/share/robotics_utils/package.dsv'
[13.326s] INFO:colcon.colcon_core.shell:Creating package script '/root/codes/NST_proj_ws/install/robotics_utils/share/robotics_utils/package.sh'
[13.331s] INFO:colcon.colcon_core.shell:Creating package script '/root/codes/NST_proj_ws/install/robotics_utils/share/robotics_utils/package.bash'
[13.336s] INFO:colcon.colcon_core.shell:Creating package script '/root/codes/NST_proj_ws/install/robotics_utils/share/robotics_utils/package.zsh'
[13.341s] Level 1:colcon.colcon_core.environment:create_file_with_runtime_dependencies(/root/codes/NST_proj_ws/install/robotics_utils/share/colcon-core/packages/robotics_utils)
[13.346s] INFO:colcon.colcon_ros.task.ament_python.build:Building ROS package in '/root/codes/NST_proj_ws/src/exit_detection' with build type 'ament_python'
[13.348s] Level 1:colcon.colcon_core.shell:create_environment_hook('exit_detection', 'ament_prefix_path')
[13.358s] INFO:colcon.colcon_core.shell:Creating environment hook '/root/codes/NST_proj_ws/install/exit_detection/share/exit_detection/hook/ament_prefix_path.ps1'
[13.360s] INFO:colcon.colcon_core.shell:Creating environment descriptor '/root/codes/NST_proj_ws/install/exit_detection/share/exit_detection/hook/ament_prefix_path.dsv'
[13.362s] INFO:colcon.colcon_core.shell:Creating environment hook '/root/codes/NST_proj_ws/install/exit_detection/share/exit_detection/hook/ament_prefix_path.sh'
[13.374s] INFO:colcon.colcon_core.shell:Skip shell extension 'powershell' for command environment: Not usable outside of PowerShell
[13.375s] DEBUG:colcon.colcon_core.shell:Skip shell extension 'dsv' for command environment
[13.474s] DEBUG:colcon.colcon_core.event_handler.log_command:Invoked command in '/root/codes/NST_proj_ws/src/path_generation' returned '0': PYTHONPATH=/root/codes/NST_proj_ws/build/path_generation/prefix_override:/root/codes/NST_proj_ws/install/path_generation/lib/python3.8/site-packages:${PYTHONPATH} /usr/bin/python3 setup.py egg_info --egg-base ../../build/path_generation build --build-base /root/codes/NST_proj_ws/build/path_generation/build install --record /root/codes/NST_proj_ws/build/path_generation/install.log --install-scripts $base/lib/path_generation --single-version-externally-managed
[13.475s] Level 1:colcon.colcon_core.environment:checking '/root/codes/NST_proj_ws/install/path_generation' for CMake module files
[13.479s] Level 1:colcon.colcon_core.environment:checking '/root/codes/NST_proj_ws/install/path_generation' for CMake config files
[13.482s] Level 1:colcon.colcon_core.environment:checking '/root/codes/NST_proj_ws/install/path_generation/lib'
[13.482s] Level 1:colcon.colcon_core.environment:checking '/root/codes/NST_proj_ws/install/path_generation/bin'
[13.483s] Level 1:colcon.colcon_core.shell:create_environment_hook('path_generation', 'path')
[13.490s] INFO:colcon.colcon_core.shell:Creating environment hook '/root/codes/NST_proj_ws/install/path_generation/share/path_generation/hook/path.ps1'
[13.492s] INFO:colcon.colcon_core.shell:Creating environment descriptor '/root/codes/NST_proj_ws/install/path_generation/share/path_generation/hook/path.dsv'
[13.494s] INFO:colcon.colcon_core.shell:Creating environment hook '/root/codes/NST_proj_ws/install/path_generation/share/path_generation/hook/path.sh'
[13.495s] Level 1:colcon.colcon_core.environment:checking '/root/codes/NST_proj_ws/install/path_generation/lib/pkgconfig/path_generation.pc'
[13.496s] Level 1:colcon.colcon_core.environment:checking '/root/codes/NST_proj_ws/install/path_generation/lib/python3.8/site-packages'
[13.497s] Level 1:colcon.colcon_core.shell:create_environment_hook('path_generation', 'pythonpath')
[13.506s] INFO:colcon.colcon_core.shell:Creating environment hook '/root/codes/NST_proj_ws/install/path_generation/share/path_generation/hook/pythonpath.ps1'
[13.508s] INFO:colcon.colcon_core.shell:Creating environment descriptor '/root/codes/NST_proj_ws/install/path_generation/share/path_generation/hook/pythonpath.dsv'
[13.510s] INFO:colcon.colcon_core.shell:Creating environment hook '/root/codes/NST_proj_ws/install/path_generation/share/path_generation/hook/pythonpath.sh'
[13.513s] Level 1:colcon.colcon_core.environment:checking '/root/codes/NST_proj_ws/install/path_generation/bin'
[13.513s] Level 1:colcon.colcon_core.shell:create_environment_hook('path_generation', 'pythonscriptspath')
[13.521s] INFO:colcon.colcon_core.shell:Creating environment hook '/root/codes/NST_proj_ws/install/path_generation/share/path_generation/hook/pythonscriptspath.ps1'
[13.524s] INFO:colcon.colcon_core.shell:Creating environment descriptor '/root/codes/NST_proj_ws/install/path_generation/share/path_generation/hook/pythonscriptspath.dsv'
[13.526s] INFO:colcon.colcon_core.shell:Creating environment hook '/root/codes/NST_proj_ws/install/path_generation/share/path_generation/hook/pythonscriptspath.sh'
[13.527s] Level 1:colcon.colcon_core.environment:create_environment_scripts_only(path_generation)
[13.537s] INFO:colcon.colcon_core.shell:Creating package script '/root/codes/NST_proj_ws/install/path_generation/share/path_generation/package.ps1'
[13.541s] INFO:colcon.colcon_core.shell:Creating package descriptor '/root/codes/NST_proj_ws/install/path_generation/share/path_generation/package.dsv'
[13.544s] INFO:colcon.colcon_core.shell:Creating package script '/root/codes/NST_proj_ws/install/path_generation/share/path_generation/package.sh'
[13.547s] INFO:colcon.colcon_core.shell:Creating package script '/root/codes/NST_proj_ws/install/path_generation/share/path_generation/package.bash'
[13.548s] INFO:colcon.colcon_core.shell:Creating package script '/root/codes/NST_proj_ws/install/path_generation/share/path_generation/package.zsh'
[13.550s] Level 1:colcon.colcon_core.environment:create_file_with_runtime_dependencies(/root/codes/NST_proj_ws/install/path_generation/share/colcon-core/packages/path_generation)
[13.566s] Level 1:colcon.colcon_core.environment:checking '/root/codes/NST_proj_ws/install/map_generation' for CMake module files
[13.570s] DEBUG:colcon.colcon_core.event_handler.log_command:Invoked command in '/root/codes/NST_proj_ws/src/map_generation' returned '0': PYTHONPATH=/root/codes/NST_proj_ws/build/map_generation/prefix_override:/root/codes/NST_proj_ws/install/map_generation/lib/python3.8/site-packages:${PYTHONPATH} /usr/bin/python3 setup.py egg_info --egg-base ../../build/map_generation build --build-base /root/codes/NST_proj_ws/build/map_generation/build install --record /root/codes/NST_proj_ws/build/map_generation/install.log --single-version-externally-managed
[13.571s] Level 1:colcon.colcon_core.environment:checking '/root/codes/NST_proj_ws/install/map_generation' for CMake config files
[13.574s] Level 1:colcon.colcon_core.environment:checking '/root/codes/NST_proj_ws/install/map_generation/lib'
[13.574s] Level 1:colcon.colcon_core.environment:checking '/root/codes/NST_proj_ws/install/map_generation/bin'
[13.575s] Level 1:colcon.colcon_core.environment:checking '/root/codes/NST_proj_ws/install/map_generation/lib/pkgconfig/map_generation.pc'
[13.576s] Level 1:colcon.colcon_core.environment:checking '/root/codes/NST_proj_ws/install/map_generation/lib/python3.8/site-packages'
[13.576s] Level 1:colcon.colcon_core.shell:create_environment_hook('map_generation', 'pythonpath')
[13.585s] INFO:colcon.colcon_core.shell:Creating environment hook '/root/codes/NST_proj_ws/install/map_generation/share/map_generation/hook/pythonpath.ps1'
[13.586s] INFO:colcon.colcon_core.shell:Creating environment descriptor '/root/codes/NST_proj_ws/install/map_generation/share/map_generation/hook/pythonpath.dsv'
[13.588s] INFO:colcon.colcon_core.shell:Creating environment hook '/root/codes/NST_proj_ws/install/map_generation/share/map_generation/hook/pythonpath.sh'
[13.591s] Level 1:colcon.colcon_core.environment:checking '/root/codes/NST_proj_ws/install/map_generation/bin'
[13.591s] Level 1:colcon.colcon_core.environment:create_environment_scripts_only(map_generation)
[13.601s] INFO:colcon.colcon_core.shell:Creating package script '/root/codes/NST_proj_ws/install/map_generation/share/map_generation/package.ps1'
[13.603s] INFO:colcon.colcon_core.shell:Creating package descriptor '/root/codes/NST_proj_ws/install/map_generation/share/map_generation/package.dsv'
[13.606s] INFO:colcon.colcon_core.shell:Creating package script '/root/codes/NST_proj_ws/install/map_generation/share/map_generation/package.sh'
[13.608s] INFO:colcon.colcon_core.shell:Creating package script '/root/codes/NST_proj_ws/install/map_generation/share/map_generation/package.bash'
[13.610s] INFO:colcon.colcon_core.shell:Creating package script '/root/codes/NST_proj_ws/install/map_generation/share/map_generation/package.zsh'
[13.612s] Level 1:colcon.colcon_core.environment:create_file_with_runtime_dependencies(/root/codes/NST_proj_ws/install/map_generation/share/colcon-core/packages/map_generation)
[15.113s] INFO:colcon.colcon_core.task.python.build:Building Python package in '/root/codes/NST_proj_ws/src/exit_detection'
[15.126s] INFO:colcon.colcon_core.shell:Skip shell extension 'powershell' for command environment: Not usable outside of PowerShell
[15.126s] DEBUG:colcon.colcon_core.shell:Skip shell extension 'dsv' for command environment
[17.852s] DEBUG:colcon.colcon_core.event_handler.log_command:Invoking command in '/root/codes/NST_proj_ws/src/exit_detection': AMENT_PREFIX_PATH=/root/codes/NST_proj_ws/install/robotics_utils:${AMENT_PREFIX_PATH} PYTHONPATH=/root/codes/NST_proj_ws/build/exit_detection/prefix_override:/root/codes/NST_proj_ws/install/exit_detection/lib/python3.8/site-packages:/root/codes/NST_proj_ws/install/robotics_utils/lib/python3.8/site-packages:${PYTHONPATH} /usr/bin/python3 setup.py egg_info --egg-base ../../build/exit_detection build --build-base /root/codes/NST_proj_ws/build/exit_detection/build install --record /root/codes/NST_proj_ws/build/exit_detection/install.log --install-scripts $base/lib/exit_detection --single-version-externally-managed
[19.744s] DEBUG:colcon.colcon_core.event_handler.log_command:Invoked command in '/root/codes/NST_proj_ws/src/exit_detection' returned '0': AMENT_PREFIX_PATH=/root/codes/NST_proj_ws/install/robotics_utils:${AMENT_PREFIX_PATH} PYTHONPATH=/root/codes/NST_proj_ws/build/exit_detection/prefix_override:/root/codes/NST_proj_ws/install/exit_detection/lib/python3.8/site-packages:/root/codes/NST_proj_ws/install/robotics_utils/lib/python3.8/site-packages:${PYTHONPATH} /usr/bin/python3 setup.py egg_info --egg-base ../../build/exit_detection build --build-base /root/codes/NST_proj_ws/build/exit_detection/build install --record /root/codes/NST_proj_ws/build/exit_detection/install.log --install-scripts $base/lib/exit_detection --single-version-externally-managed
[19.751s] Level 1:colcon.colcon_core.environment:checking '/root/codes/NST_proj_ws/install/exit_detection' for CMake module files
[19.754s] Level 1:colcon.colcon_core.environment:checking '/root/codes/NST_proj_ws/install/exit_detection' for CMake config files
[19.757s] Level 1:colcon.colcon_core.environment:checking '/root/codes/NST_proj_ws/install/exit_detection/lib'
[19.757s] Level 1:colcon.colcon_core.environment:checking '/root/codes/NST_proj_ws/install/exit_detection/bin'
[19.758s] Level 1:colcon.colcon_core.shell:create_environment_hook('exit_detection', 'path')
[19.767s] INFO:colcon.colcon_core.shell:Creating environment hook '/root/codes/NST_proj_ws/install/exit_detection/share/exit_detection/hook/path.ps1'
[19.769s] INFO:colcon.colcon_core.shell:Creating environment descriptor '/root/codes/NST_proj_ws/install/exit_detection/share/exit_detection/hook/path.dsv'
[19.771s] INFO:colcon.colcon_core.shell:Creating environment hook '/root/codes/NST_proj_ws/install/exit_detection/share/exit_detection/hook/path.sh'
[19.773s] Level 1:colcon.colcon_core.environment:checking '/root/codes/NST_proj_ws/install/exit_detection/lib/pkgconfig/exit_detection.pc'
[19.775s] Level 1:colcon.colcon_core.environment:checking '/root/codes/NST_proj_ws/install/exit_detection/lib/python3.8/site-packages'
[19.775s] Level 1:colcon.colcon_core.shell:create_environment_hook('exit_detection', 'pythonpath')
[19.785s] INFO:colcon.colcon_core.shell:Creating environment hook '/root/codes/NST_proj_ws/install/exit_detection/share/exit_detection/hook/pythonpath.ps1'
[19.786s] INFO:colcon.colcon_core.shell:Creating environment descriptor '/root/codes/NST_proj_ws/install/exit_detection/share/exit_detection/hook/pythonpath.dsv'
[19.788s] INFO:colcon.colcon_core.shell:Creating environment hook '/root/codes/NST_proj_ws/install/exit_detection/share/exit_detection/hook/pythonpath.sh'
[19.790s] Level 1:colcon.colcon_core.environment:checking '/root/codes/NST_proj_ws/install/exit_detection/bin'
[19.791s] Level 1:colcon.colcon_core.shell:create_environment_hook('exit_detection', 'pythonscriptspath')
[19.799s] INFO:colcon.colcon_core.shell:Creating environment hook '/root/codes/NST_proj_ws/install/exit_detection/share/exit_detection/hook/pythonscriptspath.ps1'
[19.801s] INFO:colcon.colcon_core.shell:Creating environment descriptor '/root/codes/NST_proj_ws/install/exit_detection/share/exit_detection/hook/pythonscriptspath.dsv'
[19.802s] INFO:colcon.colcon_core.shell:Creating environment hook '/root/codes/NST_proj_ws/install/exit_detection/share/exit_detection/hook/pythonscriptspath.sh'
[19.804s] Level 1:colcon.colcon_core.environment:create_environment_scripts_only(exit_detection)
[19.815s] INFO:colcon.colcon_core.shell:Creating package script '/root/codes/NST_proj_ws/install/exit_detection/share/exit_detection/package.ps1'
[19.819s] INFO:colcon.colcon_core.shell:Creating package descriptor '/root/codes/NST_proj_ws/install/exit_detection/share/exit_detection/package.dsv'
[19.822s] INFO:colcon.colcon_core.shell:Creating package script '/root/codes/NST_proj_ws/install/exit_detection/share/exit_detection/package.sh'
[19.824s] INFO:colcon.colcon_core.shell:Creating package script '/root/codes/NST_proj_ws/install/exit_detection/share/exit_detection/package.bash'
[19.826s] INFO:colcon.colcon_core.shell:Creating package script '/root/codes/NST_proj_ws/install/exit_detection/share/exit_detection/package.zsh'
[19.828s] Level 1:colcon.colcon_core.environment:create_file_with_runtime_dependencies(/root/codes/NST_proj_ws/install/exit_detection/share/colcon-core/packages/exit_detection)
[19.829s] DEBUG:colcon.colcon_parallel_executor.executor.parallel:closing loop
[19.830s] DEBUG:colcon.colcon_parallel_executor.executor.parallel:loop closed
[19.831s] DEBUG:colcon.colcon_parallel_executor.executor.parallel:run_until_complete finished with '0'
[19.831s] DEBUG:colcon.colcon_core.event_reactor:joining thread
[19.866s] INFO:colcon.colcon_core.plugin_system:Skipping extension 'colcon_notification.desktop_notification.notify_send': Could not find 'notify-send'
[19.867s] INFO:colcon.colcon_core.plugin_system:Skipping extension 'colcon_notification.desktop_notification.terminal_notifier': Not used on non-Darwin systems
[19.867s] INFO:colcon.colcon_core.plugin_system:Skipping extension 'colcon_notification.desktop_notification.win32': Not used on non-Windows systems
[19.868s] INFO:colcon.colcon_notification.desktop_notification:Sending desktop notification using 'notify2'
[19.868s] DEBUG:colcon.colcon_notification.desktop_notification.notify2:Failed to initialize notify2: org.freedesktop.DBus.Error.NotSupported: Unable to autolaunch a dbus-daemon without a $DISPLAY for X11
[19.868s] DEBUG:colcon.colcon_core.event_reactor:joined thread
[19.880s] INFO:colcon.colcon_core.shell:Creating prefix script '/root/codes/NST_proj_ws/install/local_setup.ps1'
[19.888s] INFO:colcon.colcon_core.shell:Creating prefix util module '/root/codes/NST_proj_ws/install/_local_setup_util_ps1.py'
[19.894s] INFO:colcon.colcon_core.shell:Creating prefix chain script '/root/codes/NST_proj_ws/install/setup.ps1'
[19.915s] INFO:colcon.colcon_core.shell:Creating prefix script '/root/codes/NST_proj_ws/install/local_setup.sh'
[19.917s] INFO:colcon.colcon_core.shell:Creating prefix util module '/root/codes/NST_proj_ws/install/_local_setup_util_sh.py'
[19.920s] INFO:colcon.colcon_core.shell:Creating prefix chain script '/root/codes/NST_proj_ws/install/setup.sh'
[19.938s] INFO:colcon.colcon_core.shell:Creating prefix script '/root/codes/NST_proj_ws/install/local_setup.bash'
[19.941s] INFO:colcon.colcon_core.shell:Creating prefix chain script '/root/codes/NST_proj_ws/install/setup.bash'
[19.959s] INFO:colcon.colcon_core.shell:Creating prefix script '/root/codes/NST_proj_ws/install/local_setup.zsh'
[19.961s] INFO:colcon.colcon_core.shell:Creating prefix chain script '/root/codes/NST_proj_ws/install/setup.zsh'
