[8.114s] Invoking command in '/root/codes/NST_proj_ws/src/robotics_utils': PYTHONPATH=/root/codes/NST_proj_ws/build/robotics_utils/prefix_override:/root/codes/NST_proj_ws/install/robotics_utils/lib/python3.8/site-packages:${PYTHONPATH} /usr/bin/python3 setup.py egg_info --egg-base ../../build/robotics_utils build --build-base /root/codes/NST_proj_ws/build/robotics_utils/build install --record /root/codes/NST_proj_ws/build/robotics_utils/install.log --install-scripts $base/lib/robitics_utils --single-version-externally-managed
[10.514s] running egg_info
[10.517s] writing ../../build/robotics_utils/robotics_utils.egg-info/PKG-INFO
[10.518s] writing dependency_links to ../../build/robotics_utils/robotics_utils.egg-info/dependency_links.txt
[10.519s] writing entry points to ../../build/robotics_utils/robotics_utils.egg-info/entry_points.txt
[10.519s] writing requirements to ../../build/robotics_utils/robotics_utils.egg-info/requires.txt
[10.520s] writing top-level names to ../../build/robotics_utils/robotics_utils.egg-info/top_level.txt
[10.720s] reading manifest file '../../build/robotics_utils/robotics_utils.egg-info/SOURCES.txt'
[10.724s] writing manifest file '../../build/robotics_utils/robotics_utils.egg-info/SOURCES.txt'
[10.724s] running build
[10.725s] running build_py
[10.725s] running install
[10.730s] running install_lib
[10.737s] running install_data
[10.740s] running install_egg_info
[10.748s] removing '/root/codes/NST_proj_ws/install/robotics_utils/lib/python3.8/site-packages/robotics_utils-0.0.1-py3.8.egg-info' (and everything under it)
[10.749s] Copying ../../build/robotics_utils/robotics_utils.egg-info to /root/codes/NST_proj_ws/install/robotics_utils/lib/python3.8/site-packages/robotics_utils-0.0.1-py3.8.egg-info
[10.753s] running install_scripts
[10.837s] writing list of installed files to '/root/codes/NST_proj_ws/build/robotics_utils/install.log'
[10.963s] Invoked command in '/root/codes/NST_proj_ws/src/robotics_utils' returned '0': PYTHONPATH=/root/codes/NST_proj_ws/build/robotics_utils/prefix_override:/root/codes/NST_proj_ws/install/robotics_utils/lib/python3.8/site-packages:${PYTHONPATH} /usr/bin/python3 setup.py egg_info --egg-base ../../build/robotics_utils build --build-base /root/codes/NST_proj_ws/build/robotics_utils/build install --record /root/codes/NST_proj_ws/build/robotics_utils/install.log --install-scripts $base/lib/robitics_utils --single-version-externally-managed
