[6.285s] Invoking command in '/root/codes/NST_proj_ws/src/path_generation': PYTHONPATH=/root/codes/NST_proj_ws/build/path_generation/prefix_override:/root/codes/NST_proj_ws/install/path_generation/lib/python3.8/site-packages:${PYTHONPATH} /usr/bin/python3 setup.py egg_info --egg-base ../../build/path_generation build --build-base /root/codes/NST_proj_ws/build/path_generation/build install --record /root/codes/NST_proj_ws/build/path_generation/install.log --install-scripts $base/lib/path_generation --single-version-externally-managed
[7.600s] running egg_info
[7.604s] writing ../../build/path_generation/path_generation.egg-info/PKG-INFO
[7.605s] writing dependency_links to ../../build/path_generation/path_generation.egg-info/dependency_links.txt
[7.607s] writing entry points to ../../build/path_generation/path_generation.egg-info/entry_points.txt
[7.608s] writing requirements to ../../build/path_generation/path_generation.egg-info/requires.txt
[7.608s] writing top-level names to ../../build/path_generation/path_generation.egg-info/top_level.txt
[7.784s] reading manifest file '../../build/path_generation/path_generation.egg-info/SOURCES.txt'
[7.788s] writing manifest file '../../build/path_generation/path_generation.egg-info/SOURCES.txt'
[7.789s] running build
[7.790s] running build_py
[7.790s] running install
[7.794s] running install_lib
[7.802s] running install_data
[7.805s] running install_egg_info
[7.815s] removing '/root/codes/NST_proj_ws/install/path_generation/lib/python3.8/site-packages/path_generation-0.0.1-py3.8.egg-info' (and everything under it)
[7.815s] Copying ../../build/path_generation/path_generation.egg-info to /root/codes/NST_proj_ws/install/path_generation/lib/python3.8/site-packages/path_generation-0.0.1-py3.8.egg-info
[7.818s] running install_scripts
[7.907s] Installing path_generation_node script to /root/codes/NST_proj_ws/install/path_generation/lib/path_generation
[7.908s] writing list of installed files to '/root/codes/NST_proj_ws/build/path_generation/install.log'
[8.161s] Invoked command in '/root/codes/NST_proj_ws/src/path_generation' returned '0': PYTHONPATH=/root/codes/NST_proj_ws/build/path_generation/prefix_override:/root/codes/NST_proj_ws/install/path_generation/lib/python3.8/site-packages:${PYTHONPATH} /usr/bin/python3 setup.py egg_info --egg-base ../../build/path_generation build --build-base /root/codes/NST_proj_ws/build/path_generation/build install --record /root/codes/NST_proj_ws/build/path_generation/install.log --install-scripts $base/lib/path_generation --single-version-externally-managed
