[7.226s] Invoking command in '/root/codes/NST_proj_ws/src/robotics_utils': PYTHONPATH=/root/codes/NST_proj_ws/build/robotics_utils/prefix_override:/root/codes/NST_proj_ws/install/robotics_utils/lib/python3.8/site-packages:${PYTHONPATH} /usr/bin/python3 setup.py egg_info --egg-base ../../build/robotics_utils build --build-base /root/codes/NST_proj_ws/build/robotics_utils/build install --record /root/codes/NST_proj_ws/build/robotics_utils/install.log --install-scripts $base/lib/robitics_utils --single-version-externally-managed
[8.512s] running egg_info
[8.515s] writing ../../build/robotics_utils/robotics_utils.egg-info/PKG-INFO
[8.525s] writing dependency_links to ../../build/robotics_utils/robotics_utils.egg-info/dependency_links.txt
[8.526s] writing entry points to ../../build/robotics_utils/robotics_utils.egg-info/entry_points.txt
[8.527s] writing requirements to ../../build/robotics_utils/robotics_utils.egg-info/requires.txt
[8.527s] writing top-level names to ../../build/robotics_utils/robotics_utils.egg-info/top_level.txt
[8.719s] reading manifest file '../../build/robotics_utils/robotics_utils.egg-info/SOURCES.txt'
[8.732s] writing manifest file '../../build/robotics_utils/robotics_utils.egg-info/SOURCES.txt'
[8.732s] running build
[8.733s] running build_py
[8.746s] running install
[8.751s] running install_lib
[8.766s] running install_data
[8.770s] running install_egg_info
[8.779s] removing '/root/codes/NST_proj_ws/install/robotics_utils/lib/python3.8/site-packages/robotics_utils-0.0.1-py3.8.egg-info' (and everything under it)
[8.780s] Copying ../../build/robotics_utils/robotics_utils.egg-info to /root/codes/NST_proj_ws/install/robotics_utils/lib/python3.8/site-packages/robotics_utils-0.0.1-py3.8.egg-info
[8.784s] running install_scripts
[8.872s] writing list of installed files to '/root/codes/NST_proj_ws/build/robotics_utils/install.log'
[8.990s] Invoked command in '/root/codes/NST_proj_ws/src/robotics_utils' returned '0': PYTHONPATH=/root/codes/NST_proj_ws/build/robotics_utils/prefix_override:/root/codes/NST_proj_ws/install/robotics_utils/lib/python3.8/site-packages:${PYTHONPATH} /usr/bin/python3 setup.py egg_info --egg-base ../../build/robotics_utils build --build-base /root/codes/NST_proj_ws/build/robotics_utils/build install --record /root/codes/NST_proj_ws/build/robotics_utils/install.log --install-scripts $base/lib/robitics_utils --single-version-externally-managed
