[6.570s] Invoking command in '/root/codes/NST_proj_ws/map_generation': PYTHONPATH=/root/codes/NST_proj_ws/build/map_generation/prefix_override:/root/codes/NST_proj_ws/install/map_generation/lib/python3.8/site-packages:${PYTHONPATH} /usr/bin/python3 setup.py egg_info --egg-base ../build/map_generation build --build-base /root/codes/NST_proj_ws/build/map_generation/build install --record /root/codes/NST_proj_ws/build/map_generation/install.log --single-version-externally-managed
[7.879s] running egg_info
[7.883s] writing ../build/map_generation/map_generation.egg-info/PKG-INFO
[7.883s] writing dependency_links to ../build/map_generation/map_generation.egg-info/dependency_links.txt
[7.886s] writing entry points to ../build/map_generation/map_generation.egg-info/entry_points.txt
[7.887s] writing requirements to ../build/map_generation/map_generation.egg-info/requires.txt
[7.887s] writing top-level names to ../build/map_generation/map_generation.egg-info/top_level.txt
[8.063s] reading manifest file '../build/map_generation/map_generation.egg-info/SOURCES.txt'
[8.068s] writing manifest file '../build/map_generation/map_generation.egg-info/SOURCES.txt'
[8.069s] running build
[8.069s] running build_py
[8.070s] running install
[8.075s] running install_lib
[8.082s] running install_data
[8.086s] running install_egg_info
[8.094s] removing '/root/codes/NST_proj_ws/install/map_generation/lib/python3.8/site-packages/map_generation-0.1.0-py3.8.egg-info' (and everything under it)
[8.096s] Copying ../build/map_generation/map_generation.egg-info to /root/codes/NST_proj_ws/install/map_generation/lib/python3.8/site-packages/map_generation-0.1.0-py3.8.egg-info
[8.100s] running install_scripts
[8.188s] Installing map_generation_node script to /root/codes/NST_proj_ws/install/map_generation/lib/map_generation
[8.191s] writing list of installed files to '/root/codes/NST_proj_ws/build/map_generation/install.log'
[8.469s] Invoked command in '/root/codes/NST_proj_ws/map_generation' returned '0': PYTHONPATH=/root/codes/NST_proj_ws/build/map_generation/prefix_override:/root/codes/NST_proj_ws/install/map_generation/lib/python3.8/site-packages:${PYTHONPATH} /usr/bin/python3 setup.py egg_info --egg-base ../build/map_generation build --build-base /root/codes/NST_proj_ws/build/map_generation/build install --record /root/codes/NST_proj_ws/build/map_generation/install.log --single-version-externally-managed
