[3.380s] DEBUG:colcon:Command line arguments: ['/usr/bin/colcon', 'build']
[3.380s] DEBUG:colcon:Parsed command line arguments: Namespace(ament_cmake_args=None, base_paths=['.'], build_base='build', catkin_cmake_args=None, catkin_skip_building_tests=False, cmake_args=None, cmake_clean_cache=False, cmake_clean_first=False, cmake_force_configure=False, cmake_target=None, cmake_target_skip_unavailable=False, continue_on_error=False, event_handlers=None, executor='parallel', ignore_user_meta=False, install_base='install', log_base=None, log_level=None, main=<bound method BuildVerb.main of <colcon_core.verb.build.BuildVerb object at 0x7f9140b490>>, merge_install=False, metas=['./colcon.meta'], mixin=None, mixin_files=None, mixin_verb=('build',), packages_above=None, packages_above_and_dependencies=None, packages_above_depth=None, packages_end=None, packages_ignore=None, packages_ignore_regex=None, packages_select=None, packages_select_build_failed=False, packages_select_by_dep=None, packages_select_regex=None, packages_select_test_failures=False, packages_skip=None, packages_skip_build_finished=False, packages_skip_by_dep=None, packages_skip_regex=None, packages_skip_test_passed=False, packages_skip_up_to=None, packages_start=None, packages_up_to=None, packages_up_to_regex=None, parallel_workers=4, paths=None, symlink_install=False, test_result_base=None, verb_extension=<colcon_core.verb.build.BuildVerb object at 0x7f9140b490>, verb_name='build', verb_parser=<colcon_mixin.mixin.mixin_argument.MixinArgumentDecorator object at 0x7f9140baf0>)
[3.645s] Level 1:colcon.colcon_core.package_discovery:discover_packages(colcon_meta) check parameters
[3.661s] INFO:colcon.colcon_metadata.package_discovery.colcon_meta:Using configuration from '/root/.colcon/metadata/default/Gazebo.meta'
[3.665s] INFO:colcon.colcon_metadata.package_discovery.colcon_meta:Using configuration from '/root/.colcon/metadata/default/fastrtps.meta'
[3.665s] Level 1:colcon.colcon_core.package_discovery:discover_packages(recursive) check parameters
[3.666s] Level 1:colcon.colcon_core.package_discovery:discover_packages(ignore) check parameters
[3.666s] Level 1:colcon.colcon_core.package_discovery:discover_packages(path) check parameters
[3.666s] Level 1:colcon.colcon_core.package_discovery:discover_packages(colcon_meta) discover
[3.666s] Level 1:colcon.colcon_core.package_discovery:discover_packages(recursive) discover
[3.667s] INFO:colcon.colcon_core.package_discovery:Crawling recursively for packages in '/root/codes/NST_proj_ws'
[3.667s] Level 1:colcon.colcon_core.package_identification:_identify(.) by extensions ['ignore', 'ignore_ament_install']
[3.667s] Level 1:colcon.colcon_core.package_identification:_identify(.) by extension 'ignore'
[3.668s] Level 1:colcon.colcon_core.package_identification:_identify(.) by extension 'ignore_ament_install'
[3.668s] Level 1:colcon.colcon_core.package_identification:_identify(.) by extensions ['colcon_pkg']
[3.668s] Level 1:colcon.colcon_core.package_identification:_identify(.) by extension 'colcon_pkg'
[3.668s] Level 1:colcon.colcon_core.package_identification:_identify(.) by extensions ['colcon_meta']
[3.668s] Level 1:colcon.colcon_core.package_identification:_identify(.) by extension 'colcon_meta'
[3.668s] Level 1:colcon.colcon_core.package_identification:_identify(.) by extensions ['ros']
[3.669s] Level 1:colcon.colcon_core.package_identification:_identify(.) by extension 'ros'
[3.802s] Level 1:colcon.colcon_core.package_identification:_identify(.) by extensions ['cmake', 'python']
[3.802s] Level 1:colcon.colcon_core.package_identification:_identify(.) by extension 'cmake'
[3.803s] Level 1:colcon.colcon_core.package_identification:_identify(.) by extension 'python'
[3.803s] Level 1:colcon.colcon_core.package_identification:_identify(.) by extensions ['python_setup_py']
[3.803s] Level 1:colcon.colcon_core.package_identification:_identify(.) by extension 'python_setup_py'
[3.803s] Level 1:colcon.colcon_core.package_identification:_identify(build) by extensions ['ignore', 'ignore_ament_install']
[3.804s] Level 1:colcon.colcon_core.package_identification:_identify(build) by extension 'ignore'
[3.804s] Level 1:colcon.colcon_core.package_identification:_identify(build) ignored
[3.805s] Level 1:colcon.colcon_core.package_identification:_identify(install) by extensions ['ignore', 'ignore_ament_install']
[3.805s] Level 1:colcon.colcon_core.package_identification:_identify(install) by extension 'ignore'
[3.805s] Level 1:colcon.colcon_core.package_identification:_identify(install) ignored
[3.805s] Level 1:colcon.colcon_core.package_identification:_identify(log) by extensions ['ignore', 'ignore_ament_install']
[3.806s] Level 1:colcon.colcon_core.package_identification:_identify(log) by extension 'ignore'
[3.806s] Level 1:colcon.colcon_core.package_identification:_identify(log) ignored
[3.806s] Level 1:colcon.colcon_core.package_identification:_identify(src) by extensions ['ignore', 'ignore_ament_install']
[3.807s] Level 1:colcon.colcon_core.package_identification:_identify(src) by extension 'ignore'
[3.807s] Level 1:colcon.colcon_core.package_identification:_identify(src) by extension 'ignore_ament_install'
[3.807s] Level 1:colcon.colcon_core.package_identification:_identify(src) by extensions ['colcon_pkg']
[3.807s] Level 1:colcon.colcon_core.package_identification:_identify(src) by extension 'colcon_pkg'
[3.807s] Level 1:colcon.colcon_core.package_identification:_identify(src) by extensions ['colcon_meta']
[3.808s] Level 1:colcon.colcon_core.package_identification:_identify(src) by extension 'colcon_meta'
[3.808s] Level 1:colcon.colcon_core.package_identification:_identify(src) by extensions ['ros']
[3.808s] Level 1:colcon.colcon_core.package_identification:_identify(src) by extension 'ros'
[3.808s] Level 1:colcon.colcon_core.package_identification:_identify(src) by extensions ['cmake', 'python']
[3.808s] Level 1:colcon.colcon_core.package_identification:_identify(src) by extension 'cmake'
[3.809s] Level 1:colcon.colcon_core.package_identification:_identify(src) by extension 'python'
[3.809s] Level 1:colcon.colcon_core.package_identification:_identify(src) by extensions ['python_setup_py']
[3.809s] Level 1:colcon.colcon_core.package_identification:_identify(src) by extension 'python_setup_py'
[3.809s] Level 1:colcon.colcon_core.package_identification:_identify(src/exit_detection) by extensions ['ignore', 'ignore_ament_install']
[3.810s] Level 1:colcon.colcon_core.package_identification:_identify(src/exit_detection) by extension 'ignore'
[3.810s] Level 1:colcon.colcon_core.package_identification:_identify(src/exit_detection) by extension 'ignore_ament_install'
[3.810s] Level 1:colcon.colcon_core.package_identification:_identify(src/exit_detection) by extensions ['colcon_pkg']
[3.810s] Level 1:colcon.colcon_core.package_identification:_identify(src/exit_detection) by extension 'colcon_pkg'
[3.810s] Level 1:colcon.colcon_core.package_identification:_identify(src/exit_detection) by extensions ['colcon_meta']
[3.811s] Level 1:colcon.colcon_core.package_identification:_identify(src/exit_detection) by extension 'colcon_meta'
[3.811s] Level 1:colcon.colcon_core.package_identification:_identify(src/exit_detection) by extensions ['ros']
[3.811s] Level 1:colcon.colcon_core.package_identification:_identify(src/exit_detection) by extension 'ros'
[3.827s] DEBUG:colcon.colcon_core.package_identification:Package 'src/exit_detection' with type 'ros.ament_python' and name 'exit_detection'
[3.828s] Level 1:colcon.colcon_core.package_identification:_identify(src/map_generation) by extensions ['ignore', 'ignore_ament_install']
[3.828s] Level 1:colcon.colcon_core.package_identification:_identify(src/map_generation) by extension 'ignore'
[3.828s] Level 1:colcon.colcon_core.package_identification:_identify(src/map_generation) by extension 'ignore_ament_install'
[3.829s] Level 1:colcon.colcon_core.package_identification:_identify(src/map_generation) by extensions ['colcon_pkg']
[3.829s] Level 1:colcon.colcon_core.package_identification:_identify(src/map_generation) by extension 'colcon_pkg'
[3.829s] Level 1:colcon.colcon_core.package_identification:_identify(src/map_generation) by extensions ['colcon_meta']
[3.829s] Level 1:colcon.colcon_core.package_identification:_identify(src/map_generation) by extension 'colcon_meta'
[3.829s] Level 1:colcon.colcon_core.package_identification:_identify(src/map_generation) by extensions ['ros']
[3.829s] Level 1:colcon.colcon_core.package_identification:_identify(src/map_generation) by extension 'ros'
[3.832s] DEBUG:colcon.colcon_core.package_identification:Package 'src/map_generation' with type 'ros.ament_python' and name 'map_generation'
[3.832s] Level 1:colcon.colcon_core.package_identification:_identify(src/path_generation) by extensions ['ignore', 'ignore_ament_install']
[3.833s] Level 1:colcon.colcon_core.package_identification:_identify(src/path_generation) by extension 'ignore'
[3.833s] Level 1:colcon.colcon_core.package_identification:_identify(src/path_generation) by extension 'ignore_ament_install'
[3.833s] Level 1:colcon.colcon_core.package_identification:_identify(src/path_generation) by extensions ['colcon_pkg']
[3.833s] Level 1:colcon.colcon_core.package_identification:_identify(src/path_generation) by extension 'colcon_pkg'
[3.834s] Level 1:colcon.colcon_core.package_identification:_identify(src/path_generation) by extensions ['colcon_meta']
[3.834s] Level 1:colcon.colcon_core.package_identification:_identify(src/path_generation) by extension 'colcon_meta'
[3.834s] Level 1:colcon.colcon_core.package_identification:_identify(src/path_generation) by extensions ['ros']
[3.834s] Level 1:colcon.colcon_core.package_identification:_identify(src/path_generation) by extension 'ros'
[3.845s] DEBUG:colcon.colcon_core.package_identification:Package 'src/path_generation' with type 'ros.ament_python' and name 'path_generation'
[3.845s] Level 1:colcon.colcon_core.package_identification:_identify(src/robotics_utils) by extensions ['ignore', 'ignore_ament_install']
[3.846s] Level 1:colcon.colcon_core.package_identification:_identify(src/robotics_utils) by extension 'ignore'
[3.846s] Level 1:colcon.colcon_core.package_identification:_identify(src/robotics_utils) by extension 'ignore_ament_install'
[3.846s] Level 1:colcon.colcon_core.package_identification:_identify(src/robotics_utils) by extensions ['colcon_pkg']
[3.846s] Level 1:colcon.colcon_core.package_identification:_identify(src/robotics_utils) by extension 'colcon_pkg'
[3.847s] Level 1:colcon.colcon_core.package_identification:_identify(src/robotics_utils) by extensions ['colcon_meta']
[3.847s] Level 1:colcon.colcon_core.package_identification:_identify(src/robotics_utils) by extension 'colcon_meta'
[3.847s] Level 1:colcon.colcon_core.package_identification:_identify(src/robotics_utils) by extensions ['ros']
[3.847s] Level 1:colcon.colcon_core.package_identification:_identify(src/robotics_utils) by extension 'ros'
[3.858s] DEBUG:colcon.colcon_core.package_identification:Package 'src/robotics_utils' with type 'ros.ament_python' and name 'robotics_utils'
[3.858s] Level 1:colcon.colcon_core.package_discovery:discover_packages(recursive) using defaults
[3.858s] Level 1:colcon.colcon_core.package_discovery:discover_packages(ignore) discover
[3.858s] Level 1:colcon.colcon_core.package_discovery:discover_packages(ignore) using defaults
[3.859s] Level 1:colcon.colcon_core.package_discovery:discover_packages(path) discover
[3.859s] Level 1:colcon.colcon_core.package_discovery:discover_packages(path) using defaults
[4.067s] Level 5:colcon.colcon_core.verb:set package 'map_generation' build argument 'cmake_args' from command line to 'None'
[4.067s] Level 5:colcon.colcon_core.verb:set package 'map_generation' build argument 'cmake_target' from command line to 'None'
[4.067s] Level 5:colcon.colcon_core.verb:set package 'map_generation' build argument 'cmake_target_skip_unavailable' from command line to 'False'
[4.067s] Level 5:colcon.colcon_core.verb:set package 'map_generation' build argument 'cmake_clean_cache' from command line to 'False'
[4.067s] Level 5:colcon.colcon_core.verb:set package 'map_generation' build argument 'cmake_clean_first' from command line to 'False'
[4.067s] Level 5:colcon.colcon_core.verb:set package 'map_generation' build argument 'cmake_force_configure' from command line to 'False'
[4.068s] Level 5:colcon.colcon_core.verb:set package 'map_generation' build argument 'ament_cmake_args' from command line to 'None'
[4.068s] Level 5:colcon.colcon_core.verb:set package 'map_generation' build argument 'catkin_cmake_args' from command line to 'None'
[4.068s] Level 5:colcon.colcon_core.verb:set package 'map_generation' build argument 'catkin_skip_building_tests' from command line to 'False'
[4.068s] DEBUG:colcon.colcon_core.verb:Building package 'map_generation' with the following arguments: {'ament_cmake_args': None, 'build_base': '/root/codes/NST_proj_ws/build/map_generation', 'catkin_cmake_args': None, 'catkin_skip_building_tests': False, 'cmake_args': None, 'cmake_clean_cache': False, 'cmake_clean_first': False, 'cmake_force_configure': False, 'cmake_target': None, 'cmake_target_skip_unavailable': False, 'install_base': '/root/codes/NST_proj_ws/install/map_generation', 'merge_install': False, 'path': '/root/codes/NST_proj_ws/src/map_generation', 'symlink_install': False, 'test_result_base': None}
[4.074s] Level 5:colcon.colcon_core.verb:set package 'path_generation' build argument 'cmake_args' from command line to 'None'
[4.074s] Level 5:colcon.colcon_core.verb:set package 'path_generation' build argument 'cmake_target' from command line to 'None'
[4.074s] Level 5:colcon.colcon_core.verb:set package 'path_generation' build argument 'cmake_target_skip_unavailable' from command line to 'False'
[4.074s] Level 5:colcon.colcon_core.verb:set package 'path_generation' build argument 'cmake_clean_cache' from command line to 'False'
[4.074s] Level 5:colcon.colcon_core.verb:set package 'path_generation' build argument 'cmake_clean_first' from command line to 'False'
[4.075s] Level 5:colcon.colcon_core.verb:set package 'path_generation' build argument 'cmake_force_configure' from command line to 'False'
[4.075s] Level 5:colcon.colcon_core.verb:set package 'path_generation' build argument 'ament_cmake_args' from command line to 'None'
[4.075s] Level 5:colcon.colcon_core.verb:set package 'path_generation' build argument 'catkin_cmake_args' from command line to 'None'
[4.075s] Level 5:colcon.colcon_core.verb:set package 'path_generation' build argument 'catkin_skip_building_tests' from command line to 'False'
[4.075s] DEBUG:colcon.colcon_core.verb:Building package 'path_generation' with the following arguments: {'ament_cmake_args': None, 'build_base': '/root/codes/NST_proj_ws/build/path_generation', 'catkin_cmake_args': None, 'catkin_skip_building_tests': False, 'cmake_args': None, 'cmake_clean_cache': False, 'cmake_clean_first': False, 'cmake_force_configure': False, 'cmake_target': None, 'cmake_target_skip_unavailable': False, 'install_base': '/root/codes/NST_proj_ws/install/path_generation', 'merge_install': False, 'path': '/root/codes/NST_proj_ws/src/path_generation', 'symlink_install': False, 'test_result_base': None}
[4.080s] Level 5:colcon.colcon_core.verb:set package 'robotics_utils' build argument 'cmake_args' from command line to 'None'
[4.081s] Level 5:colcon.colcon_core.verb:set package 'robotics_utils' build argument 'cmake_target' from command line to 'None'
[4.081s] Level 5:colcon.colcon_core.verb:set package 'robotics_utils' build argument 'cmake_target_skip_unavailable' from command line to 'False'
[4.081s] Level 5:colcon.colcon_core.verb:set package 'robotics_utils' build argument 'cmake_clean_cache' from command line to 'False'
[4.081s] Level 5:colcon.colcon_core.verb:set package 'robotics_utils' build argument 'cmake_clean_first' from command line to 'False'
[4.081s] Level 5:colcon.colcon_core.verb:set package 'robotics_utils' build argument 'cmake_force_configure' from command line to 'False'
[4.081s] Level 5:colcon.colcon_core.verb:set package 'robotics_utils' build argument 'ament_cmake_args' from command line to 'None'
[4.081s] Level 5:colcon.colcon_core.verb:set package 'robotics_utils' build argument 'catkin_cmake_args' from command line to 'None'
[4.082s] Level 5:colcon.colcon_core.verb:set package 'robotics_utils' build argument 'catkin_skip_building_tests' from command line to 'False'
[4.082s] DEBUG:colcon.colcon_core.verb:Building package 'robotics_utils' with the following arguments: {'ament_cmake_args': None, 'build_base': '/root/codes/NST_proj_ws/build/robotics_utils', 'catkin_cmake_args': None, 'catkin_skip_building_tests': False, 'cmake_args': None, 'cmake_clean_cache': False, 'cmake_clean_first': False, 'cmake_force_configure': False, 'cmake_target': None, 'cmake_target_skip_unavailable': False, 'install_base': '/root/codes/NST_proj_ws/install/robotics_utils', 'merge_install': False, 'path': '/root/codes/NST_proj_ws/src/robotics_utils', 'symlink_install': False, 'test_result_base': None}
[4.087s] Level 5:colcon.colcon_core.verb:set package 'exit_detection' build argument 'cmake_args' from command line to 'None'
[4.087s] Level 5:colcon.colcon_core.verb:set package 'exit_detection' build argument 'cmake_target' from command line to 'None'
[4.087s] Level 5:colcon.colcon_core.verb:set package 'exit_detection' build argument 'cmake_target_skip_unavailable' from command line to 'False'
[4.087s] Level 5:colcon.colcon_core.verb:set package 'exit_detection' build argument 'cmake_clean_cache' from command line to 'False'
[4.088s] Level 5:colcon.colcon_core.verb:set package 'exit_detection' build argument 'cmake_clean_first' from command line to 'False'
[4.088s] Level 5:colcon.colcon_core.verb:set package 'exit_detection' build argument 'cmake_force_configure' from command line to 'False'
[4.088s] Level 5:colcon.colcon_core.verb:set package 'exit_detection' build argument 'ament_cmake_args' from command line to 'None'
[4.088s] Level 5:colcon.colcon_core.verb:set package 'exit_detection' build argument 'catkin_cmake_args' from command line to 'None'
[4.088s] Level 5:colcon.colcon_core.verb:set package 'exit_detection' build argument 'catkin_skip_building_tests' from command line to 'False'
[4.088s] DEBUG:colcon.colcon_core.verb:Building package 'exit_detection' with the following arguments: {'ament_cmake_args': None, 'build_base': '/root/codes/NST_proj_ws/build/exit_detection', 'catkin_cmake_args': None, 'catkin_skip_building_tests': False, 'cmake_args': None, 'cmake_clean_cache': False, 'cmake_clean_first': False, 'cmake_force_configure': False, 'cmake_target': None, 'cmake_target_skip_unavailable': False, 'install_base': '/root/codes/NST_proj_ws/install/exit_detection', 'merge_install': False, 'path': '/root/codes/NST_proj_ws/src/exit_detection', 'symlink_install': False, 'test_result_base': None}
[4.092s] INFO:colcon.colcon_core.executor:Executing jobs using 'parallel' executor
[4.110s] DEBUG:colcon.colcon_parallel_executor.executor.parallel:run_until_complete
[4.111s] INFO:colcon.colcon_ros.task.ament_python.build:Building ROS package in '/root/codes/NST_proj_ws/src/robotics_utils' with build type 'ament_python'
[4.112s] Level 1:colcon.colcon_core.shell:create_environment_hook('robotics_utils', 'ament_prefix_path')
[4.172s] INFO:colcon.colcon_core.plugin_system:Skipping extension 'colcon_core.shell.bat': Not used on non-Windows systems
[4.173s] INFO:colcon.colcon_core.shell:Creating environment hook '/root/codes/NST_proj_ws/install/robotics_utils/share/robotics_utils/hook/ament_prefix_path.ps1'
[4.179s] INFO:colcon.colcon_core.shell:Creating environment descriptor '/root/codes/NST_proj_ws/install/robotics_utils/share/robotics_utils/hook/ament_prefix_path.dsv'
[4.181s] INFO:colcon.colcon_core.shell:Creating environment hook '/root/codes/NST_proj_ws/install/robotics_utils/share/robotics_utils/hook/ament_prefix_path.sh'
[4.191s] INFO:colcon.colcon_core.shell:Skip shell extension 'powershell' for command environment: Not usable outside of PowerShell
[4.191s] DEBUG:colcon.colcon_core.shell:Skip shell extension 'dsv' for command environment
[4.279s] INFO:colcon.colcon_ros.task.ament_python.build:Building ROS package in '/root/codes/NST_proj_ws/src/map_generation' with build type 'ament_python'
[4.280s] Level 1:colcon.colcon_core.shell:create_environment_hook('map_generation', 'ament_prefix_path')
[4.289s] INFO:colcon.colcon_core.shell:Creating environment hook '/root/codes/NST_proj_ws/install/map_generation/share/map_generation/hook/ament_prefix_path.ps1'
[4.293s] INFO:colcon.colcon_core.shell:Creating environment descriptor '/root/codes/NST_proj_ws/install/map_generation/share/map_generation/hook/ament_prefix_path.dsv'
[4.295s] INFO:colcon.colcon_core.shell:Creating environment hook '/root/codes/NST_proj_ws/install/map_generation/share/map_generation/hook/ament_prefix_path.sh'
[4.303s] INFO:colcon.colcon_core.shell:Skip shell extension 'powershell' for command environment: Not usable outside of PowerShell
[4.303s] DEBUG:colcon.colcon_core.shell:Skip shell extension 'dsv' for command environment
[4.363s] INFO:colcon.colcon_ros.task.ament_python.build:Building ROS package in '/root/codes/NST_proj_ws/src/path_generation' with build type 'ament_python'
[4.364s] Level 1:colcon.colcon_core.shell:create_environment_hook('path_generation', 'ament_prefix_path')
[4.373s] INFO:colcon.colcon_core.shell:Creating environment hook '/root/codes/NST_proj_ws/install/path_generation/share/path_generation/hook/ament_prefix_path.ps1'
[4.380s] INFO:colcon.colcon_core.shell:Creating environment descriptor '/root/codes/NST_proj_ws/install/path_generation/share/path_generation/hook/ament_prefix_path.dsv'
[4.381s] INFO:colcon.colcon_core.shell:Creating environment hook '/root/codes/NST_proj_ws/install/path_generation/share/path_generation/hook/ament_prefix_path.sh'
[4.389s] INFO:colcon.colcon_core.shell:Skip shell extension 'powershell' for command environment: Not usable outside of PowerShell
[4.390s] DEBUG:colcon.colcon_core.shell:Skip shell extension 'dsv' for command environment
[5.716s] INFO:colcon.colcon_core.task.python.build:Building Python package in '/root/codes/NST_proj_ws/src/robotics_utils'
[5.724s] INFO:colcon.colcon_core.shell:Skip shell extension 'powershell' for command environment: Not usable outside of PowerShell
[5.725s] DEBUG:colcon.colcon_core.shell:Skip shell extension 'dsv' for command environment
[6.993s] INFO:colcon.colcon_core.task.python.build:Building Python package in '/root/codes/NST_proj_ws/src/map_generation'
[7.001s] INFO:colcon.colcon_core.shell:Skip shell extension 'powershell' for command environment: Not usable outside of PowerShell
[7.002s] DEBUG:colcon.colcon_core.shell:Skip shell extension 'dsv' for command environment
[8.280s] INFO:colcon.colcon_core.task.python.build:Building Python package in '/root/codes/NST_proj_ws/src/path_generation'
[8.288s] INFO:colcon.colcon_core.shell:Skip shell extension 'powershell' for command environment: Not usable outside of PowerShell
[8.288s] DEBUG:colcon.colcon_core.shell:Skip shell extension 'dsv' for command environment
[11.340s] DEBUG:colcon.colcon_core.event_handler.log_command:Invoking command in '/root/codes/NST_proj_ws/src/robotics_utils': PYTHONPATH=/root/codes/NST_proj_ws/build/robotics_utils/prefix_override:/root/codes/NST_proj_ws/install/robotics_utils/lib/python3.8/site-packages:${PYTHONPATH} /usr/bin/python3 setup.py egg_info --egg-base ../../build/robotics_utils build --build-base /root/codes/NST_proj_ws/build/robotics_utils/build install --record /root/codes/NST_proj_ws/build/robotics_utils/install.log --install-scripts $base/lib/robitics_utils --single-version-externally-managed
[11.375s] DEBUG:colcon.colcon_core.event_handler.log_command:Invoking command in '/root/codes/NST_proj_ws/src/map_generation': PYTHONPATH=/root/codes/NST_proj_ws/build/map_generation/prefix_override:/root/codes/NST_proj_ws/install/map_generation/lib/python3.8/site-packages:${PYTHONPATH} /usr/bin/python3 setup.py egg_info --egg-base ../../build/map_generation build --build-base /root/codes/NST_proj_ws/build/map_generation/build install --record /root/codes/NST_proj_ws/build/map_generation/install.log --single-version-externally-managed
[11.386s] DEBUG:colcon.colcon_core.event_handler.log_command:Invoking command in '/root/codes/NST_proj_ws/src/path_generation': PYTHONPATH=/root/codes/NST_proj_ws/build/path_generation/prefix_override:/root/codes/NST_proj_ws/install/path_generation/lib/python3.8/site-packages:${PYTHONPATH} /usr/bin/python3 setup.py egg_info --egg-base ../../build/path_generation build --build-base /root/codes/NST_proj_ws/build/path_generation/build install --record /root/codes/NST_proj_ws/build/path_generation/install.log --install-scripts $base/lib/path_generation --single-version-externally-managed
[13.104s] DEBUG:colcon.colcon_core.event_handler.log_command:Invoked command in '/root/codes/NST_proj_ws/src/robotics_utils' returned '0': PYTHONPATH=/root/codes/NST_proj_ws/build/robotics_utils/prefix_override:/root/codes/NST_proj_ws/install/robotics_utils/lib/python3.8/site-packages:${PYTHONPATH} /usr/bin/python3 setup.py egg_info --egg-base ../../build/robotics_utils build --build-base /root/codes/NST_proj_ws/build/robotics_utils/build install --record /root/codes/NST_proj_ws/build/robotics_utils/install.log --install-scripts $base/lib/robitics_utils --single-version-externally-managed
[13.183s] Level 1:colcon.colcon_core.environment:checking '/root/codes/NST_proj_ws/install/robotics_utils' for CMake module files
[13.186s] Level 1:colcon.colcon_core.environment:checking '/root/codes/NST_proj_ws/install/robotics_utils' for CMake config files
[13.201s] Level 1:colcon.colcon_core.environment:checking '/root/codes/NST_proj_ws/install/robotics_utils/lib'
[13.202s] Level 1:colcon.colcon_core.environment:checking '/root/codes/NST_proj_ws/install/robotics_utils/bin'
[13.202s] Level 1:colcon.colcon_core.environment:checking '/root/codes/NST_proj_ws/install/robotics_utils/lib/pkgconfig/robotics_utils.pc'
[13.203s] Level 1:colcon.colcon_core.environment:checking '/root/codes/NST_proj_ws/install/robotics_utils/lib/python3.8/site-packages'
[13.204s] Level 1:colcon.colcon_core.shell:create_environment_hook('robotics_utils', 'pythonpath')
[13.211s] INFO:colcon.colcon_core.shell:Creating environment hook '/root/codes/NST_proj_ws/install/robotics_utils/share/robotics_utils/hook/pythonpath.ps1'
[13.213s] INFO:colcon.colcon_core.shell:Creating environment descriptor '/root/codes/NST_proj_ws/install/robotics_utils/share/robotics_utils/hook/pythonpath.dsv'
[13.214s] INFO:colcon.colcon_core.shell:Creating environment hook '/root/codes/NST_proj_ws/install/robotics_utils/share/robotics_utils/hook/pythonpath.sh'
[13.216s] Level 1:colcon.colcon_core.environment:checking '/root/codes/NST_proj_ws/install/robotics_utils/bin'
[13.216s] Level 1:colcon.colcon_core.environment:create_environment_scripts_only(robotics_utils)
[13.224s] INFO:colcon.colcon_core.shell:Creating package script '/root/codes/NST_proj_ws/install/robotics_utils/share/robotics_utils/package.ps1'
[13.237s] INFO:colcon.colcon_core.shell:Creating package descriptor '/root/codes/NST_proj_ws/install/robotics_utils/share/robotics_utils/package.dsv'
[13.240s] INFO:colcon.colcon_core.shell:Creating package script '/root/codes/NST_proj_ws/install/robotics_utils/share/robotics_utils/package.sh'
[13.243s] INFO:colcon.colcon_core.shell:Creating package script '/root/codes/NST_proj_ws/install/robotics_utils/share/robotics_utils/package.bash'
[13.248s] INFO:colcon.colcon_core.shell:Creating package script '/root/codes/NST_proj_ws/install/robotics_utils/share/robotics_utils/package.zsh'
[13.252s] Level 1:colcon.colcon_core.environment:create_file_with_runtime_dependencies(/root/codes/NST_proj_ws/install/robotics_utils/share/colcon-core/packages/robotics_utils)
[13.255s] INFO:colcon.colcon_ros.task.ament_python.build:Building ROS package in '/root/codes/NST_proj_ws/src/exit_detection' with build type 'ament_python'
[13.255s] Level 1:colcon.colcon_core.shell:create_environment_hook('exit_detection', 'ament_prefix_path')
[13.264s] INFO:colcon.colcon_core.shell:Creating environment hook '/root/codes/NST_proj_ws/install/exit_detection/share/exit_detection/hook/ament_prefix_path.ps1'
[13.272s] INFO:colcon.colcon_core.shell:Creating environment descriptor '/root/codes/NST_proj_ws/install/exit_detection/share/exit_detection/hook/ament_prefix_path.dsv'
[13.273s] INFO:colcon.colcon_core.shell:Creating environment hook '/root/codes/NST_proj_ws/install/exit_detection/share/exit_detection/hook/ament_prefix_path.sh'
[13.282s] INFO:colcon.colcon_core.shell:Skip shell extension 'powershell' for command environment: Not usable outside of PowerShell
[13.283s] DEBUG:colcon.colcon_core.shell:Skip shell extension 'dsv' for command environment
[13.352s] Level 1:colcon.colcon_core.environment:checking '/root/codes/NST_proj_ws/install/path_generation' for CMake module files
[13.354s] DEBUG:colcon.colcon_core.event_handler.log_command:Invoked command in '/root/codes/NST_proj_ws/src/path_generation' returned '0': PYTHONPATH=/root/codes/NST_proj_ws/build/path_generation/prefix_override:/root/codes/NST_proj_ws/install/path_generation/lib/python3.8/site-packages:${PYTHONPATH} /usr/bin/python3 setup.py egg_info --egg-base ../../build/path_generation build --build-base /root/codes/NST_proj_ws/build/path_generation/build install --record /root/codes/NST_proj_ws/build/path_generation/install.log --install-scripts $base/lib/path_generation --single-version-externally-managed
[13.356s] Level 1:colcon.colcon_core.environment:checking '/root/codes/NST_proj_ws/install/path_generation' for CMake config files
[13.367s] Level 1:colcon.colcon_core.environment:checking '/root/codes/NST_proj_ws/install/path_generation/lib'
[13.368s] Level 1:colcon.colcon_core.environment:checking '/root/codes/NST_proj_ws/install/path_generation/bin'
[13.368s] Level 1:colcon.colcon_core.shell:create_environment_hook('path_generation', 'path')
[13.376s] INFO:colcon.colcon_core.shell:Creating environment hook '/root/codes/NST_proj_ws/install/path_generation/share/path_generation/hook/path.ps1'
[13.377s] INFO:colcon.colcon_core.shell:Creating environment descriptor '/root/codes/NST_proj_ws/install/path_generation/share/path_generation/hook/path.dsv'
[13.389s] INFO:colcon.colcon_core.shell:Creating environment hook '/root/codes/NST_proj_ws/install/path_generation/share/path_generation/hook/path.sh'
[13.390s] Level 1:colcon.colcon_core.environment:checking '/root/codes/NST_proj_ws/install/path_generation/lib/pkgconfig/path_generation.pc'
[13.391s] Level 1:colcon.colcon_core.environment:checking '/root/codes/NST_proj_ws/install/path_generation/lib/python3.8/site-packages'
[13.391s] Level 1:colcon.colcon_core.shell:create_environment_hook('path_generation', 'pythonpath')
[13.399s] INFO:colcon.colcon_core.shell:Creating environment hook '/root/codes/NST_proj_ws/install/path_generation/share/path_generation/hook/pythonpath.ps1'
[13.401s] INFO:colcon.colcon_core.shell:Creating environment descriptor '/root/codes/NST_proj_ws/install/path_generation/share/path_generation/hook/pythonpath.dsv'
[13.402s] INFO:colcon.colcon_core.shell:Creating environment hook '/root/codes/NST_proj_ws/install/path_generation/share/path_generation/hook/pythonpath.sh'
[13.404s] Level 1:colcon.colcon_core.environment:checking '/root/codes/NST_proj_ws/install/path_generation/bin'
[13.405s] Level 1:colcon.colcon_core.shell:create_environment_hook('path_generation', 'pythonscriptspath')
[13.412s] INFO:colcon.colcon_core.shell:Creating environment hook '/root/codes/NST_proj_ws/install/path_generation/share/path_generation/hook/pythonscriptspath.ps1'
[13.414s] INFO:colcon.colcon_core.shell:Creating environment descriptor '/root/codes/NST_proj_ws/install/path_generation/share/path_generation/hook/pythonscriptspath.dsv'
[13.415s] INFO:colcon.colcon_core.shell:Creating environment hook '/root/codes/NST_proj_ws/install/path_generation/share/path_generation/hook/pythonscriptspath.sh'
[13.416s] Level 1:colcon.colcon_core.environment:create_environment_scripts_only(path_generation)
[13.424s] INFO:colcon.colcon_core.shell:Creating package script '/root/codes/NST_proj_ws/install/path_generation/share/path_generation/package.ps1'
[13.427s] INFO:colcon.colcon_core.shell:Creating package descriptor '/root/codes/NST_proj_ws/install/path_generation/share/path_generation/package.dsv'
[13.429s] INFO:colcon.colcon_core.shell:Creating package script '/root/codes/NST_proj_ws/install/path_generation/share/path_generation/package.sh'
[13.432s] INFO:colcon.colcon_core.shell:Creating package script '/root/codes/NST_proj_ws/install/path_generation/share/path_generation/package.bash'
[13.433s] INFO:colcon.colcon_core.shell:Creating package script '/root/codes/NST_proj_ws/install/path_generation/share/path_generation/package.zsh'
[13.435s] Level 1:colcon.colcon_core.environment:create_file_with_runtime_dependencies(/root/codes/NST_proj_ws/install/path_generation/share/colcon-core/packages/path_generation)
[13.447s] Level 1:colcon.colcon_core.environment:checking '/root/codes/NST_proj_ws/install/map_generation' for CMake module files
[13.452s] DEBUG:colcon.colcon_core.event_handler.log_command:Invoked command in '/root/codes/NST_proj_ws/src/map_generation' returned '0': PYTHONPATH=/root/codes/NST_proj_ws/build/map_generation/prefix_override:/root/codes/NST_proj_ws/install/map_generation/lib/python3.8/site-packages:${PYTHONPATH} /usr/bin/python3 setup.py egg_info --egg-base ../../build/map_generation build --build-base /root/codes/NST_proj_ws/build/map_generation/build install --record /root/codes/NST_proj_ws/build/map_generation/install.log --single-version-externally-managed
[13.453s] Level 1:colcon.colcon_core.environment:checking '/root/codes/NST_proj_ws/install/map_generation' for CMake config files
[13.465s] Level 1:colcon.colcon_core.environment:checking '/root/codes/NST_proj_ws/install/map_generation/lib'
[13.466s] Level 1:colcon.colcon_core.environment:checking '/root/codes/NST_proj_ws/install/map_generation/bin'
[13.466s] Level 1:colcon.colcon_core.environment:checking '/root/codes/NST_proj_ws/install/map_generation/lib/pkgconfig/map_generation.pc'
[13.467s] Level 1:colcon.colcon_core.environment:checking '/root/codes/NST_proj_ws/install/map_generation/lib/python3.8/site-packages'
[13.467s] Level 1:colcon.colcon_core.shell:create_environment_hook('map_generation', 'pythonpath')
[13.475s] INFO:colcon.colcon_core.shell:Creating environment hook '/root/codes/NST_proj_ws/install/map_generation/share/map_generation/hook/pythonpath.ps1'
[13.477s] INFO:colcon.colcon_core.shell:Creating environment descriptor '/root/codes/NST_proj_ws/install/map_generation/share/map_generation/hook/pythonpath.dsv'
[13.478s] INFO:colcon.colcon_core.shell:Creating environment hook '/root/codes/NST_proj_ws/install/map_generation/share/map_generation/hook/pythonpath.sh'
[13.480s] Level 1:colcon.colcon_core.environment:checking '/root/codes/NST_proj_ws/install/map_generation/bin'
[13.480s] Level 1:colcon.colcon_core.environment:create_environment_scripts_only(map_generation)
[13.488s] INFO:colcon.colcon_core.shell:Creating package script '/root/codes/NST_proj_ws/install/map_generation/share/map_generation/package.ps1'
[13.490s] INFO:colcon.colcon_core.shell:Creating package descriptor '/root/codes/NST_proj_ws/install/map_generation/share/map_generation/package.dsv'
[13.492s] INFO:colcon.colcon_core.shell:Creating package script '/root/codes/NST_proj_ws/install/map_generation/share/map_generation/package.sh'
[13.494s] INFO:colcon.colcon_core.shell:Creating package script '/root/codes/NST_proj_ws/install/map_generation/share/map_generation/package.bash'
[13.495s] INFO:colcon.colcon_core.shell:Creating package script '/root/codes/NST_proj_ws/install/map_generation/share/map_generation/package.zsh'
[13.497s] Level 1:colcon.colcon_core.environment:create_file_with_runtime_dependencies(/root/codes/NST_proj_ws/install/map_generation/share/colcon-core/packages/map_generation)
[14.732s] INFO:colcon.colcon_core.task.python.build:Building Python package in '/root/codes/NST_proj_ws/src/exit_detection'
[14.740s] INFO:colcon.colcon_core.shell:Skip shell extension 'powershell' for command environment: Not usable outside of PowerShell
[14.741s] DEBUG:colcon.colcon_core.shell:Skip shell extension 'dsv' for command environment
[16.991s] DEBUG:colcon.colcon_core.event_handler.log_command:Invoking command in '/root/codes/NST_proj_ws/src/exit_detection': AMENT_PREFIX_PATH=/root/codes/NST_proj_ws/install/robotics_utils:${AMENT_PREFIX_PATH} PYTHONPATH=/root/codes/NST_proj_ws/build/exit_detection/prefix_override:/root/codes/NST_proj_ws/install/exit_detection/lib/python3.8/site-packages:/root/codes/NST_proj_ws/install/robotics_utils/lib/python3.8/site-packages:${PYTHONPATH} /usr/bin/python3 setup.py egg_info --egg-base ../../build/exit_detection build --build-base /root/codes/NST_proj_ws/build/exit_detection/build install --record /root/codes/NST_proj_ws/build/exit_detection/install.log --install-scripts $base/lib/exit_detection --single-version-externally-managed
[18.652s] Level 1:colcon.colcon_core.environment:checking '/root/codes/NST_proj_ws/install/exit_detection' for CMake module files
[18.653s] DEBUG:colcon.colcon_core.event_handler.log_command:Invoked command in '/root/codes/NST_proj_ws/src/exit_detection' returned '0': AMENT_PREFIX_PATH=/root/codes/NST_proj_ws/install/robotics_utils:${AMENT_PREFIX_PATH} PYTHONPATH=/root/codes/NST_proj_ws/build/exit_detection/prefix_override:/root/codes/NST_proj_ws/install/exit_detection/lib/python3.8/site-packages:/root/codes/NST_proj_ws/install/robotics_utils/lib/python3.8/site-packages:${PYTHONPATH} /usr/bin/python3 setup.py egg_info --egg-base ../../build/exit_detection build --build-base /root/codes/NST_proj_ws/build/exit_detection/build install --record /root/codes/NST_proj_ws/build/exit_detection/install.log --install-scripts $base/lib/exit_detection --single-version-externally-managed
[18.655s] Level 1:colcon.colcon_core.environment:checking '/root/codes/NST_proj_ws/install/exit_detection' for CMake config files
[18.664s] Level 1:colcon.colcon_core.environment:checking '/root/codes/NST_proj_ws/install/exit_detection/lib'
[18.664s] Level 1:colcon.colcon_core.environment:checking '/root/codes/NST_proj_ws/install/exit_detection/bin'
[18.664s] Level 1:colcon.colcon_core.shell:create_environment_hook('exit_detection', 'path')
[18.672s] INFO:colcon.colcon_core.shell:Creating environment hook '/root/codes/NST_proj_ws/install/exit_detection/share/exit_detection/hook/path.ps1'
[18.674s] INFO:colcon.colcon_core.shell:Creating environment descriptor '/root/codes/NST_proj_ws/install/exit_detection/share/exit_detection/hook/path.dsv'
[18.675s] INFO:colcon.colcon_core.shell:Creating environment hook '/root/codes/NST_proj_ws/install/exit_detection/share/exit_detection/hook/path.sh'
[18.676s] Level 1:colcon.colcon_core.environment:checking '/root/codes/NST_proj_ws/install/exit_detection/lib/pkgconfig/exit_detection.pc'
[18.677s] Level 1:colcon.colcon_core.environment:checking '/root/codes/NST_proj_ws/install/exit_detection/lib/python3.8/site-packages'
[18.677s] Level 1:colcon.colcon_core.shell:create_environment_hook('exit_detection', 'pythonpath')
[18.685s] INFO:colcon.colcon_core.shell:Creating environment hook '/root/codes/NST_proj_ws/install/exit_detection/share/exit_detection/hook/pythonpath.ps1'
[18.686s] INFO:colcon.colcon_core.shell:Creating environment descriptor '/root/codes/NST_proj_ws/install/exit_detection/share/exit_detection/hook/pythonpath.dsv'
[18.687s] INFO:colcon.colcon_core.shell:Creating environment hook '/root/codes/NST_proj_ws/install/exit_detection/share/exit_detection/hook/pythonpath.sh'
[18.689s] Level 1:colcon.colcon_core.environment:checking '/root/codes/NST_proj_ws/install/exit_detection/bin'
[18.689s] Level 1:colcon.colcon_core.shell:create_environment_hook('exit_detection', 'pythonscriptspath')
[18.697s] INFO:colcon.colcon_core.shell:Creating environment hook '/root/codes/NST_proj_ws/install/exit_detection/share/exit_detection/hook/pythonscriptspath.ps1'
[18.698s] INFO:colcon.colcon_core.shell:Creating environment descriptor '/root/codes/NST_proj_ws/install/exit_detection/share/exit_detection/hook/pythonscriptspath.dsv'
[18.699s] INFO:colcon.colcon_core.shell:Creating environment hook '/root/codes/NST_proj_ws/install/exit_detection/share/exit_detection/hook/pythonscriptspath.sh'
[18.700s] Level 1:colcon.colcon_core.environment:create_environment_scripts_only(exit_detection)
[18.709s] INFO:colcon.colcon_core.shell:Creating package script '/root/codes/NST_proj_ws/install/exit_detection/share/exit_detection/package.ps1'
[18.711s] INFO:colcon.colcon_core.shell:Creating package descriptor '/root/codes/NST_proj_ws/install/exit_detection/share/exit_detection/package.dsv'
[18.714s] INFO:colcon.colcon_core.shell:Creating package script '/root/codes/NST_proj_ws/install/exit_detection/share/exit_detection/package.sh'
[18.716s] INFO:colcon.colcon_core.shell:Creating package script '/root/codes/NST_proj_ws/install/exit_detection/share/exit_detection/package.bash'
[18.717s] INFO:colcon.colcon_core.shell:Creating package script '/root/codes/NST_proj_ws/install/exit_detection/share/exit_detection/package.zsh'
[18.718s] Level 1:colcon.colcon_core.environment:create_file_with_runtime_dependencies(/root/codes/NST_proj_ws/install/exit_detection/share/colcon-core/packages/exit_detection)
[18.720s] DEBUG:colcon.colcon_parallel_executor.executor.parallel:closing loop
[18.721s] DEBUG:colcon.colcon_parallel_executor.executor.parallel:loop closed
[18.722s] DEBUG:colcon.colcon_parallel_executor.executor.parallel:run_until_complete finished with '0'
[18.723s] DEBUG:colcon.colcon_core.event_reactor:joining thread
[18.776s] INFO:colcon.colcon_core.plugin_system:Skipping extension 'colcon_notification.desktop_notification.notify_send': Could not find 'notify-send'
[18.776s] INFO:colcon.colcon_core.plugin_system:Skipping extension 'colcon_notification.desktop_notification.terminal_notifier': Not used on non-Darwin systems
[18.776s] INFO:colcon.colcon_core.plugin_system:Skipping extension 'colcon_notification.desktop_notification.win32': Not used on non-Windows systems
[18.777s] INFO:colcon.colcon_notification.desktop_notification:Sending desktop notification using 'notify2'
[19.101s] DEBUG:colcon.colcon_notification.desktop_notification.notify2:Failed to initialize notify2: org.freedesktop.DBus.Error.ServiceUnknown: The name org.freedesktop.Notifications was not provided by any .service files
[19.101s] DEBUG:colcon.colcon_core.event_reactor:joined thread
[19.115s] INFO:colcon.colcon_core.shell:Creating prefix script '/root/codes/NST_proj_ws/install/local_setup.ps1'
[19.128s] INFO:colcon.colcon_core.shell:Creating prefix util module '/root/codes/NST_proj_ws/install/_local_setup_util_ps1.py'
[19.145s] INFO:colcon.colcon_core.shell:Creating prefix chain script '/root/codes/NST_proj_ws/install/setup.ps1'
[19.163s] INFO:colcon.colcon_core.shell:Creating prefix script '/root/codes/NST_proj_ws/install/local_setup.sh'
[19.167s] INFO:colcon.colcon_core.shell:Creating prefix util module '/root/codes/NST_proj_ws/install/_local_setup_util_sh.py'
[19.169s] INFO:colcon.colcon_core.shell:Creating prefix chain script '/root/codes/NST_proj_ws/install/setup.sh'
[19.188s] INFO:colcon.colcon_core.shell:Creating prefix script '/root/codes/NST_proj_ws/install/local_setup.bash'
[19.191s] INFO:colcon.colcon_core.shell:Creating prefix chain script '/root/codes/NST_proj_ws/install/setup.bash'
[19.216s] INFO:colcon.colcon_core.shell:Creating prefix script '/root/codes/NST_proj_ws/install/local_setup.zsh'
[19.219s] INFO:colcon.colcon_core.shell:Creating prefix chain script '/root/codes/NST_proj_ws/install/setup.zsh'
