[2.387s] DEBUG:colcon:Command line arguments: ['/usr/bin/colcon', 'build', '--packages-select', 'nav2_wfd']
[2.388s] DEBUG:colcon:Parsed command line arguments: Namespace(ament_cmake_args=None, base_paths=['.'], build_base='build', catkin_cmake_args=None, catkin_skip_building_tests=False, cmake_args=None, cmake_clean_cache=False, cmake_clean_first=False, cmake_force_configure=False, cmake_target=None, cmake_target_skip_unavailable=False, continue_on_error=False, event_handlers=None, executor='parallel', ignore_user_meta=False, install_base='install', log_base=None, log_level=None, main=<bound method BuildVerb.main of <colcon_core.verb.build.BuildVerb object at 0x7f98c05ee0>>, merge_install=False, metas=['./colcon.meta'], mixin=None, mixin_files=None, mixin_verb=('build',), packages_above=None, packages_above_and_dependencies=None, packages_above_depth=None, packages_end=None, packages_ignore=None, packages_ignore_regex=None, packages_select=['nav2_wfd'], packages_select_build_failed=False, packages_select_by_dep=None, packages_select_regex=None, packages_select_test_failures=False, packages_skip=None, packages_skip_build_finished=False, packages_skip_by_dep=None, packages_skip_regex=None, packages_skip_test_passed=False, packages_skip_up_to=None, packages_start=None, packages_up_to=None, packages_up_to_regex=None, parallel_workers=4, paths=None, symlink_install=False, test_result_base=None, verb_extension=<colcon_core.verb.build.BuildVerb object at 0x7f98c05ee0>, verb_name='build', verb_parser=<colcon_mixin.mixin.mixin_argument.MixinArgumentDecorator object at 0x7f98c124f0>)
[2.568s] Level 1:colcon.colcon_core.package_discovery:discover_packages(colcon_meta) check parameters
[2.573s] INFO:colcon.colcon_metadata.package_discovery.colcon_meta:Using configuration from '/root/.colcon/metadata/default/Gazebo.meta'
[2.576s] INFO:colcon.colcon_metadata.package_discovery.colcon_meta:Using configuration from '/root/.colcon/metadata/default/fastrtps.meta'
[2.576s] Level 1:colcon.colcon_core.package_discovery:discover_packages(recursive) check parameters
[2.576s] Level 1:colcon.colcon_core.package_discovery:discover_packages(ignore) check parameters
[2.576s] Level 1:colcon.colcon_core.package_discovery:discover_packages(path) check parameters
[2.577s] Level 1:colcon.colcon_core.package_discovery:discover_packages(colcon_meta) discover
[2.577s] Level 1:colcon.colcon_core.package_discovery:discover_packages(recursive) discover
[2.577s] INFO:colcon.colcon_core.package_discovery:Crawling recursively for packages in '/root/codes/NST_proj_ws'
[2.578s] Level 1:colcon.colcon_core.package_identification:_identify(.) by extensions ['ignore', 'ignore_ament_install']
[2.578s] Level 1:colcon.colcon_core.package_identification:_identify(.) by extension 'ignore'
[2.579s] Level 1:colcon.colcon_core.package_identification:_identify(.) by extension 'ignore_ament_install'
[2.579s] Level 1:colcon.colcon_core.package_identification:_identify(.) by extensions ['colcon_pkg']
[2.579s] Level 1:colcon.colcon_core.package_identification:_identify(.) by extension 'colcon_pkg'
[2.580s] Level 1:colcon.colcon_core.package_identification:_identify(.) by extensions ['colcon_meta']
[2.580s] Level 1:colcon.colcon_core.package_identification:_identify(.) by extension 'colcon_meta'
[2.580s] Level 1:colcon.colcon_core.package_identification:_identify(.) by extensions ['ros']
[2.580s] Level 1:colcon.colcon_core.package_identification:_identify(.) by extension 'ros'
[2.696s] Level 1:colcon.colcon_core.package_identification:_identify(.) by extensions ['cmake', 'python']
[2.696s] Level 1:colcon.colcon_core.package_identification:_identify(.) by extension 'cmake'
[2.696s] Level 1:colcon.colcon_core.package_identification:_identify(.) by extension 'python'
[2.697s] Level 1:colcon.colcon_core.package_identification:_identify(.) by extensions ['python_setup_py']
[2.697s] Level 1:colcon.colcon_core.package_identification:_identify(.) by extension 'python_setup_py'
[2.698s] Level 1:colcon.colcon_core.package_identification:_identify(build) by extensions ['ignore', 'ignore_ament_install']
[2.698s] Level 1:colcon.colcon_core.package_identification:_identify(build) by extension 'ignore'
[2.699s] Level 1:colcon.colcon_core.package_identification:_identify(build) ignored
[2.699s] Level 1:colcon.colcon_core.package_identification:_identify(install) by extensions ['ignore', 'ignore_ament_install']
[2.700s] Level 1:colcon.colcon_core.package_identification:_identify(install) by extension 'ignore'
[2.700s] Level 1:colcon.colcon_core.package_identification:_identify(install) ignored
[2.701s] Level 1:colcon.colcon_core.package_identification:_identify(log) by extensions ['ignore', 'ignore_ament_install']
[2.702s] Level 1:colcon.colcon_core.package_identification:_identify(log) by extension 'ignore'
[2.702s] Level 1:colcon.colcon_core.package_identification:_identify(log) ignored
[2.703s] Level 1:colcon.colcon_core.package_identification:_identify(src) by extensions ['ignore', 'ignore_ament_install']
[2.703s] Level 1:colcon.colcon_core.package_identification:_identify(src) by extension 'ignore'
[2.704s] Level 1:colcon.colcon_core.package_identification:_identify(src) by extension 'ignore_ament_install'
[2.705s] Level 1:colcon.colcon_core.package_identification:_identify(src) by extensions ['colcon_pkg']
[2.705s] Level 1:colcon.colcon_core.package_identification:_identify(src) by extension 'colcon_pkg'
[2.705s] Level 1:colcon.colcon_core.package_identification:_identify(src) by extensions ['colcon_meta']
[2.705s] Level 1:colcon.colcon_core.package_identification:_identify(src) by extension 'colcon_meta'
[2.706s] Level 1:colcon.colcon_core.package_identification:_identify(src) by extensions ['ros']
[2.706s] Level 1:colcon.colcon_core.package_identification:_identify(src) by extension 'ros'
[2.706s] Level 1:colcon.colcon_core.package_identification:_identify(src) by extensions ['cmake', 'python']
[2.707s] Level 1:colcon.colcon_core.package_identification:_identify(src) by extension 'cmake'
[2.707s] Level 1:colcon.colcon_core.package_identification:_identify(src) by extension 'python'
[2.707s] Level 1:colcon.colcon_core.package_identification:_identify(src) by extensions ['python_setup_py']
[2.708s] Level 1:colcon.colcon_core.package_identification:_identify(src) by extension 'python_setup_py'
[2.708s] Level 1:colcon.colcon_core.package_identification:_identify(src/exit_detection) by extensions ['ignore', 'ignore_ament_install']
[2.709s] Level 1:colcon.colcon_core.package_identification:_identify(src/exit_detection) by extension 'ignore'
[2.709s] Level 1:colcon.colcon_core.package_identification:_identify(src/exit_detection) by extension 'ignore_ament_install'
[2.709s] Level 1:colcon.colcon_core.package_identification:_identify(src/exit_detection) by extensions ['colcon_pkg']
[2.709s] Level 1:colcon.colcon_core.package_identification:_identify(src/exit_detection) by extension 'colcon_pkg'
[2.710s] Level 1:colcon.colcon_core.package_identification:_identify(src/exit_detection) by extensions ['colcon_meta']
[2.710s] Level 1:colcon.colcon_core.package_identification:_identify(src/exit_detection) by extension 'colcon_meta'
[2.710s] Level 1:colcon.colcon_core.package_identification:_identify(src/exit_detection) by extensions ['ros']
[2.710s] Level 1:colcon.colcon_core.package_identification:_identify(src/exit_detection) by extension 'ros'
[2.725s] DEBUG:colcon.colcon_core.package_identification:Package 'src/exit_detection' with type 'ros.ament_python' and name 'exit_detection'
[2.726s] Level 1:colcon.colcon_core.package_identification:_identify(src/map_generation) by extensions ['ignore', 'ignore_ament_install']
[2.726s] Level 1:colcon.colcon_core.package_identification:_identify(src/map_generation) by extension 'ignore'
[2.727s] Level 1:colcon.colcon_core.package_identification:_identify(src/map_generation) by extension 'ignore_ament_install'
[2.727s] Level 1:colcon.colcon_core.package_identification:_identify(src/map_generation) by extensions ['colcon_pkg']
[2.727s] Level 1:colcon.colcon_core.package_identification:_identify(src/map_generation) by extension 'colcon_pkg'
[2.728s] Level 1:colcon.colcon_core.package_identification:_identify(src/map_generation) by extensions ['colcon_meta']
[2.728s] Level 1:colcon.colcon_core.package_identification:_identify(src/map_generation) by extension 'colcon_meta'
[2.729s] Level 1:colcon.colcon_core.package_identification:_identify(src/map_generation) by extensions ['ros']
[2.729s] Level 1:colcon.colcon_core.package_identification:_identify(src/map_generation) by extension 'ros'
[2.732s] DEBUG:colcon.colcon_core.package_identification:Package 'src/map_generation' with type 'ros.ament_python' and name 'map_generation'
[2.733s] Level 1:colcon.colcon_core.package_identification:_identify(src/path_generation) by extensions ['ignore', 'ignore_ament_install']
[2.734s] Level 1:colcon.colcon_core.package_identification:_identify(src/path_generation) by extension 'ignore'
[2.734s] Level 1:colcon.colcon_core.package_identification:_identify(src/path_generation) by extension 'ignore_ament_install'
[2.735s] Level 1:colcon.colcon_core.package_identification:_identify(src/path_generation) by extensions ['colcon_pkg']
[2.735s] Level 1:colcon.colcon_core.package_identification:_identify(src/path_generation) by extension 'colcon_pkg'
[2.736s] Level 1:colcon.colcon_core.package_identification:_identify(src/path_generation) by extensions ['colcon_meta']
[2.736s] Level 1:colcon.colcon_core.package_identification:_identify(src/path_generation) by extension 'colcon_meta'
[2.736s] Level 1:colcon.colcon_core.package_identification:_identify(src/path_generation) by extensions ['ros']
[2.737s] Level 1:colcon.colcon_core.package_identification:_identify(src/path_generation) by extension 'ros'
[2.743s] DEBUG:colcon.colcon_core.package_identification:Package 'src/path_generation' with type 'ros.ament_python' and name 'path_generation'
[2.743s] Level 1:colcon.colcon_core.package_identification:_identify(src/robotics_utils) by extensions ['ignore', 'ignore_ament_install']
[2.744s] Level 1:colcon.colcon_core.package_identification:_identify(src/robotics_utils) by extension 'ignore'
[2.744s] Level 1:colcon.colcon_core.package_identification:_identify(src/robotics_utils) by extension 'ignore_ament_install'
[2.744s] Level 1:colcon.colcon_core.package_identification:_identify(src/robotics_utils) by extensions ['colcon_pkg']
[2.744s] Level 1:colcon.colcon_core.package_identification:_identify(src/robotics_utils) by extension 'colcon_pkg'
[2.745s] Level 1:colcon.colcon_core.package_identification:_identify(src/robotics_utils) by extensions ['colcon_meta']
[2.745s] Level 1:colcon.colcon_core.package_identification:_identify(src/robotics_utils) by extension 'colcon_meta'
[2.745s] Level 1:colcon.colcon_core.package_identification:_identify(src/robotics_utils) by extensions ['ros']
[2.745s] Level 1:colcon.colcon_core.package_identification:_identify(src/robotics_utils) by extension 'ros'
[2.748s] DEBUG:colcon.colcon_core.package_identification:Package 'src/robotics_utils' with type 'ros.ament_python' and name 'robotics_utils'
[2.748s] Level 1:colcon.colcon_core.package_discovery:discover_packages(recursive) using defaults
[2.748s] Level 1:colcon.colcon_core.package_discovery:discover_packages(ignore) discover
[2.748s] Level 1:colcon.colcon_core.package_discovery:discover_packages(ignore) using defaults
[2.749s] Level 1:colcon.colcon_core.package_discovery:discover_packages(path) discover
[2.749s] Level 1:colcon.colcon_core.package_discovery:discover_packages(path) using defaults
[2.758s] WARNING:colcon.colcon_core.package_selection:ignoring unknown package 'nav2_wfd' in --packages-select
[2.882s] INFO:colcon.colcon_core.package_selection:Skipping not selected package 'map_generation' in 'src/map_generation'
[2.882s] INFO:colcon.colcon_core.package_selection:Skipping not selected package 'path_generation' in 'src/path_generation'
[2.883s] INFO:colcon.colcon_core.package_selection:Skipping not selected package 'robotics_utils' in 'src/robotics_utils'
[2.883s] INFO:colcon.colcon_core.package_selection:Skipping not selected package 'exit_detection' in 'src/exit_detection'
[2.887s] INFO:colcon.colcon_core.executor:Executing jobs using 'parallel' executor
[2.913s] DEBUG:colcon.colcon_parallel_executor.executor.parallel:run_until_complete
[2.914s] DEBUG:colcon.colcon_parallel_executor.executor.parallel:closing loop
[2.914s] DEBUG:colcon.colcon_parallel_executor.executor.parallel:loop closed
[2.915s] DEBUG:colcon.colcon_parallel_executor.executor.parallel:run_until_complete finished with '0'
[2.915s] DEBUG:colcon.colcon_core.event_reactor:joining thread
[2.947s] INFO:colcon.colcon_core.plugin_system:Skipping extension 'colcon_notification.desktop_notification.notify_send': Could not find 'notify-send'
[2.948s] INFO:colcon.colcon_core.plugin_system:Skipping extension 'colcon_notification.desktop_notification.terminal_notifier': Not used on non-Darwin systems
[2.948s] INFO:colcon.colcon_core.plugin_system:Skipping extension 'colcon_notification.desktop_notification.win32': Not used on non-Windows systems
[2.948s] INFO:colcon.colcon_notification.desktop_notification:Sending desktop notification using 'notify2'
[2.949s] DEBUG:colcon.colcon_notification.desktop_notification.notify2:Failed to initialize notify2: org.freedesktop.DBus.Error.NotSupported: Unable to autolaunch a dbus-daemon without a $DISPLAY for X11
[2.949s] DEBUG:colcon.colcon_core.event_reactor:joined thread
[2.979s] INFO:colcon.colcon_core.plugin_system:Skipping extension 'colcon_core.shell.bat': Not used on non-Windows systems
[2.980s] INFO:colcon.colcon_core.shell:Creating prefix script '/root/codes/NST_proj_ws/install/local_setup.ps1'
[2.984s] INFO:colcon.colcon_core.shell:Creating prefix util module '/root/codes/NST_proj_ws/install/_local_setup_util_ps1.py'
[2.990s] INFO:colcon.colcon_core.shell:Creating prefix chain script '/root/codes/NST_proj_ws/install/setup.ps1'
[3.013s] INFO:colcon.colcon_core.shell:Creating prefix script '/root/codes/NST_proj_ws/install/local_setup.sh'
[3.015s] INFO:colcon.colcon_core.shell:Creating prefix util module '/root/codes/NST_proj_ws/install/_local_setup_util_sh.py'
[3.017s] INFO:colcon.colcon_core.shell:Creating prefix chain script '/root/codes/NST_proj_ws/install/setup.sh'
[3.038s] INFO:colcon.colcon_core.shell:Creating prefix script '/root/codes/NST_proj_ws/install/local_setup.bash'
[3.040s] INFO:colcon.colcon_core.shell:Creating prefix chain script '/root/codes/NST_proj_ws/install/setup.bash'
[3.058s] INFO:colcon.colcon_core.shell:Creating prefix script '/root/codes/NST_proj_ws/install/local_setup.zsh'
[3.060s] INFO:colcon.colcon_core.shell:Creating prefix chain script '/root/codes/NST_proj_ws/install/setup.zsh'
