[6.429s] Invoking command in '/root/codes/NST_proj_ws/src/map_generation': PYTHONPATH=/root/codes/NST_proj_ws/build/map_generation/prefix_override:/root/codes/NST_proj_ws/install/map_generation/lib/python3.8/site-packages:${PYTHONPATH} /usr/bin/python3 setup.py egg_info --egg-base ../../build/map_generation build --build-base /root/codes/NST_proj_ws/build/map_generation/build install --record /root/codes/NST_proj_ws/build/map_generation/install.log --single-version-externally-managed
[7.761s] running egg_info
[7.764s] writing ../../build/map_generation/map_generation.egg-info/PKG-INFO
[7.765s] writing dependency_links to ../../build/map_generation/map_generation.egg-info/dependency_links.txt
[7.765s] writing entry points to ../../build/map_generation/map_generation.egg-info/entry_points.txt
[7.766s] writing requirements to ../../build/map_generation/map_generation.egg-info/requires.txt
[7.766s] writing top-level names to ../../build/map_generation/map_generation.egg-info/top_level.txt
[7.944s] reading manifest file '../../build/map_generation/map_generation.egg-info/SOURCES.txt'
[7.948s] writing manifest file '../../build/map_generation/map_generation.egg-info/SOURCES.txt'
[7.949s] running build
[7.950s] running build_py
[7.950s] copying map_generation/__init__.py -> /root/codes/NST_proj_ws/build/map_generation/build/lib/map_generation
[7.951s] copying map_generation/map_generation_node.py -> /root/codes/NST_proj_ws/build/map_generation/build/lib/map_generation
[7.952s] running install
[7.955s] running install_lib
[7.960s] copying /root/codes/NST_proj_ws/build/map_generation/build/lib/map_generation/__init__.py -> /root/codes/NST_proj_ws/install/map_generation/lib/python3.8/site-packages/map_generation
[7.960s] copying /root/codes/NST_proj_ws/build/map_generation/build/lib/map_generation/map_generation_node.py -> /root/codes/NST_proj_ws/install/map_generation/lib/python3.8/site-packages/map_generation
[7.964s] byte-compiling /root/codes/NST_proj_ws/install/map_generation/lib/python3.8/site-packages/map_generation/__init__.py to __init__.cpython-38.pyc
[7.969s] byte-compiling /root/codes/NST_proj_ws/install/map_generation/lib/python3.8/site-packages/map_generation/map_generation_node.py to map_generation_node.cpython-38.pyc
[7.974s] running install_data
[7.976s] copying resource/map_generation -> /root/codes/NST_proj_ws/install/map_generation/share/ament_index/resource_index/packages
[7.977s] copying package.xml -> /root/codes/NST_proj_ws/install/map_generation/share/map_generation
[7.978s] copying launch/explore_lite_launch.py -> /root/codes/NST_proj_ws/install/map_generation/share/map_generation/launch
[7.979s] copying launch/slam_launch.py -> /root/codes/NST_proj_ws/install/map_generation/share/map_generation/launch
[7.979s] copying launch/nav2_launch.py -> /root/codes/NST_proj_ws/install/map_generation/share/map_generation/launch
[7.979s] running install_egg_info
[7.987s] removing '/root/codes/NST_proj_ws/install/map_generation/lib/python3.8/site-packages/map_generation-0.1.0-py3.8.egg-info' (and everything under it)
[7.988s] Copying ../../build/map_generation/map_generation.egg-info to /root/codes/NST_proj_ws/install/map_generation/lib/python3.8/site-packages/map_generation-0.1.0-py3.8.egg-info
[7.993s] running install_scripts
[8.093s] Installing map_generation_node script to /root/codes/NST_proj_ws/install/map_generation/lib/map_generation
[8.095s] writing list of installed files to '/root/codes/NST_proj_ws/build/map_generation/install.log'
[8.360s] Invoked command in '/root/codes/NST_proj_ws/src/map_generation' returned '0': PYTHONPATH=/root/codes/NST_proj_ws/build/map_generation/prefix_override:/root/codes/NST_proj_ws/install/map_generation/lib/python3.8/site-packages:${PYTHONPATH} /usr/bin/python3 setup.py egg_info --egg-base ../../build/map_generation build --build-base /root/codes/NST_proj_ws/build/map_generation/build install --record /root/codes/NST_proj_ws/build/map_generation/install.log --single-version-externally-managed
