[8.561s] Invoking command in '/root/codes/NST_proj_ws/src/robotics_utils': PYTHONPATH=/root/codes/NST_proj_ws/build/robotics_utils/prefix_override:/root/codes/NST_proj_ws/install/robotics_utils/lib/python3.8/site-packages:${PYTHONPATH} /usr/bin/python3 setup.py egg_info --egg-base ../../build/robotics_utils build --build-base /root/codes/NST_proj_ws/build/robotics_utils/build install --record /root/codes/NST_proj_ws/build/robotics_utils/install.log --install-scripts $base/lib/robitics_utils --single-version-externally-managed
[10.777s] running egg_info
[10.794s] writing ../../build/robotics_utils/robotics_utils.egg-info/PKG-INFO
[10.812s] writing dependency_links to ../../build/robotics_utils/robotics_utils.egg-info/dependency_links.txt
[10.813s] writing entry points to ../../build/robotics_utils/robotics_utils.egg-info/entry_points.txt
[10.813s] writing requirements to ../../build/robotics_utils/robotics_utils.egg-info/requires.txt
[10.814s] writing top-level names to ../../build/robotics_utils/robotics_utils.egg-info/top_level.txt
[11.132s] reading manifest file '../../build/robotics_utils/robotics_utils.egg-info/SOURCES.txt'
[11.157s] writing manifest file '../../build/robotics_utils/robotics_utils.egg-info/SOURCES.txt'
[11.158s] running build
[11.158s] running build_py
[11.165s] running install
[11.170s] running install_lib
[11.188s] running install_data
[11.210s] running install_egg_info
[11.224s] removing '/root/codes/NST_proj_ws/install/robotics_utils/lib/python3.8/site-packages/robotics_utils-0.0.1-py3.8.egg-info' (and everything under it)
[11.226s] Copying ../../build/robotics_utils/robotics_utils.egg-info to /root/codes/NST_proj_ws/install/robotics_utils/lib/python3.8/site-packages/robotics_utils-0.0.1-py3.8.egg-info
[11.234s] running install_scripts
[11.354s] writing list of installed files to '/root/codes/NST_proj_ws/build/robotics_utils/install.log'
[11.474s] Invoked command in '/root/codes/NST_proj_ws/src/robotics_utils' returned '0': PYTHONPATH=/root/codes/NST_proj_ws/build/robotics_utils/prefix_override:/root/codes/NST_proj_ws/install/robotics_utils/lib/python3.8/site-packages:${PYTHONPATH} /usr/bin/python3 setup.py egg_info --egg-base ../../build/robotics_utils build --build-base /root/codes/NST_proj_ws/build/robotics_utils/build install --record /root/codes/NST_proj_ws/build/robotics_utils/install.log --install-scripts $base/lib/robitics_utils --single-version-externally-managed
