[8.027s] Invoking command in '/root/codes/NST_proj_ws/src/robotics_utils': PYTHONPATH=/root/codes/NST_proj_ws/build/robotics_utils/prefix_override:/root/codes/NST_proj_ws/install/robotics_utils/lib/python3.8/site-packages:${PYTHONPATH} /usr/bin/python3 setup.py egg_info --egg-base ../../build/robotics_utils build --build-base /root/codes/NST_proj_ws/build/robotics_utils/build install --record /root/codes/NST_proj_ws/build/robotics_utils/install.log --install-scripts $base/lib/robitics_utils --single-version-externally-managed
[10.020s] running egg_info
[10.025s] writing ../../build/robotics_utils/robotics_utils.egg-info/PKG-INFO
[10.026s] writing dependency_links to ../../build/robotics_utils/robotics_utils.egg-info/dependency_links.txt
[10.027s] writing entry points to ../../build/robotics_utils/robotics_utils.egg-info/entry_points.txt
[10.027s] writing requirements to ../../build/robotics_utils/robotics_utils.egg-info/requires.txt
[10.028s] writing top-level names to ../../build/robotics_utils/robotics_utils.egg-info/top_level.txt
[10.236s] reading manifest file '../../build/robotics_utils/robotics_utils.egg-info/SOURCES.txt'
[10.241s] writing manifest file '../../build/robotics_utils/robotics_utils.egg-info/SOURCES.txt'
[10.242s] running build
[10.242s] running build_py
[10.244s] running install
[10.251s] running install_lib
[10.259s] running install_data
[10.262s] running install_egg_info
[10.272s] removing '/root/codes/NST_proj_ws/install/robotics_utils/lib/python3.8/site-packages/robotics_utils-0.0.1-py3.8.egg-info' (and everything under it)
[10.273s] Copying ../../build/robotics_utils/robotics_utils.egg-info to /root/codes/NST_proj_ws/install/robotics_utils/lib/python3.8/site-packages/robotics_utils-0.0.1-py3.8.egg-info
[10.278s] running install_scripts
[10.429s] writing list of installed files to '/root/codes/NST_proj_ws/build/robotics_utils/install.log'
[10.602s] Invoked command in '/root/codes/NST_proj_ws/src/robotics_utils' returned '0': PYTHONPATH=/root/codes/NST_proj_ws/build/robotics_utils/prefix_override:/root/codes/NST_proj_ws/install/robotics_utils/lib/python3.8/site-packages:${PYTHONPATH} /usr/bin/python3 setup.py egg_info --egg-base ../../build/robotics_utils build --build-base /root/codes/NST_proj_ws/build/robotics_utils/build install --record /root/codes/NST_proj_ws/build/robotics_utils/install.log --install-scripts $base/lib/robitics_utils --single-version-externally-managed
