[8.138s] Invoking command in '/root/codes/NST_proj_ws/src/path_generation': PYTHONPATH=/root/codes/NST_proj_ws/build/path_generation/prefix_override:/root/codes/NST_proj_ws/install/path_generation/lib/python3.8/site-packages:${PYTHONPATH} /usr/bin/python3 setup.py egg_info --egg-base ../../build/path_generation build --build-base /root/codes/NST_proj_ws/build/path_generation/build install --record /root/codes/NST_proj_ws/build/path_generation/install.log --install-scripts $base/lib/path_generation --single-version-externally-managed
[9.982s] running egg_info
[9.985s] writing ../../build/path_generation/path_generation.egg-info/PKG-INFO
[9.986s] writing dependency_links to ../../build/path_generation/path_generation.egg-info/dependency_links.txt
[9.986s] writing entry points to ../../build/path_generation/path_generation.egg-info/entry_points.txt
[9.987s] writing requirements to ../../build/path_generation/path_generation.egg-info/requires.txt
[9.987s] writing top-level names to ../../build/path_generation/path_generation.egg-info/top_level.txt
[10.293s] reading manifest file '../../build/path_generation/path_generation.egg-info/SOURCES.txt'
[10.308s] writing manifest file '../../build/path_generation/path_generation.egg-info/SOURCES.txt'
[10.308s] running build
[10.309s] running build_py
[10.309s] running install
[10.310s] running install_lib
[10.326s] running install_data
[10.331s] running install_egg_info
[10.351s] removing '/root/codes/NST_proj_ws/install/path_generation/lib/python3.8/site-packages/path_generation-0.0.1-py3.8.egg-info' (and everything under it)
[10.352s] Copying ../../build/path_generation/path_generation.egg-info to /root/codes/NST_proj_ws/install/path_generation/lib/python3.8/site-packages/path_generation-0.0.1-py3.8.egg-info
[10.357s] running install_scripts
[10.493s] Installing path_generation_node script to /root/codes/NST_proj_ws/install/path_generation/lib/path_generation
[10.496s] writing list of installed files to '/root/codes/NST_proj_ws/build/path_generation/install.log'
[10.748s] Invoked command in '/root/codes/NST_proj_ws/src/path_generation' returned '0': PYTHONPATH=/root/codes/NST_proj_ws/build/path_generation/prefix_override:/root/codes/NST_proj_ws/install/path_generation/lib/python3.8/site-packages:${PYTHONPATH} /usr/bin/python3 setup.py egg_info --egg-base ../../build/path_generation build --build-base /root/codes/NST_proj_ws/build/path_generation/build install --record /root/codes/NST_proj_ws/build/path_generation/install.log --install-scripts $base/lib/path_generation --single-version-externally-managed
