running egg_info
writing ../../build/path_generation/path_generation.egg-info/PKG-INFO
writing dependency_links to ../../build/path_generation/path_generation.egg-info/dependency_links.txt
writing entry points to ../../build/path_generation/path_generation.egg-info/entry_points.txt
writing requirements to ../../build/path_generation/path_generation.egg-info/requires.txt
writing top-level names to ../../build/path_generation/path_generation.egg-info/top_level.txt
reading manifest file '../../build/path_generation/path_generation.egg-info/SOURCES.txt'
writing manifest file '../../build/path_generation/path_generation.egg-info/SOURCES.txt'
running build
running build_py
copying path_generation/__init__.py -> /root/codes/NST_proj_ws/build/path_generation/build/lib/path_generation
copying path_generation/path_generation.py -> /root/codes/NST_proj_ws/build/path_generation/build/lib/path_generation
running install
running install_lib
running install_data
running install_egg_info
removing '/root/codes/NST_proj_ws/install/path_generation/lib/python3.8/site-packages/path_generation-0.0.1-py3.8.egg-info' (and everything under it)
Copying ../../build/path_generation/path_generation.egg-info to /root/codes/NST_proj_ws/install/path_generation/lib/python3.8/site-packages/path_generation-0.0.1-py3.8.egg-info
running install_scripts
Installing path_generation_node script to /root/codes/NST_proj_ws/install/path_generation/lib/path_generation
writing list of installed files to '/root/codes/NST_proj_ws/build/path_generation/install.log'
