[8.448s] Invoking command in '/root/codes/NST_proj_ws/src/path_generation': PYTHONPATH=/root/codes/NST_proj_ws/build/path_generation/prefix_override:/root/codes/NST_proj_ws/install/path_generation/lib/python3.8/site-packages:${PYTHONPATH} /usr/bin/python3 setup.py egg_info --egg-base ../../build/path_generation build --build-base /root/codes/NST_proj_ws/build/path_generation/build install --record /root/codes/NST_proj_ws/build/path_generation/install.log --install-scripts $base/lib/path_generation --single-version-externally-managed
[9.888s] running egg_info
[9.891s] writing ../../build/path_generation/path_generation.egg-info/PKG-INFO
[9.892s] writing dependency_links to ../../build/path_generation/path_generation.egg-info/dependency_links.txt
[9.896s] writing entry points to ../../build/path_generation/path_generation.egg-info/entry_points.txt
[9.897s] writing requirements to ../../build/path_generation/path_generation.egg-info/requires.txt
[9.898s] writing top-level names to ../../build/path_generation/path_generation.egg-info/top_level.txt
[10.094s] reading manifest file '../../build/path_generation/path_generation.egg-info/SOURCES.txt'
[10.098s] writing manifest file '../../build/path_generation/path_generation.egg-info/SOURCES.txt'
[10.100s] running build
[10.100s] running build_py
[10.102s] copying path_generation/__init__.py -> /root/codes/NST_proj_ws/build/path_generation/build/lib/path_generation
[10.104s] copying path_generation/path_generation.py -> /root/codes/NST_proj_ws/build/path_generation/build/lib/path_generation
[10.105s] running install
[10.110s] running install_lib
[10.119s] running install_data
[10.123s] running install_egg_info
[10.133s] removing '/root/codes/NST_proj_ws/install/path_generation/lib/python3.8/site-packages/path_generation-0.0.1-py3.8.egg-info' (and everything under it)
[10.135s] Copying ../../build/path_generation/path_generation.egg-info to /root/codes/NST_proj_ws/install/path_generation/lib/python3.8/site-packages/path_generation-0.0.1-py3.8.egg-info
[10.140s] running install_scripts
[10.266s] Installing path_generation_node script to /root/codes/NST_proj_ws/install/path_generation/lib/path_generation
[10.272s] writing list of installed files to '/root/codes/NST_proj_ws/build/path_generation/install.log'
[10.553s] Invoked command in '/root/codes/NST_proj_ws/src/path_generation' returned '0': PYTHONPATH=/root/codes/NST_proj_ws/build/path_generation/prefix_override:/root/codes/NST_proj_ws/install/path_generation/lib/python3.8/site-packages:${PYTHONPATH} /usr/bin/python3 setup.py egg_info --egg-base ../../build/path_generation build --build-base /root/codes/NST_proj_ws/build/path_generation/build install --record /root/codes/NST_proj_ws/build/path_generation/install.log --install-scripts $base/lib/path_generation --single-version-externally-managed
