[3.723s] Invoking command in '/root/codes/NST_proj_ws/src/exit_detection': AMENT_PREFIX_PATH=/root/codes/NST_proj_ws/install/robotics_utils:${AMENT_PREFIX_PATH} PYTHONPATH=/root/codes/NST_proj_ws/build/exit_detection/prefix_override:/root/codes/NST_proj_ws/install/exit_detection/lib/python3.8/site-packages:/root/codes/NST_proj_ws/install/robotics_utils/lib/python3.8/site-packages:${PYTHONPATH} /usr/bin/python3 setup.py egg_info --egg-base ../../build/exit_detection build --build-base /root/codes/NST_proj_ws/build/exit_detection/build install --record /root/codes/NST_proj_ws/build/exit_detection/install.log --install-scripts $base/lib/exit_detection --single-version-externally-managed
[4.921s] running egg_info
[4.924s] writing ../../build/exit_detection/exit_detection.egg-info/PKG-INFO
[4.931s] writing dependency_links to ../../build/exit_detection/exit_detection.egg-info/dependency_links.txt
[4.932s] writing entry points to ../../build/exit_detection/exit_detection.egg-info/entry_points.txt
[4.932s] writing requirements to ../../build/exit_detection/exit_detection.egg-info/requires.txt
[4.933s] writing top-level names to ../../build/exit_detection/exit_detection.egg-info/top_level.txt
[5.100s] reading manifest file '../../build/exit_detection/exit_detection.egg-info/SOURCES.txt'
[5.131s] writing manifest file '../../build/exit_detection/exit_detection.egg-info/SOURCES.txt'
[5.131s] running build
[5.132s] running build_py
[5.140s] copying exit_detection/location_provider.py -> /root/codes/NST_proj_ws/build/exit_detection/build/lib/exit_detection
[5.141s] running install
[5.146s] running install_lib
[5.158s] copying /root/codes/NST_proj_ws/build/exit_detection/build/lib/exit_detection/location_provider.py -> /root/codes/NST_proj_ws/install/exit_detection/lib/python3.8/site-packages/exit_detection
[5.163s] byte-compiling /root/codes/NST_proj_ws/install/exit_detection/lib/python3.8/site-packages/exit_detection/location_provider.py to location_provider.cpython-38.pyc
[5.171s] running install_data
[5.183s] running install_egg_info
[5.191s] removing '/root/codes/NST_proj_ws/install/exit_detection/lib/python3.8/site-packages/exit_detection-0.0.1-py3.8.egg-info' (and everything under it)
[5.192s] Copying ../../build/exit_detection/exit_detection.egg-info to /root/codes/NST_proj_ws/install/exit_detection/lib/python3.8/site-packages/exit_detection-0.0.1-py3.8.egg-info
[5.195s] running install_scripts
[5.269s] Installing danger_exit_detection_node script to /root/codes/NST_proj_ws/install/exit_detection/lib/exit_detection
[5.270s] Installing joy_safety_ctrl script to /root/codes/NST_proj_ws/install/exit_detection/lib/exit_detection
[5.273s] Installing location_provider_node script to /root/codes/NST_proj_ws/install/exit_detection/lib/exit_detection
[5.273s] Installing safe_exit_detection_node script to /root/codes/NST_proj_ws/install/exit_detection/lib/exit_detection
[5.274s] Installing wheelodom_tf script to /root/codes/NST_proj_ws/install/exit_detection/lib/exit_detection
[5.274s] writing list of installed files to '/root/codes/NST_proj_ws/build/exit_detection/install.log'
[5.383s] Invoked command in '/root/codes/NST_proj_ws/src/exit_detection' returned '0': AMENT_PREFIX_PATH=/root/codes/NST_proj_ws/install/robotics_utils:${AMENT_PREFIX_PATH} PYTHONPATH=/root/codes/NST_proj_ws/build/exit_detection/prefix_override:/root/codes/NST_proj_ws/install/exit_detection/lib/python3.8/site-packages:/root/codes/NST_proj_ws/install/robotics_utils/lib/python3.8/site-packages:${PYTHONPATH} /usr/bin/python3 setup.py egg_info --egg-base ../../build/exit_detection build --build-base /root/codes/NST_proj_ws/build/exit_detection/build install --record /root/codes/NST_proj_ws/build/exit_detection/install.log --install-scripts $base/lib/exit_detection --single-version-externally-managed
