[8.164s] Invoking command in '/root/codes/NST_proj_ws/src/map_generation': PYTHONPATH=/root/codes/NST_proj_ws/build/map_generation/prefix_override:/root/codes/NST_proj_ws/install/map_generation/lib/python3.8/site-packages:${PYTHONPATH} /usr/bin/python3 setup.py egg_info --egg-base ../../build/map_generation build --build-base /root/codes/NST_proj_ws/build/map_generation/build install --record /root/codes/NST_proj_ws/build/map_generation/install.log --single-version-externally-managed
[9.903s] running egg_info
[9.906s] writing ../../build/map_generation/map_generation.egg-info/PKG-INFO
[9.907s] writing dependency_links to ../../build/map_generation/map_generation.egg-info/dependency_links.txt
[9.911s] writing entry points to ../../build/map_generation/map_generation.egg-info/entry_points.txt
[9.912s] writing requirements to ../../build/map_generation/map_generation.egg-info/requires.txt
[9.912s] writing top-level names to ../../build/map_generation/map_generation.egg-info/top_level.txt
[10.126s] reading manifest file '../../build/map_generation/map_generation.egg-info/SOURCES.txt'
[10.132s] writing manifest file '../../build/map_generation/map_generation.egg-info/SOURCES.txt'
[10.133s] running build
[10.134s] running build_py
[10.137s] running install
[10.144s] running install_lib
[10.150s] running install_data
[10.155s] running install_egg_info
[10.165s] removing '/root/codes/NST_proj_ws/install/map_generation/lib/python3.8/site-packages/map_generation-0.1.0-py3.8.egg-info' (and everything under it)
[10.168s] Copying ../../build/map_generation/map_generation.egg-info to /root/codes/NST_proj_ws/install/map_generation/lib/python3.8/site-packages/map_generation-0.1.0-py3.8.egg-info
[10.174s] running install_scripts
[10.316s] Installing map_generation_node script to /root/codes/NST_proj_ws/install/map_generation/lib/map_generation
[10.319s] writing list of installed files to '/root/codes/NST_proj_ws/build/map_generation/install.log'
[10.463s] Invoked command in '/root/codes/NST_proj_ws/src/map_generation' returned '0': PYTHONPATH=/root/codes/NST_proj_ws/build/map_generation/prefix_override:/root/codes/NST_proj_ws/install/map_generation/lib/python3.8/site-packages:${PYTHONPATH} /usr/bin/python3 setup.py egg_info --egg-base ../../build/map_generation build --build-base /root/codes/NST_proj_ws/build/map_generation/build install --record /root/codes/NST_proj_ws/build/map_generation/install.log --single-version-externally-managed
