running egg_info
writing ../../build/path_generation/path_generation.egg-info/PKG-INFO
writing dependency_links to ../../build/path_generation/path_generation.egg-info/dependency_links.txt
writing entry points to ../../build/path_generation/path_generation.egg-info/entry_points.txt
writing requirements to ../../build/path_generation/path_generation.egg-info/requires.txt
writing top-level names to ../../build/path_generation/path_generation.egg-info/top_level.txt
reading manifest file '../../build/path_generation/path_generation.egg-info/SOURCES.txt'
writing manifest file '../../build/path_generation/path_generation.egg-info/SOURCES.txt'
running build
running build_py
copying path_generation/__init__.py -> /root/codes/NST_proj_ws/build/path_generation/build/lib/path_generation
copying path_generation/path_generation.py -> /root/codes/NST_proj_ws/build/path_generation/build/lib/path_generation
running install
running install_lib
copying /root/codes/NST_proj_ws/build/path_generation/build/lib/path_generation/__init__.py -> /root/codes/NST_proj_ws/install/path_generation/lib/python3.8/site-packages/path_generation
copying /root/codes/NST_proj_ws/build/path_generation/build/lib/path_generation/path_generation.py -> /root/codes/NST_proj_ws/install/path_generation/lib/python3.8/site-packages/path_generation
byte-compiling /root/codes/NST_proj_ws/install/path_generation/lib/python3.8/site-packages/path_generation/__init__.py to __init__.cpython-38.pyc
byte-compiling /root/codes/NST_proj_ws/install/path_generation/lib/python3.8/site-packages/path_generation/path_generation.py to path_generation.cpython-38.pyc
running install_data
copying resource/path_generation -> /root/codes/NST_proj_ws/install/path_generation/share/ament_index/resource_index/packages
copying package.xml -> /root/codes/NST_proj_ws/install/path_generation/share/path_generation
creating /root/codes/NST_proj_ws/install/path_generation/share/path_generation/launch
copying launch/planning.launch.py -> /root/codes/NST_proj_ws/install/path_generation/share/path_generation/launch
creating /root/codes/NST_proj_ws/install/path_generation/share/path_generation/config
copying config/costmap.yaml -> /root/codes/NST_proj_ws/install/path_generation/share/path_generation/config
copying config/path_planner.yaml -> /root/codes/NST_proj_ws/install/path_generation/share/path_generation/config
running install_egg_info
Copying ../../build/path_generation/path_generation.egg-info to /root/codes/NST_proj_ws/install/path_generation/lib/python3.8/site-packages/path_generation-0.0.1-py3.8.egg-info
running install_scripts
Installing path_generation_node script to /root/codes/NST_proj_ws/install/path_generation/bin
writing list of installed files to '/root/codes/NST_proj_ws/build/path_generation/install.log'
