[8.888s] Invoking command in '/root/codes/NST_proj_ws/src/robotics_utils': PYTHONPATH=/root/codes/NST_proj_ws/build/robotics_utils/prefix_override:/root/codes/NST_proj_ws/install/robotics_utils/lib/python3.8/site-packages:${PYTHONPATH} /usr/bin/python3 setup.py egg_info --egg-base ../../build/robotics_utils build --build-base /root/codes/NST_proj_ws/build/robotics_utils/build install --record /root/codes/NST_proj_ws/build/robotics_utils/install.log --install-scripts $base/lib/robitics_utils --single-version-externally-managed
[11.150s] running egg_info
[11.161s] writing ../../build/robotics_utils/robotics_utils.egg-info/PKG-INFO
[11.162s] writing dependency_links to ../../build/robotics_utils/robotics_utils.egg-info/dependency_links.txt
[11.162s] writing entry points to ../../build/robotics_utils/robotics_utils.egg-info/entry_points.txt
[11.163s] writing requirements to ../../build/robotics_utils/robotics_utils.egg-info/requires.txt
[11.164s] writing top-level names to ../../build/robotics_utils/robotics_utils.egg-info/top_level.txt
[11.399s] reading manifest file '../../build/robotics_utils/robotics_utils.egg-info/SOURCES.txt'
[11.400s] writing manifest file '../../build/robotics_utils/robotics_utils.egg-info/SOURCES.txt'
[11.402s] running build
[11.403s] running build_py
[11.403s] running install
[11.407s] running install_lib
[11.415s] running install_data
[11.420s] running install_egg_info
[11.426s] removing '/root/codes/NST_proj_ws/install/robotics_utils/lib/python3.8/site-packages/robotics_utils-0.0.1-py3.8.egg-info' (and everything under it)
[11.428s] Copying ../../build/robotics_utils/robotics_utils.egg-info to /root/codes/NST_proj_ws/install/robotics_utils/lib/python3.8/site-packages/robotics_utils-0.0.1-py3.8.egg-info
[11.431s] running install_scripts
[11.522s] writing list of installed files to '/root/codes/NST_proj_ws/build/robotics_utils/install.log'
[11.642s] Invoked command in '/root/codes/NST_proj_ws/src/robotics_utils' returned '0': PYTHONPATH=/root/codes/NST_proj_ws/build/robotics_utils/prefix_override:/root/codes/NST_proj_ws/install/robotics_utils/lib/python3.8/site-packages:${PYTHONPATH} /usr/bin/python3 setup.py egg_info --egg-base ../../build/robotics_utils build --build-base /root/codes/NST_proj_ws/build/robotics_utils/build install --record /root/codes/NST_proj_ws/build/robotics_utils/install.log --install-scripts $base/lib/robitics_utils --single-version-externally-managed
