[1.752s] DEBUG:colcon:Command line arguments: ['/usr/bin/colcon', 'build']
[1.753s] DEBUG:colcon:Parsed command line arguments: Namespace(ament_cmake_args=None, base_paths=['.'], build_base='build', catkin_cmake_args=None, catkin_skip_building_tests=False, cmake_args=None, cmake_clean_cache=False, cmake_clean_first=False, cmake_force_configure=False, cmake_target=None, cmake_target_skip_unavailable=False, continue_on_error=False, event_handlers=None, executor='parallel', ignore_user_meta=False, install_base='install', log_base=None, log_level=None, main=<bound method BuildVerb.main of <colcon_core.verb.build.BuildVerb object at 0x7fb6254100>>, merge_install=False, metas=['./colcon.meta'], mixin=None, mixin_files=None, mixin_verb=('build',), packages_above=None, packages_above_and_dependencies=None, packages_above_depth=None, packages_end=None, packages_ignore=None, packages_ignore_regex=None, packages_select=None, packages_select_build_failed=False, packages_select_by_dep=None, packages_select_regex=None, packages_select_test_failures=False, packages_skip=None, packages_skip_build_finished=False, packages_skip_by_dep=None, packages_skip_regex=None, packages_skip_test_passed=False, packages_skip_up_to=None, packages_start=None, packages_up_to=None, packages_up_to_regex=None, parallel_workers=4, paths=None, symlink_install=False, test_result_base=None, verb_extension=<colcon_core.verb.build.BuildVerb object at 0x7fb6254100>, verb_name='build', verb_parser=<colcon_mixin.mixin.mixin_argument.MixinArgumentDecorator object at 0x7fb6254760>)
[1.879s] Level 1:colcon.colcon_core.package_discovery:discover_packages(colcon_meta) check parameters
[1.883s] INFO:colcon.colcon_metadata.package_discovery.colcon_meta:Using configuration from '/root/.colcon/metadata/default/Gazebo.meta'
[1.885s] INFO:colcon.colcon_metadata.package_discovery.colcon_meta:Using configuration from '/root/.colcon/metadata/default/fastrtps.meta'
[1.885s] Level 1:colcon.colcon_core.package_discovery:discover_packages(recursive) check parameters
[1.885s] Level 1:colcon.colcon_core.package_discovery:discover_packages(ignore) check parameters
[1.885s] Level 1:colcon.colcon_core.package_discovery:discover_packages(path) check parameters
[1.886s] Level 1:colcon.colcon_core.package_discovery:discover_packages(colcon_meta) discover
[1.886s] Level 1:colcon.colcon_core.package_discovery:discover_packages(recursive) discover
[1.886s] INFO:colcon.colcon_core.package_discovery:Crawling recursively for packages in '/root/codes/NST_proj_ws'
[1.886s] Level 1:colcon.colcon_core.package_identification:_identify(.) by extensions ['ignore', 'ignore_ament_install']
[1.887s] Level 1:colcon.colcon_core.package_identification:_identify(.) by extension 'ignore'
[1.887s] Level 1:colcon.colcon_core.package_identification:_identify(.) by extension 'ignore_ament_install'
[1.887s] Level 1:colcon.colcon_core.package_identification:_identify(.) by extensions ['colcon_pkg']
[1.887s] Level 1:colcon.colcon_core.package_identification:_identify(.) by extension 'colcon_pkg'
[1.888s] Level 1:colcon.colcon_core.package_identification:_identify(.) by extensions ['colcon_meta']
[1.888s] Level 1:colcon.colcon_core.package_identification:_identify(.) by extension 'colcon_meta'
[1.888s] Level 1:colcon.colcon_core.package_identification:_identify(.) by extensions ['ros']
[1.888s] Level 1:colcon.colcon_core.package_identification:_identify(.) by extension 'ros'
[1.976s] Level 1:colcon.colcon_core.package_identification:_identify(.) by extensions ['cmake', 'python']
[1.977s] Level 1:colcon.colcon_core.package_identification:_identify(.) by extension 'cmake'
[1.977s] Level 1:colcon.colcon_core.package_identification:_identify(.) by extension 'python'
[1.977s] Level 1:colcon.colcon_core.package_identification:_identify(.) by extensions ['python_setup_py']
[1.977s] Level 1:colcon.colcon_core.package_identification:_identify(.) by extension 'python_setup_py'
[1.978s] Level 1:colcon.colcon_core.package_identification:_identify(build) by extensions ['ignore', 'ignore_ament_install']
[1.978s] Level 1:colcon.colcon_core.package_identification:_identify(build) by extension 'ignore'
[1.978s] Level 1:colcon.colcon_core.package_identification:_identify(build) ignored
[1.979s] Level 1:colcon.colcon_core.package_identification:_identify(install) by extensions ['ignore', 'ignore_ament_install']
[1.979s] Level 1:colcon.colcon_core.package_identification:_identify(install) by extension 'ignore'
[1.979s] Level 1:colcon.colcon_core.package_identification:_identify(install) ignored
[1.980s] Level 1:colcon.colcon_core.package_identification:_identify(log) by extensions ['ignore', 'ignore_ament_install']
[1.980s] Level 1:colcon.colcon_core.package_identification:_identify(log) by extension 'ignore'
[1.980s] Level 1:colcon.colcon_core.package_identification:_identify(log) ignored
[1.980s] Level 1:colcon.colcon_core.package_identification:_identify(map_generation) by extensions ['ignore', 'ignore_ament_install']
[1.981s] Level 1:colcon.colcon_core.package_identification:_identify(map_generation) by extension 'ignore'
[1.981s] Level 1:colcon.colcon_core.package_identification:_identify(map_generation) by extension 'ignore_ament_install'
[1.981s] Level 1:colcon.colcon_core.package_identification:_identify(map_generation) by extensions ['colcon_pkg']
[1.981s] Level 1:colcon.colcon_core.package_identification:_identify(map_generation) by extension 'colcon_pkg'
[1.982s] Level 1:colcon.colcon_core.package_identification:_identify(map_generation) by extensions ['colcon_meta']
[1.982s] Level 1:colcon.colcon_core.package_identification:_identify(map_generation) by extension 'colcon_meta'
[1.982s] Level 1:colcon.colcon_core.package_identification:_identify(map_generation) by extensions ['ros']
[1.982s] Level 1:colcon.colcon_core.package_identification:_identify(map_generation) by extension 'ros'
[1.992s] DEBUG:colcon.colcon_core.package_identification:Package 'map_generation' with type 'ros.ament_python' and name 'map_generation'
[1.992s] Level 1:colcon.colcon_core.package_identification:_identify(src) by extensions ['ignore', 'ignore_ament_install']
[1.993s] Level 1:colcon.colcon_core.package_identification:_identify(src) by extension 'ignore'
[1.993s] Level 1:colcon.colcon_core.package_identification:_identify(src) by extension 'ignore_ament_install'
[1.993s] Level 1:colcon.colcon_core.package_identification:_identify(src) by extensions ['colcon_pkg']
[1.993s] Level 1:colcon.colcon_core.package_identification:_identify(src) by extension 'colcon_pkg'
[1.994s] Level 1:colcon.colcon_core.package_identification:_identify(src) by extensions ['colcon_meta']
[1.994s] Level 1:colcon.colcon_core.package_identification:_identify(src) by extension 'colcon_meta'
[1.994s] Level 1:colcon.colcon_core.package_identification:_identify(src) by extensions ['ros']
[1.994s] Level 1:colcon.colcon_core.package_identification:_identify(src) by extension 'ros'
[1.995s] Level 1:colcon.colcon_core.package_identification:_identify(src) by extensions ['cmake', 'python']
[1.995s] Level 1:colcon.colcon_core.package_identification:_identify(src) by extension 'cmake'
[1.995s] Level 1:colcon.colcon_core.package_identification:_identify(src) by extension 'python'
[1.995s] Level 1:colcon.colcon_core.package_identification:_identify(src) by extensions ['python_setup_py']
[1.995s] Level 1:colcon.colcon_core.package_identification:_identify(src) by extension 'python_setup_py'
[1.996s] Level 1:colcon.colcon_core.package_identification:_identify(src/exit_detection) by extensions ['ignore', 'ignore_ament_install']
[1.996s] Level 1:colcon.colcon_core.package_identification:_identify(src/exit_detection) by extension 'ignore'
[1.996s] Level 1:colcon.colcon_core.package_identification:_identify(src/exit_detection) by extension 'ignore_ament_install'
[1.996s] Level 1:colcon.colcon_core.package_identification:_identify(src/exit_detection) by extensions ['colcon_pkg']
[1.997s] Level 1:colcon.colcon_core.package_identification:_identify(src/exit_detection) by extension 'colcon_pkg'
[1.997s] Level 1:colcon.colcon_core.package_identification:_identify(src/exit_detection) by extensions ['colcon_meta']
[1.997s] Level 1:colcon.colcon_core.package_identification:_identify(src/exit_detection) by extension 'colcon_meta'
[1.997s] Level 1:colcon.colcon_core.package_identification:_identify(src/exit_detection) by extensions ['ros']
[1.997s] Level 1:colcon.colcon_core.package_identification:_identify(src/exit_detection) by extension 'ros'
[2.001s] DEBUG:colcon.colcon_core.package_identification:Package 'src/exit_detection' with type 'ros.ament_python' and name 'exit_detection'
[2.002s] Level 1:colcon.colcon_core.package_identification:_identify(src/path_generation) by extensions ['ignore', 'ignore_ament_install']
[2.002s] Level 1:colcon.colcon_core.package_identification:_identify(src/path_generation) by extension 'ignore'
[2.002s] Level 1:colcon.colcon_core.package_identification:_identify(src/path_generation) by extension 'ignore_ament_install'
[2.003s] Level 1:colcon.colcon_core.package_identification:_identify(src/path_generation) by extensions ['colcon_pkg']
[2.003s] Level 1:colcon.colcon_core.package_identification:_identify(src/path_generation) by extension 'colcon_pkg'
[2.003s] Level 1:colcon.colcon_core.package_identification:_identify(src/path_generation) by extensions ['colcon_meta']
[2.003s] Level 1:colcon.colcon_core.package_identification:_identify(src/path_generation) by extension 'colcon_meta'
[2.003s] Level 1:colcon.colcon_core.package_identification:_identify(src/path_generation) by extensions ['ros']
[2.004s] Level 1:colcon.colcon_core.package_identification:_identify(src/path_generation) by extension 'ros'
[2.008s] DEBUG:colcon.colcon_core.package_identification:Package 'src/path_generation' with type 'ros.ament_python' and name 'path_generation'
[2.008s] Level 1:colcon.colcon_core.package_identification:_identify(src/robotics_utils) by extensions ['ignore', 'ignore_ament_install']
[2.009s] Level 1:colcon.colcon_core.package_identification:_identify(src/robotics_utils) by extension 'ignore'
[2.009s] Level 1:colcon.colcon_core.package_identification:_identify(src/robotics_utils) by extension 'ignore_ament_install'
[2.009s] Level 1:colcon.colcon_core.package_identification:_identify(src/robotics_utils) by extensions ['colcon_pkg']
[2.009s] Level 1:colcon.colcon_core.package_identification:_identify(src/robotics_utils) by extension 'colcon_pkg'
[2.009s] Level 1:colcon.colcon_core.package_identification:_identify(src/robotics_utils) by extensions ['colcon_meta']
[2.010s] Level 1:colcon.colcon_core.package_identification:_identify(src/robotics_utils) by extension 'colcon_meta'
[2.010s] Level 1:colcon.colcon_core.package_identification:_identify(src/robotics_utils) by extensions ['ros']
[2.010s] Level 1:colcon.colcon_core.package_identification:_identify(src/robotics_utils) by extension 'ros'
[2.012s] DEBUG:colcon.colcon_core.package_identification:Package 'src/robotics_utils' with type 'ros.ament_python' and name 'robotics_utils'
[2.012s] Level 1:colcon.colcon_core.package_discovery:discover_packages(recursive) using defaults
[2.012s] Level 1:colcon.colcon_core.package_discovery:discover_packages(ignore) discover
[2.012s] Level 1:colcon.colcon_core.package_discovery:discover_packages(ignore) using defaults
[2.012s] Level 1:colcon.colcon_core.package_discovery:discover_packages(path) discover
[2.013s] Level 1:colcon.colcon_core.package_discovery:discover_packages(path) using defaults
[2.120s] Level 5:colcon.colcon_core.verb:set package 'map_generation' build argument 'cmake_args' from command line to 'None'
[2.120s] Level 5:colcon.colcon_core.verb:set package 'map_generation' build argument 'cmake_target' from command line to 'None'
[2.120s] Level 5:colcon.colcon_core.verb:set package 'map_generation' build argument 'cmake_target_skip_unavailable' from command line to 'False'
[2.120s] Level 5:colcon.colcon_core.verb:set package 'map_generation' build argument 'cmake_clean_cache' from command line to 'False'
[2.120s] Level 5:colcon.colcon_core.verb:set package 'map_generation' build argument 'cmake_clean_first' from command line to 'False'
[2.121s] Level 5:colcon.colcon_core.verb:set package 'map_generation' build argument 'cmake_force_configure' from command line to 'False'
[2.121s] Level 5:colcon.colcon_core.verb:set package 'map_generation' build argument 'ament_cmake_args' from command line to 'None'
[2.121s] Level 5:colcon.colcon_core.verb:set package 'map_generation' build argument 'catkin_cmake_args' from command line to 'None'
[2.121s] Level 5:colcon.colcon_core.verb:set package 'map_generation' build argument 'catkin_skip_building_tests' from command line to 'False'
[2.121s] DEBUG:colcon.colcon_core.verb:Building package 'map_generation' with the following arguments: {'ament_cmake_args': None, 'build_base': '/root/codes/NST_proj_ws/build/map_generation', 'catkin_cmake_args': None, 'catkin_skip_building_tests': False, 'cmake_args': None, 'cmake_clean_cache': False, 'cmake_clean_first': False, 'cmake_force_configure': False, 'cmake_target': None, 'cmake_target_skip_unavailable': False, 'install_base': '/root/codes/NST_proj_ws/install/map_generation', 'merge_install': False, 'path': '/root/codes/NST_proj_ws/map_generation', 'symlink_install': False, 'test_result_base': None}
[2.127s] Level 5:colcon.colcon_core.verb:set package 'path_generation' build argument 'cmake_args' from command line to 'None'
[2.127s] Level 5:colcon.colcon_core.verb:set package 'path_generation' build argument 'cmake_target' from command line to 'None'
[2.127s] Level 5:colcon.colcon_core.verb:set package 'path_generation' build argument 'cmake_target_skip_unavailable' from command line to 'False'
[2.127s] Level 5:colcon.colcon_core.verb:set package 'path_generation' build argument 'cmake_clean_cache' from command line to 'False'
[2.127s] Level 5:colcon.colcon_core.verb:set package 'path_generation' build argument 'cmake_clean_first' from command line to 'False'
[2.127s] Level 5:colcon.colcon_core.verb:set package 'path_generation' build argument 'cmake_force_configure' from command line to 'False'
[2.127s] Level 5:colcon.colcon_core.verb:set package 'path_generation' build argument 'ament_cmake_args' from command line to 'None'
[2.127s] Level 5:colcon.colcon_core.verb:set package 'path_generation' build argument 'catkin_cmake_args' from command line to 'None'
[2.128s] Level 5:colcon.colcon_core.verb:set package 'path_generation' build argument 'catkin_skip_building_tests' from command line to 'False'
[2.128s] DEBUG:colcon.colcon_core.verb:Building package 'path_generation' with the following arguments: {'ament_cmake_args': None, 'build_base': '/root/codes/NST_proj_ws/build/path_generation', 'catkin_cmake_args': None, 'catkin_skip_building_tests': False, 'cmake_args': None, 'cmake_clean_cache': False, 'cmake_clean_first': False, 'cmake_force_configure': False, 'cmake_target': None, 'cmake_target_skip_unavailable': False, 'install_base': '/root/codes/NST_proj_ws/install/path_generation', 'merge_install': False, 'path': '/root/codes/NST_proj_ws/src/path_generation', 'symlink_install': False, 'test_result_base': None}
[2.133s] Level 5:colcon.colcon_core.verb:set package 'robotics_utils' build argument 'cmake_args' from command line to 'None'
[2.133s] Level 5:colcon.colcon_core.verb:set package 'robotics_utils' build argument 'cmake_target' from command line to 'None'
[2.133s] Level 5:colcon.colcon_core.verb:set package 'robotics_utils' build argument 'cmake_target_skip_unavailable' from command line to 'False'
[2.133s] Level 5:colcon.colcon_core.verb:set package 'robotics_utils' build argument 'cmake_clean_cache' from command line to 'False'
[2.134s] Level 5:colcon.colcon_core.verb:set package 'robotics_utils' build argument 'cmake_clean_first' from command line to 'False'
[2.134s] Level 5:colcon.colcon_core.verb:set package 'robotics_utils' build argument 'cmake_force_configure' from command line to 'False'
[2.134s] Level 5:colcon.colcon_core.verb:set package 'robotics_utils' build argument 'ament_cmake_args' from command line to 'None'
[2.134s] Level 5:colcon.colcon_core.verb:set package 'robotics_utils' build argument 'catkin_cmake_args' from command line to 'None'
[2.134s] Level 5:colcon.colcon_core.verb:set package 'robotics_utils' build argument 'catkin_skip_building_tests' from command line to 'False'
[2.134s] DEBUG:colcon.colcon_core.verb:Building package 'robotics_utils' with the following arguments: {'ament_cmake_args': None, 'build_base': '/root/codes/NST_proj_ws/build/robotics_utils', 'catkin_cmake_args': None, 'catkin_skip_building_tests': False, 'cmake_args': None, 'cmake_clean_cache': False, 'cmake_clean_first': False, 'cmake_force_configure': False, 'cmake_target': None, 'cmake_target_skip_unavailable': False, 'install_base': '/root/codes/NST_proj_ws/install/robotics_utils', 'merge_install': False, 'path': '/root/codes/NST_proj_ws/src/robotics_utils', 'symlink_install': False, 'test_result_base': None}
[2.139s] Level 5:colcon.colcon_core.verb:set package 'exit_detection' build argument 'cmake_args' from command line to 'None'
[2.140s] Level 5:colcon.colcon_core.verb:set package 'exit_detection' build argument 'cmake_target' from command line to 'None'
[2.140s] Level 5:colcon.colcon_core.verb:set package 'exit_detection' build argument 'cmake_target_skip_unavailable' from command line to 'False'
[2.140s] Level 5:colcon.colcon_core.verb:set package 'exit_detection' build argument 'cmake_clean_cache' from command line to 'False'
[2.140s] Level 5:colcon.colcon_core.verb:set package 'exit_detection' build argument 'cmake_clean_first' from command line to 'False'
[2.140s] Level 5:colcon.colcon_core.verb:set package 'exit_detection' build argument 'cmake_force_configure' from command line to 'False'
[2.140s] Level 5:colcon.colcon_core.verb:set package 'exit_detection' build argument 'ament_cmake_args' from command line to 'None'
[2.140s] Level 5:colcon.colcon_core.verb:set package 'exit_detection' build argument 'catkin_cmake_args' from command line to 'None'
[2.141s] Level 5:colcon.colcon_core.verb:set package 'exit_detection' build argument 'catkin_skip_building_tests' from command line to 'False'
[2.141s] DEBUG:colcon.colcon_core.verb:Building package 'exit_detection' with the following arguments: {'ament_cmake_args': None, 'build_base': '/root/codes/NST_proj_ws/build/exit_detection', 'catkin_cmake_args': None, 'catkin_skip_building_tests': False, 'cmake_args': None, 'cmake_clean_cache': False, 'cmake_clean_first': False, 'cmake_force_configure': False, 'cmake_target': None, 'cmake_target_skip_unavailable': False, 'install_base': '/root/codes/NST_proj_ws/install/exit_detection', 'merge_install': False, 'path': '/root/codes/NST_proj_ws/src/exit_detection', 'symlink_install': False, 'test_result_base': None}
[2.144s] INFO:colcon.colcon_core.executor:Executing jobs using 'parallel' executor
[2.162s] DEBUG:colcon.colcon_parallel_executor.executor.parallel:run_until_complete
[2.163s] INFO:colcon.colcon_ros.task.ament_python.build:Building ROS package in '/root/codes/NST_proj_ws/src/robotics_utils' with build type 'ament_python'
[2.164s] Level 1:colcon.colcon_core.shell:create_environment_hook('robotics_utils', 'ament_prefix_path')
[2.186s] INFO:colcon.colcon_core.plugin_system:Skipping extension 'colcon_core.shell.bat': Not used on non-Windows systems
[2.187s] INFO:colcon.colcon_core.shell:Creating environment hook '/root/codes/NST_proj_ws/install/robotics_utils/share/robotics_utils/hook/ament_prefix_path.ps1'
[2.189s] INFO:colcon.colcon_core.shell:Creating environment descriptor '/root/codes/NST_proj_ws/install/robotics_utils/share/robotics_utils/hook/ament_prefix_path.dsv'
[2.191s] INFO:colcon.colcon_core.shell:Creating environment hook '/root/codes/NST_proj_ws/install/robotics_utils/share/robotics_utils/hook/ament_prefix_path.sh'
[2.200s] INFO:colcon.colcon_core.shell:Skip shell extension 'powershell' for command environment: Not usable outside of PowerShell
[2.200s] DEBUG:colcon.colcon_core.shell:Skip shell extension 'dsv' for command environment
[2.258s] INFO:colcon.colcon_ros.task.ament_python.build:Building ROS package in '/root/codes/NST_proj_ws/map_generation' with build type 'ament_python'
[2.259s] Level 1:colcon.colcon_core.shell:create_environment_hook('map_generation', 'ament_prefix_path')
[2.273s] INFO:colcon.colcon_core.shell:Creating environment hook '/root/codes/NST_proj_ws/install/map_generation/share/map_generation/hook/ament_prefix_path.ps1'
[2.276s] INFO:colcon.colcon_core.shell:Creating environment descriptor '/root/codes/NST_proj_ws/install/map_generation/share/map_generation/hook/ament_prefix_path.dsv'
[2.277s] INFO:colcon.colcon_core.shell:Creating environment hook '/root/codes/NST_proj_ws/install/map_generation/share/map_generation/hook/ament_prefix_path.sh'
[2.288s] INFO:colcon.colcon_core.shell:Skip shell extension 'powershell' for command environment: Not usable outside of PowerShell
[2.288s] DEBUG:colcon.colcon_core.shell:Skip shell extension 'dsv' for command environment
[2.343s] INFO:colcon.colcon_ros.task.ament_python.build:Building ROS package in '/root/codes/NST_proj_ws/src/path_generation' with build type 'ament_python'
[2.344s] Level 1:colcon.colcon_core.shell:create_environment_hook('path_generation', 'ament_prefix_path')
[2.353s] INFO:colcon.colcon_core.shell:Creating environment hook '/root/codes/NST_proj_ws/install/path_generation/share/path_generation/hook/ament_prefix_path.ps1'
[2.356s] INFO:colcon.colcon_core.shell:Creating environment descriptor '/root/codes/NST_proj_ws/install/path_generation/share/path_generation/hook/ament_prefix_path.dsv'
[2.358s] INFO:colcon.colcon_core.shell:Creating environment hook '/root/codes/NST_proj_ws/install/path_generation/share/path_generation/hook/ament_prefix_path.sh'
[2.367s] INFO:colcon.colcon_core.shell:Skip shell extension 'powershell' for command environment: Not usable outside of PowerShell
[2.368s] DEBUG:colcon.colcon_core.shell:Skip shell extension 'dsv' for command environment
[3.675s] INFO:colcon.colcon_core.task.python.build:Building Python package in '/root/codes/NST_proj_ws/src/robotics_utils'
[3.684s] INFO:colcon.colcon_core.shell:Skip shell extension 'powershell' for command environment: Not usable outside of PowerShell
[3.685s] DEBUG:colcon.colcon_core.shell:Skip shell extension 'dsv' for command environment
[4.987s] INFO:colcon.colcon_core.task.python.build:Building Python package in '/root/codes/NST_proj_ws/map_generation'
[4.999s] INFO:colcon.colcon_core.shell:Skip shell extension 'powershell' for command environment: Not usable outside of PowerShell
[4.999s] DEBUG:colcon.colcon_core.shell:Skip shell extension 'dsv' for command environment
[6.354s] INFO:colcon.colcon_core.task.python.build:Building Python package in '/root/codes/NST_proj_ws/src/path_generation'
[6.363s] INFO:colcon.colcon_core.shell:Skip shell extension 'powershell' for command environment: Not usable outside of PowerShell
[6.363s] DEBUG:colcon.colcon_core.shell:Skip shell extension 'dsv' for command environment
[8.797s] DEBUG:colcon.colcon_core.event_handler.log_command:Invoking command in '/root/codes/NST_proj_ws/src/robotics_utils': PYTHONPATH=/root/codes/NST_proj_ws/build/robotics_utils/prefix_override:/root/codes/NST_proj_ws/install/robotics_utils/lib/python3.8/site-packages:${PYTHONPATH} /usr/bin/python3 setup.py egg_info --egg-base ../../build/robotics_utils build --build-base /root/codes/NST_proj_ws/build/robotics_utils/build install --record /root/codes/NST_proj_ws/build/robotics_utils/install.log --single-version-externally-managed
[8.830s] DEBUG:colcon.colcon_core.event_handler.log_command:Invoking command in '/root/codes/NST_proj_ws/map_generation': PYTHONPATH=/root/codes/NST_proj_ws/build/map_generation/prefix_override:/root/codes/NST_proj_ws/install/map_generation/lib/python3.8/site-packages:${PYTHONPATH} /usr/bin/python3 setup.py egg_info --egg-base ../build/map_generation build --build-base /root/codes/NST_proj_ws/build/map_generation/build install --record /root/codes/NST_proj_ws/build/map_generation/install.log --single-version-externally-managed
[8.843s] DEBUG:colcon.colcon_core.event_handler.log_command:Invoking command in '/root/codes/NST_proj_ws/src/path_generation': PYTHONPATH=/root/codes/NST_proj_ws/build/path_generation/prefix_override:/root/codes/NST_proj_ws/install/path_generation/lib/python3.8/site-packages:${PYTHONPATH} /usr/bin/python3 setup.py egg_info --egg-base ../../build/path_generation build --build-base /root/codes/NST_proj_ws/build/path_generation/build install --record /root/codes/NST_proj_ws/build/path_generation/install.log --single-version-externally-managed
[10.552s] DEBUG:colcon.colcon_core.event_handler.log_command:Invoked command in '/root/codes/NST_proj_ws/src/robotics_utils' returned '0': PYTHONPATH=/root/codes/NST_proj_ws/build/robotics_utils/prefix_override:/root/codes/NST_proj_ws/install/robotics_utils/lib/python3.8/site-packages:${PYTHONPATH} /usr/bin/python3 setup.py egg_info --egg-base ../../build/robotics_utils build --build-base /root/codes/NST_proj_ws/build/robotics_utils/build install --record /root/codes/NST_proj_ws/build/robotics_utils/install.log --single-version-externally-managed
[10.581s] Level 1:colcon.colcon_core.environment:checking '/root/codes/NST_proj_ws/install/robotics_utils' for CMake module files
[10.584s] Level 1:colcon.colcon_core.environment:checking '/root/codes/NST_proj_ws/install/robotics_utils' for CMake config files
[10.587s] Level 1:colcon.colcon_core.environment:checking '/root/codes/NST_proj_ws/install/robotics_utils/lib'
[10.588s] Level 1:colcon.colcon_core.environment:checking '/root/codes/NST_proj_ws/install/robotics_utils/bin'
[10.588s] Level 1:colcon.colcon_core.environment:checking '/root/codes/NST_proj_ws/install/robotics_utils/lib/pkgconfig/robotics_utils.pc'
[10.589s] Level 1:colcon.colcon_core.environment:checking '/root/codes/NST_proj_ws/install/robotics_utils/lib/python3.8/site-packages'
[10.590s] Level 1:colcon.colcon_core.shell:create_environment_hook('robotics_utils', 'pythonpath')
[10.597s] INFO:colcon.colcon_core.shell:Creating environment hook '/root/codes/NST_proj_ws/install/robotics_utils/share/robotics_utils/hook/pythonpath.ps1'
[10.599s] INFO:colcon.colcon_core.shell:Creating environment descriptor '/root/codes/NST_proj_ws/install/robotics_utils/share/robotics_utils/hook/pythonpath.dsv'
[10.600s] INFO:colcon.colcon_core.shell:Creating environment hook '/root/codes/NST_proj_ws/install/robotics_utils/share/robotics_utils/hook/pythonpath.sh'
[10.602s] Level 1:colcon.colcon_core.environment:checking '/root/codes/NST_proj_ws/install/robotics_utils/bin'
[10.603s] Level 1:colcon.colcon_core.environment:create_environment_scripts_only(robotics_utils)
[10.611s] INFO:colcon.colcon_core.shell:Creating package script '/root/codes/NST_proj_ws/install/robotics_utils/share/robotics_utils/package.ps1'
[10.614s] INFO:colcon.colcon_core.shell:Creating package descriptor '/root/codes/NST_proj_ws/install/robotics_utils/share/robotics_utils/package.dsv'
[10.616s] INFO:colcon.colcon_core.shell:Creating package script '/root/codes/NST_proj_ws/install/robotics_utils/share/robotics_utils/package.sh'
[10.620s] INFO:colcon.colcon_core.shell:Creating package script '/root/codes/NST_proj_ws/install/robotics_utils/share/robotics_utils/package.bash'
[10.623s] INFO:colcon.colcon_core.shell:Creating package script '/root/codes/NST_proj_ws/install/robotics_utils/share/robotics_utils/package.zsh'
[10.625s] Level 1:colcon.colcon_core.environment:create_file_with_runtime_dependencies(/root/codes/NST_proj_ws/install/robotics_utils/share/colcon-core/packages/robotics_utils)
[10.629s] INFO:colcon.colcon_ros.task.ament_python.build:Building ROS package in '/root/codes/NST_proj_ws/src/exit_detection' with build type 'ament_python'
[10.629s] Level 1:colcon.colcon_core.shell:create_environment_hook('exit_detection', 'ament_prefix_path')
[10.638s] INFO:colcon.colcon_core.shell:Creating environment hook '/root/codes/NST_proj_ws/install/exit_detection/share/exit_detection/hook/ament_prefix_path.ps1'
[10.640s] INFO:colcon.colcon_core.shell:Creating environment descriptor '/root/codes/NST_proj_ws/install/exit_detection/share/exit_detection/hook/ament_prefix_path.dsv'
[10.642s] INFO:colcon.colcon_core.shell:Creating environment hook '/root/codes/NST_proj_ws/install/exit_detection/share/exit_detection/hook/ament_prefix_path.sh'
[10.650s] INFO:colcon.colcon_core.shell:Skip shell extension 'powershell' for command environment: Not usable outside of PowerShell
[10.650s] DEBUG:colcon.colcon_core.shell:Skip shell extension 'dsv' for command environment
[10.728s] Level 1:colcon.colcon_core.environment:checking '/root/codes/NST_proj_ws/install/map_generation' for CMake module files
[10.730s] DEBUG:colcon.colcon_core.event_handler.log_command:Invoked command in '/root/codes/NST_proj_ws/map_generation' returned '0': PYTHONPATH=/root/codes/NST_proj_ws/build/map_generation/prefix_override:/root/codes/NST_proj_ws/install/map_generation/lib/python3.8/site-packages:${PYTHONPATH} /usr/bin/python3 setup.py egg_info --egg-base ../build/map_generation build --build-base /root/codes/NST_proj_ws/build/map_generation/build install --record /root/codes/NST_proj_ws/build/map_generation/install.log --single-version-externally-managed
[10.731s] Level 1:colcon.colcon_core.environment:checking '/root/codes/NST_proj_ws/install/map_generation' for CMake config files
[10.734s] Level 1:colcon.colcon_core.environment:checking '/root/codes/NST_proj_ws/install/map_generation/lib'
[10.734s] Level 1:colcon.colcon_core.environment:checking '/root/codes/NST_proj_ws/install/map_generation/bin'
[10.734s] Level 1:colcon.colcon_core.environment:checking '/root/codes/NST_proj_ws/install/map_generation/lib/pkgconfig/map_generation.pc'
[10.735s] Level 1:colcon.colcon_core.environment:checking '/root/codes/NST_proj_ws/install/map_generation/lib/python3.8/site-packages'
[10.736s] Level 1:colcon.colcon_core.shell:create_environment_hook('map_generation', 'pythonpath')
[10.743s] INFO:colcon.colcon_core.shell:Creating environment hook '/root/codes/NST_proj_ws/install/map_generation/share/map_generation/hook/pythonpath.ps1'
[10.745s] INFO:colcon.colcon_core.shell:Creating environment descriptor '/root/codes/NST_proj_ws/install/map_generation/share/map_generation/hook/pythonpath.dsv'
[10.746s] INFO:colcon.colcon_core.shell:Creating environment hook '/root/codes/NST_proj_ws/install/map_generation/share/map_generation/hook/pythonpath.sh'
[10.748s] Level 1:colcon.colcon_core.environment:checking '/root/codes/NST_proj_ws/install/map_generation/bin'
[10.748s] Level 1:colcon.colcon_core.environment:create_environment_scripts_only(map_generation)
[10.756s] INFO:colcon.colcon_core.shell:Creating package script '/root/codes/NST_proj_ws/install/map_generation/share/map_generation/package.ps1'
[10.759s] INFO:colcon.colcon_core.shell:Creating package descriptor '/root/codes/NST_proj_ws/install/map_generation/share/map_generation/package.dsv'
[10.761s] INFO:colcon.colcon_core.shell:Creating package script '/root/codes/NST_proj_ws/install/map_generation/share/map_generation/package.sh'
[10.763s] INFO:colcon.colcon_core.shell:Creating package script '/root/codes/NST_proj_ws/install/map_generation/share/map_generation/package.bash'
[10.765s] INFO:colcon.colcon_core.shell:Creating package script '/root/codes/NST_proj_ws/install/map_generation/share/map_generation/package.zsh'
[10.766s] Level 1:colcon.colcon_core.environment:create_file_with_runtime_dependencies(/root/codes/NST_proj_ws/install/map_generation/share/colcon-core/packages/map_generation)
[10.780s] Level 1:colcon.colcon_core.environment:checking '/root/codes/NST_proj_ws/install/path_generation' for CMake module files
[10.784s] DEBUG:colcon.colcon_core.event_handler.log_command:Invoked command in '/root/codes/NST_proj_ws/src/path_generation' returned '0': PYTHONPATH=/root/codes/NST_proj_ws/build/path_generation/prefix_override:/root/codes/NST_proj_ws/install/path_generation/lib/python3.8/site-packages:${PYTHONPATH} /usr/bin/python3 setup.py egg_info --egg-base ../../build/path_generation build --build-base /root/codes/NST_proj_ws/build/path_generation/build install --record /root/codes/NST_proj_ws/build/path_generation/install.log --single-version-externally-managed
[10.785s] Level 1:colcon.colcon_core.environment:checking '/root/codes/NST_proj_ws/install/path_generation' for CMake config files
[10.787s] Level 1:colcon.colcon_core.environment:checking '/root/codes/NST_proj_ws/install/path_generation/lib'
[10.788s] Level 1:colcon.colcon_core.environment:checking '/root/codes/NST_proj_ws/install/path_generation/bin'
[10.788s] Level 1:colcon.colcon_core.shell:create_environment_hook('path_generation', 'path')
[10.796s] INFO:colcon.colcon_core.shell:Creating environment hook '/root/codes/NST_proj_ws/install/path_generation/share/path_generation/hook/path.ps1'
[10.798s] INFO:colcon.colcon_core.shell:Creating environment descriptor '/root/codes/NST_proj_ws/install/path_generation/share/path_generation/hook/path.dsv'
[10.799s] INFO:colcon.colcon_core.shell:Creating environment hook '/root/codes/NST_proj_ws/install/path_generation/share/path_generation/hook/path.sh'
[10.800s] Level 1:colcon.colcon_core.environment:checking '/root/codes/NST_proj_ws/install/path_generation/lib/pkgconfig/path_generation.pc'
[10.801s] Level 1:colcon.colcon_core.environment:checking '/root/codes/NST_proj_ws/install/path_generation/lib/python3.8/site-packages'
[10.801s] Level 1:colcon.colcon_core.shell:create_environment_hook('path_generation', 'pythonpath')
[10.809s] INFO:colcon.colcon_core.shell:Creating environment hook '/root/codes/NST_proj_ws/install/path_generation/share/path_generation/hook/pythonpath.ps1'
[10.810s] INFO:colcon.colcon_core.shell:Creating environment descriptor '/root/codes/NST_proj_ws/install/path_generation/share/path_generation/hook/pythonpath.dsv'
[10.812s] INFO:colcon.colcon_core.shell:Creating environment hook '/root/codes/NST_proj_ws/install/path_generation/share/path_generation/hook/pythonpath.sh'
[10.813s] Level 1:colcon.colcon_core.environment:checking '/root/codes/NST_proj_ws/install/path_generation/bin'
[10.814s] Level 1:colcon.colcon_core.shell:create_environment_hook('path_generation', 'pythonscriptspath')
[10.821s] INFO:colcon.colcon_core.shell:Creating environment hook '/root/codes/NST_proj_ws/install/path_generation/share/path_generation/hook/pythonscriptspath.ps1'
[10.823s] INFO:colcon.colcon_core.shell:Creating environment descriptor '/root/codes/NST_proj_ws/install/path_generation/share/path_generation/hook/pythonscriptspath.dsv'
[10.824s] INFO:colcon.colcon_core.shell:Creating environment hook '/root/codes/NST_proj_ws/install/path_generation/share/path_generation/hook/pythonscriptspath.sh'
[10.825s] Level 1:colcon.colcon_core.environment:create_environment_scripts_only(path_generation)
[10.833s] INFO:colcon.colcon_core.shell:Creating package script '/root/codes/NST_proj_ws/install/path_generation/share/path_generation/package.ps1'
[10.836s] INFO:colcon.colcon_core.shell:Creating package descriptor '/root/codes/NST_proj_ws/install/path_generation/share/path_generation/package.dsv'
[10.838s] INFO:colcon.colcon_core.shell:Creating package script '/root/codes/NST_proj_ws/install/path_generation/share/path_generation/package.sh'
[10.840s] INFO:colcon.colcon_core.shell:Creating package script '/root/codes/NST_proj_ws/install/path_generation/share/path_generation/package.bash'
[10.841s] INFO:colcon.colcon_core.shell:Creating package script '/root/codes/NST_proj_ws/install/path_generation/share/path_generation/package.zsh'
[10.842s] Level 1:colcon.colcon_core.environment:create_file_with_runtime_dependencies(/root/codes/NST_proj_ws/install/path_generation/share/colcon-core/packages/path_generation)
[12.092s] INFO:colcon.colcon_core.task.python.build:Building Python package in '/root/codes/NST_proj_ws/src/exit_detection'
[12.101s] INFO:colcon.colcon_core.shell:Skip shell extension 'powershell' for command environment: Not usable outside of PowerShell
[12.101s] DEBUG:colcon.colcon_core.shell:Skip shell extension 'dsv' for command environment
[14.353s] DEBUG:colcon.colcon_core.event_handler.log_command:Invoking command in '/root/codes/NST_proj_ws/src/exit_detection': AMENT_PREFIX_PATH=/root/codes/NST_proj_ws/install/robotics_utils:/root/codes/NST_proj_ws/install/exit_detection:/root/codes/NST_proj_ws/install/path_generation:/root/codes/NST_proj_ws/install/map_generation:/root/yahboomcar_ros2_ws/yahboomcar_ws/install/yahboomcar_voice_ctrl:/root/yahboomcar_ros2_ws/yahboomcar_ws/install/yahboomcar_visual:/root/yahboomcar_ros2_ws/yahboomcar_ws/install/yahboomcar_slam:/root/yahboomcar_ros2_ws/yahboomcar_ws/install/yahboomcar_point:/root/yahboomcar_ros2_ws/yahboomcar_ws/install/yahboomcar_nav:/root/yahboomcar_ros2_ws/yahboomcar_ws/install/yahboomcar_multi:/root/yahboomcar_ros2_ws/yahboomcar_ws/install/yahboomcar_msgs:/root/yahboomcar_ros2_ws/yahboomcar_ws/install/yahboomcar_mediapipe:/root/yahboomcar_ros2_ws/yahboomcar_ws/install/yahboomcar_linefollow:/root/yahboomcar_ros2_ws/yahboomcar_ws/install/yahboomcar_laser:/root/yahboomcar_ros2_ws/yahboomcar_ws/install/yahboomcar_description_x1:/root/yahboomcar_ros2_ws/yahboomcar_ws/install/yahboomcar_description:/root/yahboomcar_ros2_ws/yahboomcar_ws/install/yahboomcar_ctrl:/root/yahboomcar_ros2_ws/yahboomcar_ws/install/yahboomcar_bringup:/root/yahboomcar_ros2_ws/yahboomcar_ws/install/yahboomcar_base_node:/root/yahboomcar_ros2_ws/yahboomcar_ws/install/yahboomcar_astra:/root/yahboomcar_ros2_ws/yahboomcar_ws/install/yahboomcar_KCFTracker:/root/yahboomcar_ros2_ws/yahboomcar_ws/install/yahboom_web_savmap_interfaces:/root/yahboomcar_ros2_ws/yahboomcar_ws/install/yahboom_app_save_map:/root/yahboomcar_ros2_ws/yahboomcar_ws/install/robot_pose_publisher_ros2:/root/yahboomcar_ros2_ws/yahboomcar_ws/install/robot_pose_publisher:/root/yahboomcar_ros2_ws/yahboomcar_ws/install/laserscan_to_point_pulisher:/root/yahboomcar_ros2_ws/software/library_ws/install/ydlidar_ros2_driver:/root/yahboomcar_ros2_ws/software/library_ws/install/web_video_server:/root/yahboomcar_ros2_ws/software/library_ws/install/teb_local_planner:/root/yahboomcar_ros2_ws/software/library_ws/install/teb_msgs:/root/yahboomcar_ros2_ws/software/library_ws/install/sllidar_ros2:/root/yahboomcar_ros2_ws/software/library_ws/install/slam_gmapping:/root/yahboomcar_ros2_ws/software/library_ws/install/ros2_orbslam:/root/yahboomcar_ros2_ws/software/library_ws/install/robot_localization:/root/yahboomcar_ros2_ws/software/library_ws/install/openslam_gmapping:/root/yahboomcar_ros2_ws/software/library_ws/install/octomap_mapping:/root/yahboomcar_ros2_ws/software/library_ws/install/octomap_server:/root/yahboomcar_ros2_ws/software/library_ws/install/costmap_converter:/root/yahboomcar_ros2_ws/software/library_ws/install/costmap_converter_msgs:/root/yahboomcar_ros2_ws/software/library_ws/install/astra_camera:/root/yahboomcar_ros2_ws/software/library_ws/install/astra_camera_msgs:/opt/ros/foxy PYTHONPATH=/root/codes/NST_proj_ws/build/exit_detection/prefix_override:/root/codes/NST_proj_ws/install/exit_detection/lib/python3.8/site-packages:/root/codes/NST_proj_ws/install/robotics_utils/lib/python3.8/site-packages:/root/codes/NST_proj_ws/install/exit_detection/lib/python3.8/site-packages:/root/codes/NST_proj_ws/install/path_generation/lib/python3.8/site-packages:/root/codes/NST_proj_ws/install/map_generation/lib/python3.8/site-packages:/root/yahboomcar_ros2_ws/yahboomcar_ws/install/yahboomcar_voice_ctrl/lib/python3.8/site-packages:/root/yahboomcar_ros2_ws/yahboomcar_ws/install/yahboomcar_visual/lib/python3.8/site-packages:/root/yahboomcar_ros2_ws/yahboomcar_ws/install/yahboomcar_nav/lib/python3.8/site-packages:/root/yahboomcar_ros2_ws/yahboomcar_ws/install/yahboomcar_multi/lib/python3.8/site-packages:/root/yahboomcar_ros2_ws/yahboomcar_ws/install/yahboomcar_msgs/lib/python3.8/site-packages:/root/yahboomcar_ros2_ws/yahboomcar_ws/install/yahboomcar_mediapipe/lib/python3.8/site-packages:/root/yahboomcar_ros2_ws/yahboomcar_ws/install/yahboomcar_linefollow/lib/python3.8/site-packages:/root/yahboomcar_ros2_ws/yahboomcar_ws/install/yahboomcar_laser/lib/python3.8/site-packages:/root/yahboomcar_ros2_ws/yahboomcar_ws/install/yahboomcar_description_x1/lib/python3.8/site-packages:/root/yahboomcar_ros2_ws/yahboomcar_ws/install/yahboomcar_description/lib/python3.8/site-packages:/root/yahboomcar_ros2_ws/yahboomcar_ws/install/yahboomcar_ctrl/lib/python3.8/site-packages:/root/yahboomcar_ros2_ws/yahboomcar_ws/install/yahboomcar_bringup/lib/python3.8/site-packages:/root/yahboomcar_ros2_ws/yahboomcar_ws/install/yahboomcar_astra/lib/python3.8/site-packages:/root/yahboomcar_ros2_ws/yahboomcar_ws/install/yahboom_web_savmap_interfaces/lib/python3.8/site-packages:/root/yahboomcar_ros2_ws/yahboomcar_ws/install/yahboom_app_save_map/lib/python3.8/site-packages:/root/yahboomcar_ros2_ws/yahboomcar_ws/install/robot_pose_publisher/lib/python3.8/site-packages:/root/yahboomcar_ros2_ws/yahboomcar_ws/install/laserscan_to_point_pulisher/lib/python3.8/site-packages:/root/yahboomcar_ros2_ws/software/library_ws/install/teb_msgs/lib/python3.8/site-packages:/root/yahboomcar_ros2_ws/software/library_ws/install/robot_localization/lib/python3.8/site-packages:/root/yahboomcar_ros2_ws/software/library_ws/install/costmap_converter_msgs/lib/python3.8/site-packages:/root/yahboomcar_ros2_ws/software/library_ws/install/astra_camera_msgs/lib/python3.8/site-packages:/opt/ros/foxy/lib/python3.8/site-packages /usr/bin/python3 setup.py egg_info --egg-base ../../build/exit_detection build --build-base /root/codes/NST_proj_ws/build/exit_detection/build install --record /root/codes/NST_proj_ws/build/exit_detection/install.log --single-version-externally-managed
[15.982s] Level 1:colcon.colcon_core.environment:checking '/root/codes/NST_proj_ws/install/exit_detection' for CMake module files
[15.983s] DEBUG:colcon.colcon_core.event_handler.log_command:Invoked command in '/root/codes/NST_proj_ws/src/exit_detection' returned '0': AMENT_PREFIX_PATH=/root/codes/NST_proj_ws/install/robotics_utils:/root/codes/NST_proj_ws/install/exit_detection:/root/codes/NST_proj_ws/install/path_generation:/root/codes/NST_proj_ws/install/map_generation:/root/yahboomcar_ros2_ws/yahboomcar_ws/install/yahboomcar_voice_ctrl:/root/yahboomcar_ros2_ws/yahboomcar_ws/install/yahboomcar_visual:/root/yahboomcar_ros2_ws/yahboomcar_ws/install/yahboomcar_slam:/root/yahboomcar_ros2_ws/yahboomcar_ws/install/yahboomcar_point:/root/yahboomcar_ros2_ws/yahboomcar_ws/install/yahboomcar_nav:/root/yahboomcar_ros2_ws/yahboomcar_ws/install/yahboomcar_multi:/root/yahboomcar_ros2_ws/yahboomcar_ws/install/yahboomcar_msgs:/root/yahboomcar_ros2_ws/yahboomcar_ws/install/yahboomcar_mediapipe:/root/yahboomcar_ros2_ws/yahboomcar_ws/install/yahboomcar_linefollow:/root/yahboomcar_ros2_ws/yahboomcar_ws/install/yahboomcar_laser:/root/yahboomcar_ros2_ws/yahboomcar_ws/install/yahboomcar_description_x1:/root/yahboomcar_ros2_ws/yahboomcar_ws/install/yahboomcar_description:/root/yahboomcar_ros2_ws/yahboomcar_ws/install/yahboomcar_ctrl:/root/yahboomcar_ros2_ws/yahboomcar_ws/install/yahboomcar_bringup:/root/yahboomcar_ros2_ws/yahboomcar_ws/install/yahboomcar_base_node:/root/yahboomcar_ros2_ws/yahboomcar_ws/install/yahboomcar_astra:/root/yahboomcar_ros2_ws/yahboomcar_ws/install/yahboomcar_KCFTracker:/root/yahboomcar_ros2_ws/yahboomcar_ws/install/yahboom_web_savmap_interfaces:/root/yahboomcar_ros2_ws/yahboomcar_ws/install/yahboom_app_save_map:/root/yahboomcar_ros2_ws/yahboomcar_ws/install/robot_pose_publisher_ros2:/root/yahboomcar_ros2_ws/yahboomcar_ws/install/robot_pose_publisher:/root/yahboomcar_ros2_ws/yahboomcar_ws/install/laserscan_to_point_pulisher:/root/yahboomcar_ros2_ws/software/library_ws/install/ydlidar_ros2_driver:/root/yahboomcar_ros2_ws/software/library_ws/install/web_video_server:/root/yahboomcar_ros2_ws/software/library_ws/install/teb_local_planner:/root/yahboomcar_ros2_ws/software/library_ws/install/teb_msgs:/root/yahboomcar_ros2_ws/software/library_ws/install/sllidar_ros2:/root/yahboomcar_ros2_ws/software/library_ws/install/slam_gmapping:/root/yahboomcar_ros2_ws/software/library_ws/install/ros2_orbslam:/root/yahboomcar_ros2_ws/software/library_ws/install/robot_localization:/root/yahboomcar_ros2_ws/software/library_ws/install/openslam_gmapping:/root/yahboomcar_ros2_ws/software/library_ws/install/octomap_mapping:/root/yahboomcar_ros2_ws/software/library_ws/install/octomap_server:/root/yahboomcar_ros2_ws/software/library_ws/install/costmap_converter:/root/yahboomcar_ros2_ws/software/library_ws/install/costmap_converter_msgs:/root/yahboomcar_ros2_ws/software/library_ws/install/astra_camera:/root/yahboomcar_ros2_ws/software/library_ws/install/astra_camera_msgs:/opt/ros/foxy PYTHONPATH=/root/codes/NST_proj_ws/build/exit_detection/prefix_override:/root/codes/NST_proj_ws/install/exit_detection/lib/python3.8/site-packages:/root/codes/NST_proj_ws/install/robotics_utils/lib/python3.8/site-packages:/root/codes/NST_proj_ws/install/exit_detection/lib/python3.8/site-packages:/root/codes/NST_proj_ws/install/path_generation/lib/python3.8/site-packages:/root/codes/NST_proj_ws/install/map_generation/lib/python3.8/site-packages:/root/yahboomcar_ros2_ws/yahboomcar_ws/install/yahboomcar_voice_ctrl/lib/python3.8/site-packages:/root/yahboomcar_ros2_ws/yahboomcar_ws/install/yahboomcar_visual/lib/python3.8/site-packages:/root/yahboomcar_ros2_ws/yahboomcar_ws/install/yahboomcar_nav/lib/python3.8/site-packages:/root/yahboomcar_ros2_ws/yahboomcar_ws/install/yahboomcar_multi/lib/python3.8/site-packages:/root/yahboomcar_ros2_ws/yahboomcar_ws/install/yahboomcar_msgs/lib/python3.8/site-packages:/root/yahboomcar_ros2_ws/yahboomcar_ws/install/yahboomcar_mediapipe/lib/python3.8/site-packages:/root/yahboomcar_ros2_ws/yahboomcar_ws/install/yahboomcar_linefollow/lib/python3.8/site-packages:/root/yahboomcar_ros2_ws/yahboomcar_ws/install/yahboomcar_laser/lib/python3.8/site-packages:/root/yahboomcar_ros2_ws/yahboomcar_ws/install/yahboomcar_description_x1/lib/python3.8/site-packages:/root/yahboomcar_ros2_ws/yahboomcar_ws/install/yahboomcar_description/lib/python3.8/site-packages:/root/yahboomcar_ros2_ws/yahboomcar_ws/install/yahboomcar_ctrl/lib/python3.8/site-packages:/root/yahboomcar_ros2_ws/yahboomcar_ws/install/yahboomcar_bringup/lib/python3.8/site-packages:/root/yahboomcar_ros2_ws/yahboomcar_ws/install/yahboomcar_astra/lib/python3.8/site-packages:/root/yahboomcar_ros2_ws/yahboomcar_ws/install/yahboom_web_savmap_interfaces/lib/python3.8/site-packages:/root/yahboomcar_ros2_ws/yahboomcar_ws/install/yahboom_app_save_map/lib/python3.8/site-packages:/root/yahboomcar_ros2_ws/yahboomcar_ws/install/robot_pose_publisher/lib/python3.8/site-packages:/root/yahboomcar_ros2_ws/yahboomcar_ws/install/laserscan_to_point_pulisher/lib/python3.8/site-packages:/root/yahboomcar_ros2_ws/software/library_ws/install/teb_msgs/lib/python3.8/site-packages:/root/yahboomcar_ros2_ws/software/library_ws/install/robot_localization/lib/python3.8/site-packages:/root/yahboomcar_ros2_ws/software/library_ws/install/costmap_converter_msgs/lib/python3.8/site-packages:/root/yahboomcar_ros2_ws/software/library_ws/install/astra_camera_msgs/lib/python3.8/site-packages:/opt/ros/foxy/lib/python3.8/site-packages /usr/bin/python3 setup.py egg_info --egg-base ../../build/exit_detection build --build-base /root/codes/NST_proj_ws/build/exit_detection/build install --record /root/codes/NST_proj_ws/build/exit_detection/install.log --single-version-externally-managed
[15.985s] Level 1:colcon.colcon_core.environment:checking '/root/codes/NST_proj_ws/install/exit_detection' for CMake config files
[15.987s] Level 1:colcon.colcon_core.environment:checking '/root/codes/NST_proj_ws/install/exit_detection/lib'
[15.988s] Level 1:colcon.colcon_core.environment:checking '/root/codes/NST_proj_ws/install/exit_detection/bin'
[15.988s] Level 1:colcon.colcon_core.shell:create_environment_hook('exit_detection', 'path')
[15.996s] INFO:colcon.colcon_core.shell:Creating environment hook '/root/codes/NST_proj_ws/install/exit_detection/share/exit_detection/hook/path.ps1'
[15.998s] INFO:colcon.colcon_core.shell:Creating environment descriptor '/root/codes/NST_proj_ws/install/exit_detection/share/exit_detection/hook/path.dsv'
[16.000s] INFO:colcon.colcon_core.shell:Creating environment hook '/root/codes/NST_proj_ws/install/exit_detection/share/exit_detection/hook/path.sh'
[16.001s] Level 1:colcon.colcon_core.environment:checking '/root/codes/NST_proj_ws/install/exit_detection/lib/pkgconfig/exit_detection.pc'
[16.002s] Level 1:colcon.colcon_core.environment:checking '/root/codes/NST_proj_ws/install/exit_detection/lib/python3.8/site-packages'
[16.002s] Level 1:colcon.colcon_core.shell:create_environment_hook('exit_detection', 'pythonpath')
[16.010s] INFO:colcon.colcon_core.shell:Creating environment hook '/root/codes/NST_proj_ws/install/exit_detection/share/exit_detection/hook/pythonpath.ps1'
[16.011s] INFO:colcon.colcon_core.shell:Creating environment descriptor '/root/codes/NST_proj_ws/install/exit_detection/share/exit_detection/hook/pythonpath.dsv'
[16.013s] INFO:colcon.colcon_core.shell:Creating environment hook '/root/codes/NST_proj_ws/install/exit_detection/share/exit_detection/hook/pythonpath.sh'
[16.014s] Level 1:colcon.colcon_core.environment:checking '/root/codes/NST_proj_ws/install/exit_detection/bin'
[16.015s] Level 1:colcon.colcon_core.shell:create_environment_hook('exit_detection', 'pythonscriptspath')
[16.022s] INFO:colcon.colcon_core.shell:Creating environment hook '/root/codes/NST_proj_ws/install/exit_detection/share/exit_detection/hook/pythonscriptspath.ps1'
[16.024s] INFO:colcon.colcon_core.shell:Creating environment descriptor '/root/codes/NST_proj_ws/install/exit_detection/share/exit_detection/hook/pythonscriptspath.dsv'
[16.025s] INFO:colcon.colcon_core.shell:Creating environment hook '/root/codes/NST_proj_ws/install/exit_detection/share/exit_detection/hook/pythonscriptspath.sh'
[16.026s] Level 1:colcon.colcon_core.environment:create_environment_scripts_only(exit_detection)
[16.034s] INFO:colcon.colcon_core.shell:Creating package script '/root/codes/NST_proj_ws/install/exit_detection/share/exit_detection/package.ps1'
[16.037s] INFO:colcon.colcon_core.shell:Creating package descriptor '/root/codes/NST_proj_ws/install/exit_detection/share/exit_detection/package.dsv'
[16.039s] INFO:colcon.colcon_core.shell:Creating package script '/root/codes/NST_proj_ws/install/exit_detection/share/exit_detection/package.sh'
[16.041s] INFO:colcon.colcon_core.shell:Creating package script '/root/codes/NST_proj_ws/install/exit_detection/share/exit_detection/package.bash'
[16.042s] INFO:colcon.colcon_core.shell:Creating package script '/root/codes/NST_proj_ws/install/exit_detection/share/exit_detection/package.zsh'
[16.043s] Level 1:colcon.colcon_core.environment:create_file_with_runtime_dependencies(/root/codes/NST_proj_ws/install/exit_detection/share/colcon-core/packages/exit_detection)
[16.044s] DEBUG:colcon.colcon_parallel_executor.executor.parallel:closing loop
[16.045s] DEBUG:colcon.colcon_parallel_executor.executor.parallel:loop closed
[16.045s] DEBUG:colcon.colcon_parallel_executor.executor.parallel:run_until_complete finished with '0'
[16.045s] DEBUG:colcon.colcon_core.event_reactor:joining thread
[16.073s] INFO:colcon.colcon_core.plugin_system:Skipping extension 'colcon_notification.desktop_notification.notify_send': Could not find 'notify-send'
[16.074s] INFO:colcon.colcon_core.plugin_system:Skipping extension 'colcon_notification.desktop_notification.terminal_notifier': Not used on non-Darwin systems
[16.074s] INFO:colcon.colcon_core.plugin_system:Skipping extension 'colcon_notification.desktop_notification.win32': Not used on non-Windows systems
[16.074s] INFO:colcon.colcon_notification.desktop_notification:Sending desktop notification using 'notify2'
[16.322s] DEBUG:colcon.colcon_notification.desktop_notification.notify2:Failed to initialize notify2: org.freedesktop.DBus.Error.ServiceUnknown: The name org.freedesktop.Notifications was not provided by any .service files
[16.323s] DEBUG:colcon.colcon_core.event_reactor:joined thread
[16.332s] INFO:colcon.colcon_core.shell:Creating prefix script '/root/codes/NST_proj_ws/install/local_setup.ps1'
[16.339s] INFO:colcon.colcon_core.shell:Creating prefix util module '/root/codes/NST_proj_ws/install/_local_setup_util_ps1.py'
[16.345s] INFO:colcon.colcon_core.shell:Creating prefix chain script '/root/codes/NST_proj_ws/install/setup.ps1'
[16.361s] INFO:colcon.colcon_core.shell:Creating prefix script '/root/codes/NST_proj_ws/install/local_setup.sh'
[16.364s] INFO:colcon.colcon_core.shell:Creating prefix util module '/root/codes/NST_proj_ws/install/_local_setup_util_sh.py'
[16.365s] INFO:colcon.colcon_core.shell:Creating prefix chain script '/root/codes/NST_proj_ws/install/setup.sh'
[16.381s] INFO:colcon.colcon_core.shell:Creating prefix script '/root/codes/NST_proj_ws/install/local_setup.bash'
[16.383s] INFO:colcon.colcon_core.shell:Creating prefix chain script '/root/codes/NST_proj_ws/install/setup.bash'
[16.398s] INFO:colcon.colcon_core.shell:Creating prefix script '/root/codes/NST_proj_ws/install/local_setup.zsh'
[16.400s] INFO:colcon.colcon_core.shell:Creating prefix chain script '/root/codes/NST_proj_ws/install/setup.zsh'
