[6.492s] Invoking command in '/root/codes/NST_proj_ws/src/path_generation': PYTHONPATH=/root/codes/NST_proj_ws/build/path_generation/prefix_override:/root/codes/NST_proj_ws/install/path_generation/lib/python3.8/site-packages:${PYTHONPATH} /usr/bin/python3 setup.py egg_info --egg-base ../../build/path_generation build --build-base /root/codes/NST_proj_ws/build/path_generation/build install --record /root/codes/NST_proj_ws/build/path_generation/install.log --single-version-externally-managed
[7.818s] running egg_info
[7.822s] writing ../../build/path_generation/path_generation.egg-info/PKG-INFO
[7.823s] writing dependency_links to ../../build/path_generation/path_generation.egg-info/dependency_links.txt
[7.824s] writing entry points to ../../build/path_generation/path_generation.egg-info/entry_points.txt
[7.824s] writing requirements to ../../build/path_generation/path_generation.egg-info/requires.txt
[7.825s] writing top-level names to ../../build/path_generation/path_generation.egg-info/top_level.txt
[8.001s] reading manifest file '../../build/path_generation/path_generation.egg-info/SOURCES.txt'
[8.006s] writing manifest file '../../build/path_generation/path_generation.egg-info/SOURCES.txt'
[8.007s] running build
[8.008s] running build_py
[8.009s] running install
[8.012s] running install_lib
[8.020s] running install_data
[8.023s] running install_egg_info
[8.032s] removing '/root/codes/NST_proj_ws/install/path_generation/lib/python3.8/site-packages/path_generation-0.0.1-py3.8.egg-info' (and everything under it)
[8.033s] Copying ../../build/path_generation/path_generation.egg-info to /root/codes/NST_proj_ws/install/path_generation/lib/python3.8/site-packages/path_generation-0.0.1-py3.8.egg-info
[8.037s] running install_scripts
[8.129s] Installing path_generation_node script to /root/codes/NST_proj_ws/install/path_generation/bin
[8.131s] writing list of installed files to '/root/codes/NST_proj_ws/build/path_generation/install.log'
[8.434s] Invoked command in '/root/codes/NST_proj_ws/src/path_generation' returned '0': PYTHONPATH=/root/codes/NST_proj_ws/build/path_generation/prefix_override:/root/codes/NST_proj_ws/install/path_generation/lib/python3.8/site-packages:${PYTHONPATH} /usr/bin/python3 setup.py egg_info --egg-base ../../build/path_generation build --build-base /root/codes/NST_proj_ws/build/path_generation/build install --record /root/codes/NST_proj_ws/build/path_generation/install.log --single-version-externally-managed
