[7.256s] Invoking command in '/root/codes/NST_proj_ws/src/robotics_utils': PYTHONPATH=/root/codes/NST_proj_ws/build/robotics_utils/prefix_override:/root/codes/NST_proj_ws/install/robotics_utils/lib/python3.8/site-packages:${PYTHONPATH} /usr/bin/python3 setup.py egg_info --egg-base ../../build/robotics_utils build --build-base /root/codes/NST_proj_ws/build/robotics_utils/build install --record /root/codes/NST_proj_ws/build/robotics_utils/install.log --install-scripts $base/lib/robitics_utils --single-version-externally-managed
[8.556s] running egg_info
[8.559s] writing ../../build/robotics_utils/robotics_utils.egg-info/PKG-INFO
[8.565s] writing dependency_links to ../../build/robotics_utils/robotics_utils.egg-info/dependency_links.txt
[8.566s] writing entry points to ../../build/robotics_utils/robotics_utils.egg-info/entry_points.txt
[8.566s] writing requirements to ../../build/robotics_utils/robotics_utils.egg-info/requires.txt
[8.567s] writing top-level names to ../../build/robotics_utils/robotics_utils.egg-info/top_level.txt
[8.757s] reading manifest file '../../build/robotics_utils/robotics_utils.egg-info/SOURCES.txt'
[8.770s] writing manifest file '../../build/robotics_utils/robotics_utils.egg-info/SOURCES.txt'
[8.772s] running build
[8.772s] running build_py
[8.786s] running install
[8.791s] running install_lib
[8.800s] running install_data
[8.807s] running install_egg_info
[8.815s] removing '/root/codes/NST_proj_ws/install/robotics_utils/lib/python3.8/site-packages/robotics_utils-0.0.1-py3.8.egg-info' (and everything under it)
[8.816s] Copying ../../build/robotics_utils/robotics_utils.egg-info to /root/codes/NST_proj_ws/install/robotics_utils/lib/python3.8/site-packages/robotics_utils-0.0.1-py3.8.egg-info
[8.819s] running install_scripts
[8.903s] writing list of installed files to '/root/codes/NST_proj_ws/build/robotics_utils/install.log'
[9.022s] Invoked command in '/root/codes/NST_proj_ws/src/robotics_utils' returned '0': PYTHONPATH=/root/codes/NST_proj_ws/build/robotics_utils/prefix_override:/root/codes/NST_proj_ws/install/robotics_utils/lib/python3.8/site-packages:${PYTHONPATH} /usr/bin/python3 setup.py egg_info --egg-base ../../build/robotics_utils build --build-base /root/codes/NST_proj_ws/build/robotics_utils/build install --record /root/codes/NST_proj_ws/build/robotics_utils/install.log --install-scripts $base/lib/robitics_utils --single-version-externally-managed
