Performing C SOURCE FILE Test CMAKE_HAVE_LIBC_PTHREAD failed with the following output:
Change Dir: /root/codes/NST_proj_ws/build/explore_lite/CMakeFiles/CMakeTmp

Run Build Command(s):/usr/bin/make cmTC_30341/fast && /usr/bin/make -f CMakeFiles/cmTC_30341.dir/build.make CMakeFiles/cmTC_30341.dir/build
make[1]: Entering directory '/root/codes/NST_proj_ws/build/explore_lite/CMakeFiles/CMakeTmp'
Building C object CMakeFiles/cmTC_30341.dir/src.c.o
/usr/bin/cc   -DCMAKE_HAVE_LIBC_PTHREAD   -o CMakeFiles/cmTC_30341.dir/src.c.o   -c /root/codes/NST_proj_ws/build/explore_lite/CMakeFiles/CMakeTmp/src.c
Linking C executable cmTC_30341
/usr/bin/cmake -E cmake_link_script CMakeFiles/cmTC_30341.dir/link.txt --verbose=1
/usr/bin/cc  -DCMAKE_HAVE_LIBC_PTHREAD    CMakeFiles/cmTC_30341.dir/src.c.o  -o cmTC_30341 
/usr/bin/ld: CMakeFiles/cmTC_30341.dir/src.c.o: in function `main':
src.c:(.text+0x48): undefined reference to `pthread_create'
/usr/bin/ld: src.c:(.text+0x50): undefined reference to `pthread_detach'
/usr/bin/ld: src.c:(.text+0x5c): undefined reference to `pthread_join'
collect2: error: ld returned 1 exit status
make[1]: *** [CMakeFiles/cmTC_30341.dir/build.make:87: cmTC_30341] Error 1
make[1]: Leaving directory '/root/codes/NST_proj_ws/build/explore_lite/CMakeFiles/CMakeTmp'
make: *** [Makefile:121: cmTC_30341/fast] Error 2


Source file was:
#include <pthread.h>

void* test_func(void* data)
{
  return data;
}

int main(void)
{
  pthread_t thread;
  pthread_create(&thread, NULL, test_func, NULL);
  pthread_detach(thread);
  pthread_join(thread, NULL);
  pthread_atfork(NULL, NULL, NULL);
  pthread_exit(NULL);

  return 0;
}

Determining if the function pthread_create exists in the pthreads failed with the following output:
Change Dir: /root/codes/NST_proj_ws/build/explore_lite/CMakeFiles/CMakeTmp

Run Build Command(s):/usr/bin/make cmTC_52704/fast && /usr/bin/make -f CMakeFiles/cmTC_52704.dir/build.make CMakeFiles/cmTC_52704.dir/build
make[1]: Entering directory '/root/codes/NST_proj_ws/build/explore_lite/CMakeFiles/CMakeTmp'
Building C object CMakeFiles/cmTC_52704.dir/CheckFunctionExists.c.o
/usr/bin/cc   -DCHECK_FUNCTION_EXISTS=pthread_create   -o CMakeFiles/cmTC_52704.dir/CheckFunctionExists.c.o   -c /usr/share/cmake-3.16/Modules/CheckFunctionExists.c
Linking C executable cmTC_52704
/usr/bin/cmake -E cmake_link_script CMakeFiles/cmTC_52704.dir/link.txt --verbose=1
/usr/bin/cc  -DCHECK_FUNCTION_EXISTS=pthread_create    CMakeFiles/cmTC_52704.dir/CheckFunctionExists.c.o  -o cmTC_52704  -lpthreads 
/usr/bin/ld: cannot find -lpthreads
collect2: error: ld returned 1 exit status
make[1]: *** [CMakeFiles/cmTC_52704.dir/build.make:87: cmTC_52704] Error 1
make[1]: Leaving directory '/root/codes/NST_proj_ws/build/explore_lite/CMakeFiles/CMakeTmp'
make: *** [Makefile:121: cmTC_52704/fast] Error 2



