[6.470s] Invoking command in '/root/codes/NST_proj_ws/src/robotics_utils': PYTHONPATH=/root/codes/NST_proj_ws/build/robotics_utils/prefix_override:/root/codes/NST_proj_ws/install/robotics_utils/lib/python3.8/site-packages:${PYTHONPATH} /usr/bin/python3 setup.py egg_info --egg-base ../../build/robotics_utils build --build-base /root/codes/NST_proj_ws/build/robotics_utils/build install --record /root/codes/NST_proj_ws/build/robotics_utils/install.log --single-version-externally-managed
[7.765s] running egg_info
[7.773s] writing ../../build/robotics_utils/robotics_utils.egg-info/PKG-INFO
[7.773s] writing dependency_links to ../../build/robotics_utils/robotics_utils.egg-info/dependency_links.txt
[7.774s] writing entry points to ../../build/robotics_utils/robotics_utils.egg-info/entry_points.txt
[7.775s] writing requirements to ../../build/robotics_utils/robotics_utils.egg-info/requires.txt
[7.775s] writing top-level names to ../../build/robotics_utils/robotics_utils.egg-info/top_level.txt
[7.948s] reading manifest file '../../build/robotics_utils/robotics_utils.egg-info/SOURCES.txt'
[7.952s] writing manifest file '../../build/robotics_utils/robotics_utils.egg-info/SOURCES.txt'
[7.953s] running build
[7.953s] running build_py
[7.954s] running install
[7.958s] running install_lib
[7.965s] running install_data
[7.969s] running install_egg_info
[7.976s] removing '/root/codes/NST_proj_ws/install/robotics_utils/lib/python3.8/site-packages/robotics_utils-0.0.1-py3.8.egg-info' (and everything under it)
[7.977s] Copying ../../build/robotics_utils/robotics_utils.egg-info to /root/codes/NST_proj_ws/install/robotics_utils/lib/python3.8/site-packages/robotics_utils-0.0.1-py3.8.egg-info
[7.981s] running install_scripts
[8.064s] writing list of installed files to '/root/codes/NST_proj_ws/build/robotics_utils/install.log'
[8.197s] Invoked command in '/root/codes/NST_proj_ws/src/robotics_utils' returned '0': PYTHONPATH=/root/codes/NST_proj_ws/build/robotics_utils/prefix_override:/root/codes/NST_proj_ws/install/robotics_utils/lib/python3.8/site-packages:${PYTHONPATH} /usr/bin/python3 setup.py egg_info --egg-base ../../build/robotics_utils build --build-base /root/codes/NST_proj_ws/build/robotics_utils/build install --record /root/codes/NST_proj_ws/build/robotics_utils/install.log --single-version-externally-managed
