/root/codes/NST_proj_ws/install/exit_detection/lib/python3.8/site-packages/exit_detection/__init__.py
/root/codes/NST_proj_ws/install/exit_detection/lib/python3.8/site-packages/exit_detection/danger_exit_detection.py
/root/codes/NST_proj_ws/install/exit_detection/lib/python3.8/site-packages/exit_detection/location_provider.py
/root/codes/NST_proj_ws/install/exit_detection/lib/python3.8/site-packages/exit_detection/wheelodom_tf.py
/root/codes/NST_proj_ws/install/exit_detection/lib/python3.8/site-packages/exit_detection/joy_safety_ctrl.py
/root/codes/NST_proj_ws/install/exit_detection/lib/python3.8/site-packages/exit_detection/safe_exit_detection.py
/root/codes/NST_proj_ws/install/exit_detection/lib/python3.8/site-packages/exit_detection/__pycache__/__init__.cpython-38.pyc
/root/codes/NST_proj_ws/install/exit_detection/lib/python3.8/site-packages/exit_detection/__pycache__/danger_exit_detection.cpython-38.pyc
/root/codes/NST_proj_ws/install/exit_detection/lib/python3.8/site-packages/exit_detection/__pycache__/location_provider.cpython-38.pyc
/root/codes/NST_proj_ws/install/exit_detection/lib/python3.8/site-packages/exit_detection/__pycache__/wheelodom_tf.cpython-38.pyc
/root/codes/NST_proj_ws/install/exit_detection/lib/python3.8/site-packages/exit_detection/__pycache__/joy_safety_ctrl.cpython-38.pyc
/root/codes/NST_proj_ws/install/exit_detection/lib/python3.8/site-packages/exit_detection/__pycache__/safe_exit_detection.cpython-38.pyc
/root/codes/NST_proj_ws/install/exit_detection/share/ament_index/resource_index/packages/exit_detection
/root/codes/NST_proj_ws/install/exit_detection/share/exit_detection/package.xml
/root/codes/NST_proj_ws/install/exit_detection/share/exit_detection/launch/location_provider_launch.py
/root/codes/NST_proj_ws/install/exit_detection/share/exit_detection/launch/safe_exit_detection_launch.py
/root/codes/NST_proj_ws/install/exit_detection/share/exit_detection/launch/car_camera_proplus_bringup_launch.py
/root/codes/NST_proj_ws/install/exit_detection/share/exit_detection/launch/exit_detection_launch.py
/root/codes/NST_proj_ws/install/exit_detection/share/exit_detection/launch/danger_exit_detection_launch.py
/root/codes/NST_proj_ws/install/exit_detection/share/exit_detection/config
/root/codes/NST_proj_ws/install/exit_detection/lib/python3.8/site-packages/exit_detection-0.0.1-py3.8.egg-info/PKG-INFO
/root/codes/NST_proj_ws/install/exit_detection/lib/python3.8/site-packages/exit_detection-0.0.1-py3.8.egg-info/top_level.txt
/root/codes/NST_proj_ws/install/exit_detection/lib/python3.8/site-packages/exit_detection-0.0.1-py3.8.egg-info/dependency_links.txt
/root/codes/NST_proj_ws/install/exit_detection/lib/python3.8/site-packages/exit_detection-0.0.1-py3.8.egg-info/entry_points.txt
/root/codes/NST_proj_ws/install/exit_detection/lib/python3.8/site-packages/exit_detection-0.0.1-py3.8.egg-info/requires.txt
/root/codes/NST_proj_ws/install/exit_detection/lib/python3.8/site-packages/exit_detection-0.0.1-py3.8.egg-info/SOURCES.txt
/root/codes/NST_proj_ws/install/exit_detection/lib/exit_detection/danger_exit_detection_node
/root/codes/NST_proj_ws/install/exit_detection/lib/exit_detection/joy_safety_ctrl
/root/codes/NST_proj_ws/install/exit_detection/lib/exit_detection/location_provider_node
/root/codes/NST_proj_ws/install/exit_detection/lib/exit_detection/safe_exit_detection_node
/root/codes/NST_proj_ws/install/exit_detection/lib/exit_detection/wheelodom_tf
